2020-11-17 19:11:09 - Starting training job for model HAN BL
2020-11-17 19:11:09 - Running han bl for full data set
2020-11-17 19:11:09 - Starting training job at 11/17/20 07:11:09
2020-11-17 19:11:09 - Number of Network Parameters is 324043
2020-11-17 19:11:09 - Loading the training data...
2020-11-17 19:19:25 - number of train performances: 709 number of valid perf: 82
2020-11-17 19:19:25 - training sample example [-1.962150341422854, -0.06717901528552674, 1.8699356872077189, 0.13782855458600415, 0.5691738323041352, -0.0476638292090852, -0.6179821514476284, -0.7241930870686905, 0.0, 0.0, 0, 0, 0, -0.5, 1, 0, 0, 0, 0, 0, 0, 0, 0, 0, 0, 0, 0.5, 0, 0, 0, 0, -0.7, 0, 0, 0.3, 0, 1, 0, 1, 0, 0, 0, 1, 0, 0, 0, 0, 0, 1, 0, 0, 0, 0, 1, 0, 0, 0, 0, 0, 0, 0, 0, 0, 0, 0, 0, 0, 0, 0, 0, 0, 0, 0, 0, 0, 0, 0.5, 0]
2020-11-17 19:19:25 - current training step is 0
2020-11-17 22:21:01 - Epoch [1/100], Loss: 0.9042, Tempo: 0.3862, Vel: 0.7180, Deviation: 2.4915, Articulation: 0.9161, Pedal: 0.7763, Trill: 0.0000, KLD: 22.4489
2020-11-17 22:23:21 - Valid Loss= 0.7036 , Tempo: 0.7109, Vel: 0.6982, Deviation: 0.4817, Articulation: 0.8717, Pedal: 0.7110, Trill: 0.0000
2020-11-17 22:23:21 - current training step is 12308
2020-11-18 01:26:26 - Epoch [2/100], Loss: 0.8170, Tempo: 0.2560, Vel: 0.6051, Deviation: 2.4971, Articulation: 0.7029, Pedal: 0.7037, Trill: 0.0000, KLD: 31.5496
2020-11-18 01:28:45 - Valid Loss= 0.6369 , Tempo: 0.4220, Vel: 0.6075, Deviation: 0.4877, Articulation: 0.8027, Pedal: 0.6694, Trill: 0.0000
2020-11-18 01:28:46 - current training step is 24636
2020-11-18 04:30:48 - Epoch [3/100], Loss: 0.7077, Tempo: 0.2126, Vel: 0.5479, Deviation: 1.7625, Articulation: 0.6284, Pedal: 0.6618, Trill: 0.0000, KLD: 35.3678
2020-11-18 04:32:58 - Valid Loss= 0.6308 , Tempo: 0.4403, Vel: 0.5768, Deviation: 0.4751, Articulation: 0.8257, Pedal: 0.6601, Trill: 0.0000
2020-11-18 04:32:58 - current training step is 36936
2020-11-18 07:22:18 - Epoch [4/100], Loss: 0.6541, Tempo: 0.1853, Vel: 0.5187, Deviation: 1.4067, Articulation: 0.5937, Pedal: 0.6415, Trill: 0.0000, KLD: 34.7423
2020-11-18 07:24:30 - Valid Loss= 0.6134 , Tempo: 0.3053, Vel: 0.5839, Deviation: 0.4686, Articulation: 0.7660, Pedal: 0.6605, Trill: 0.0000
2020-11-18 07:24:30 - current training step is 49218
2020-11-18 10:13:59 - Epoch [5/100], Loss: 0.6780, Tempo: 0.1688, Vel: 0.4975, Deviation: 1.8104, Articulation: 0.5699, Pedal: 0.6301, Trill: 0.0000, KLD: 33.0978
2020-11-18 10:16:11 - Valid Loss= 0.6069 , Tempo: 0.2708, Vel: 0.5579, Deviation: 0.4788, Articulation: 0.8328, Pedal: 0.6479, Trill: 0.0000
2020-11-18 10:16:11 - current training step is 61494
2020-11-18 13:05:39 - Epoch [6/100], Loss: 0.6583, Tempo: 0.1564, Vel: 0.4820, Deviation: 1.6966, Articulation: 0.5518, Pedal: 0.6220, Trill: 0.0000, KLD: 31.0912
2020-11-18 13:07:52 - Valid Loss= 0.6056 , Tempo: 0.3056, Vel: 0.5555, Deviation: 0.4975, Articulation: 0.7759, Pedal: 0.6467, Trill: 0.0000
2020-11-18 13:07:52 - current training step is 73788
2020-11-18 16:01:57 - Epoch [7/100], Loss: 0.6886, Tempo: 0.1495, Vel: 0.4691, Deviation: 2.1281, Articulation: 0.5379, Pedal: 0.6127, Trill: 0.0000, KLD: 27.7063
2020-11-18 16:04:14 - Valid Loss= 0.6139 , Tempo: 0.3059, Vel: 0.5792, Deviation: 0.4977, Articulation: 0.7534, Pedal: 0.6594, Trill: 0.0000
2020-11-18 16:04:14 - current training step is 86058
2020-11-18 19:10:56 - Epoch [8/100], Loss: 0.6820, Tempo: 0.1430, Vel: 0.4606, Deviation: 2.1312, Articulation: 0.5261, Pedal: 0.6056, Trill: 0.0000, KLD: 22.4762
2020-11-18 19:13:26 - Valid Loss= 0.6055 , Tempo: 0.2971, Vel: 0.5321, Deviation: 0.5005, Articulation: 0.7588, Pedal: 0.6529, Trill: 0.0000
2020-11-18 19:13:26 - current training step is 98420
2020-11-18 22:18:30 - Epoch [9/100], Loss: 0.6122, Tempo: 0.1358, Vel: 0.4526, Deviation: 1.4259, Articulation: 0.5166, Pedal: 0.6003, Trill: 0.0000, KLD: 18.1768
2020-11-18 22:20:46 - Valid Loss= 0.6086 , Tempo: 0.3293, Vel: 0.5517, Deviation: 0.4915, Articulation: 0.7922, Pedal: 0.6468, Trill: 0.0000
2020-11-18 22:20:47 - current training step is 110726
2020-11-19 01:27:46 - Epoch [10/100], Loss: 0.6496, Tempo: 0.1338, Vel: 0.4474, Deviation: 1.8733, Articulation: 0.5085, Pedal: 0.5972, Trill: 0.0000, KLD: 14.0047
2020-11-19 01:30:11 - Valid Loss= 0.6119 , Tempo: 0.3835, Vel: 0.5635, Deviation: 0.5090, Articulation: 0.7722, Pedal: 0.6429, Trill: 0.0000
2020-11-19 01:30:12 - current training step is 123014
2020-11-19 04:35:53 - Epoch [11/100], Loss: 0.6741, Tempo: 0.1304, Vel: 0.4412, Deviation: 2.1704, Articulation: 0.5039, Pedal: 0.5950, Trill: 0.0000, KLD: 10.7171
2020-11-19 04:38:11 - Valid Loss= 0.6036 , Tempo: 0.3113, Vel: 0.5495, Deviation: 0.4867, Articulation: 0.7507, Pedal: 0.6482, Trill: 0.0000
2020-11-19 04:38:11 - current training step is 135328
2020-11-19 07:36:01 - Epoch [12/100], Loss: 0.6410, Tempo: 0.1275, Vel: 0.4388, Deviation: 1.8257, Articulation: 0.4970, Pedal: 0.5938, Trill: 0.0000, KLD: 8.0608
2020-11-19 07:38:16 - Valid Loss= 0.6060 , Tempo: 0.3287, Vel: 0.5294, Deviation: 0.5074, Articulation: 0.7721, Pedal: 0.6462, Trill: 0.0000
2020-11-19 07:38:16 - current training step is 147636
2020-11-19 10:37:31 - Epoch [13/100], Loss: 0.5996, Tempo: 0.1251, Vel: 0.4346, Deviation: 1.3982, Articulation: 0.4931, Pedal: 0.5912, Trill: 0.0000, KLD: 6.1297
2020-11-19 10:39:47 - Valid Loss= 0.6240 , Tempo: 0.3784, Vel: 0.5376, Deviation: 0.5077, Articulation: 0.8086, Pedal: 0.6608, Trill: 0.0000
2020-11-19 10:39:47 - current training step is 159918
2020-11-19 13:36:52 - Epoch [14/100], Loss: 0.6489, Tempo: 0.1236, Vel: 0.4317, Deviation: 1.9614, Articulation: 0.4891, Pedal: 0.5892, Trill: 0.0000, KLD: 4.5547
2020-11-19 13:39:15 - Valid Loss= 0.6134 , Tempo: 0.2767, Vel: 0.5679, Deviation: 0.4852, Articulation: 0.7890, Pedal: 0.6602, Trill: 0.0000
2020-11-19 13:39:15 - current training step is 172190
2020-11-19 16:42:44 - Epoch [15/100], Loss: 0.5857, Tempo: 0.1208, Vel: 0.4269, Deviation: 1.2865, Articulation: 0.4862, Pedal: 0.5877, Trill: 0.0000, KLD: 3.2415
2020-11-19 16:45:07 - Valid Loss= 0.6243 , Tempo: 0.3327, Vel: 0.5401, Deviation: 0.5456, Articulation: 0.8084, Pedal: 0.6617, Trill: 0.0000
2020-11-19 16:45:07 - current training step is 184528
2020-11-19 19:41:35 - Epoch [16/100], Loss: 0.6418, Tempo: 0.1207, Vel: 0.4266, Deviation: 1.9111, Articulation: 0.4824, Pedal: 0.5872, Trill: 0.0000, KLD: 2.6055
2020-11-19 19:43:49 - Valid Loss= 0.6126 , Tempo: 0.3455, Vel: 0.5488, Deviation: 0.4936, Articulation: 0.7702, Pedal: 0.6528, Trill: 0.0000
2020-11-19 19:43:50 - current training step is 196876
2020-11-19 22:35:12 - Epoch [17/100], Loss: 0.5730, Tempo: 0.1186, Vel: 0.4234, Deviation: 1.1521, Articulation: 0.4788, Pedal: 0.5885, Trill: 0.0000, KLD: 2.2697
2020-11-19 22:37:29 - Valid Loss= 0.6225 , Tempo: 0.3480, Vel: 0.5548, Deviation: 0.5242, Articulation: 0.7714, Pedal: 0.6625, Trill: 0.0000
2020-11-19 22:37:29 - current training step is 209174
2020-11-20 01:28:56 - Epoch [18/100], Loss: 0.5958, Tempo: 0.1168, Vel: 0.4222, Deviation: 1.4084, Articulation: 0.4755, Pedal: 0.5886, Trill: 0.0000, KLD: 2.0350
2020-11-20 01:31:10 - Valid Loss= 0.6120 , Tempo: 0.2967, Vel: 0.5277, Deviation: 0.5180, Articulation: 0.7558, Pedal: 0.6603, Trill: 0.0000
2020-11-20 01:31:11 - current training step is 221466
2020-11-20 04:21:10 - Epoch [19/100], Loss: 0.6631, Tempo: 0.1171, Vel: 0.4195, Deviation: 2.1452, Articulation: 0.4751, Pedal: 0.5896, Trill: 0.0000, KLD: 1.8846
2020-11-20 04:23:26 - Valid Loss= 0.6181 , Tempo: 0.3263, Vel: 0.5938, Deviation: 0.4874, Articulation: 0.7609, Pedal: 0.6596, Trill: 0.0000
2020-11-20 04:23:26 - current training step is 233782
2020-11-20 07:18:10 - Epoch [20/100], Loss: 0.6509, Tempo: 0.1163, Vel: 0.4201, Deviation: 2.0150, Articulation: 0.4741, Pedal: 0.5891, Trill: 0.0000, KLD: 1.7997
2020-11-20 07:20:24 - Valid Loss= 0.6184 , Tempo: 0.3186, Vel: 0.5630, Deviation: 0.5150, Articulation: 0.7492, Pedal: 0.6632, Trill: 0.0000
2020-11-20 07:20:24 - current training step is 246074
2020-11-20 10:27:23 - Epoch [21/100], Loss: 0.5655, Tempo: 0.1156, Vel: 0.4170, Deviation: 1.0916, Articulation: 0.4709, Pedal: 0.5878, Trill: 0.0000, KLD: 1.7253
2020-11-20 10:30:11 - Valid Loss= 0.6195 , Tempo: 0.3133, Vel: 0.5559, Deviation: 0.5279, Articulation: 0.7684, Pedal: 0.6625, Trill: 0.0000
2020-11-20 10:30:11 - current training step is 258398
2020-11-20 14:05:46 - Epoch [22/100], Loss: 0.6147, Tempo: 0.1129, Vel: 0.4154, Deviation: 1.6333, Articulation: 0.4690, Pedal: 0.5887, Trill: 0.0000, KLD: 1.6795
2020-11-20 14:08:02 - Valid Loss= 0.6169 , Tempo: 0.3215, Vel: 0.5516, Deviation: 0.5090, Articulation: 0.7723, Pedal: 0.6595, Trill: 0.0000
2020-11-20 14:08:02 - current training step is 270668
2020-11-20 17:03:16 - Epoch [23/100], Loss: 0.5694, Tempo: 0.1130, Vel: 0.4145, Deviation: 1.1338, Articulation: 0.4680, Pedal: 0.5891, Trill: 0.0000, KLD: 1.6552
2020-11-20 17:05:31 - Valid Loss= 0.6225 , Tempo: 0.3343, Vel: 0.5355, Deviation: 0.5178, Articulation: 0.7753, Pedal: 0.6675, Trill: 0.0000
2020-11-20 17:05:31 - current training step is 282974
2020-11-20 20:01:54 - Epoch [24/100], Loss: 0.6628, Tempo: 0.1135, Vel: 0.4137, Deviation: 2.1782, Articulation: 0.4675, Pedal: 0.5869, Trill: 0.0000, KLD: 1.6399
2020-11-20 20:04:12 - Valid Loss= 0.6319 , Tempo: 0.3981, Vel: 0.5577, Deviation: 0.5193, Articulation: 0.7692, Pedal: 0.6706, Trill: 0.0000
2020-11-20 20:04:12 - current training step is 295284
2020-11-20 23:00:33 - Epoch [25/100], Loss: 0.5886, Tempo: 0.1114, Vel: 0.4129, Deviation: 1.3580, Articulation: 0.4648, Pedal: 0.5881, Trill: 0.0000, KLD: 1.6253
2020-11-20 23:02:50 - Valid Loss= 0.6334 , Tempo: 0.3724, Vel: 0.5544, Deviation: 0.5403, Articulation: 0.7694, Pedal: 0.6741, Trill: 0.0000
2020-11-20 23:02:51 - current training step is 307584
2020-11-21 01:56:09 - Epoch [26/100], Loss: 0.5663, Tempo: 0.1105, Vel: 0.4117, Deviation: 1.1225, Articulation: 0.4648, Pedal: 0.5870, Trill: 0.0000, KLD: 1.6281
2020-11-21 01:58:25 - Valid Loss= 0.6287 , Tempo: 0.3219, Vel: 0.5396, Deviation: 0.5214, Articulation: 0.7541, Pedal: 0.6807, Trill: 0.0000
2020-11-21 01:58:25 - current training step is 319912
2020-11-21 04:54:01 - Epoch [27/100], Loss: 0.5824, Tempo: 0.1101, Vel: 0.4113, Deviation: 1.3199, Articulation: 0.4604, Pedal: 0.5849, Trill: 0.0000, KLD: 1.6398
2020-11-21 04:56:18 - Valid Loss= 0.6263 , Tempo: 0.3735, Vel: 0.5583, Deviation: 0.4979, Articulation: 0.7643, Pedal: 0.6691, Trill: 0.0000
2020-11-21 04:56:18 - current training step is 332206
2020-11-21 07:52:09 - Epoch [28/100], Loss: 0.6055, Tempo: 0.1102, Vel: 0.4096, Deviation: 1.5732, Articulation: 0.4607, Pedal: 0.5852, Trill: 0.0000, KLD: 1.6235
2020-11-21 07:54:23 - Valid Loss= 0.6358 , Tempo: 0.3391, Vel: 0.5473, Deviation: 0.4995, Articulation: 0.7873, Pedal: 0.6870, Trill: 0.0000
2020-11-21 07:54:23 - current training step is 344502
2020-11-21 10:49:25 - Epoch [29/100], Loss: 0.6220, Tempo: 0.1098, Vel: 0.4087, Deviation: 1.7526, Articulation: 0.4602, Pedal: 0.5858, Trill: 0.0000, KLD: 1.6215
2020-11-21 10:51:44 - Valid Loss= 0.6339 , Tempo: 0.3308, Vel: 0.5958, Deviation: 0.5222, Articulation: 0.7708, Pedal: 0.6773, Trill: 0.0000
2020-11-21 10:51:44 - current training step is 356782
2020-11-21 13:54:04 - Epoch [30/100], Loss: 0.5816, Tempo: 0.1089, Vel: 0.4081, Deviation: 1.3336, Articulation: 0.4611, Pedal: 0.5822, Trill: 0.0000, KLD: 1.5991
2020-11-21 13:56:27 - Valid Loss= 0.6253 , Tempo: 0.3555, Vel: 0.5451, Deviation: 0.5060, Articulation: 0.7719, Pedal: 0.6695, Trill: 0.0000
2020-11-21 13:56:27 - current training step is 369128
2020-11-21 16:59:12 - Epoch [31/100], Loss: 0.5790, Tempo: 0.1078, Vel: 0.4067, Deviation: 1.3040, Articulation: 0.4581, Pedal: 0.5831, Trill: 0.0000, KLD: 1.5934
2020-11-21 17:01:27 - Valid Loss= 0.6194 , Tempo: 0.2951, Vel: 0.5349, Deviation: 0.5045, Articulation: 0.7863, Pedal: 0.6682, Trill: 0.0000
2020-11-21 17:01:27 - current training step is 381442
2020-11-21 20:07:36 - Epoch [32/100], Loss: 0.5993, Tempo: 0.1083, Vel: 0.4063, Deviation: 1.5283, Articulation: 0.4576, Pedal: 0.5831, Trill: 0.0000, KLD: 1.5883
2020-11-21 20:09:58 - Valid Loss= 0.6289 , Tempo: 0.3063, Vel: 0.5822, Deviation: 0.5144, Articulation: 0.7886, Pedal: 0.6736, Trill: 0.0000
2020-11-21 20:09:58 - current training step is 393744
2020-11-21 23:10:43 - Epoch [33/100], Loss: 0.5750, Tempo: 0.1079, Vel: 0.4059, Deviation: 1.2586, Articulation: 0.4560, Pedal: 0.5837, Trill: 0.0000, KLD: 1.5990
2020-11-21 23:13:05 - Valid Loss= 0.6343 , Tempo: 0.3325, Vel: 0.5495, Deviation: 0.5187, Articulation: 0.7875, Pedal: 0.6822, Trill: 0.0000
2020-11-21 23:13:05 - current training step is 406052
2020-11-22 02:33:11 - Epoch [34/100], Loss: 0.6621, Tempo: 0.1077, Vel: 0.4050, Deviation: 2.2200, Articulation: 0.4557, Pedal: 0.5836, Trill: 0.0000, KLD: 1.5743
2020-11-22 02:35:29 - Valid Loss= 0.6277 , Tempo: 0.3205, Vel: 0.6002, Deviation: 0.5071, Articulation: 0.7709, Pedal: 0.6704, Trill: 0.0000
2020-11-22 02:35:29 - current training step is 418350
2020-11-22 05:31:34 - Epoch [35/100], Loss: 0.6072, Tempo: 0.1070, Vel: 0.4043, Deviation: 1.6289, Articulation: 0.4546, Pedal: 0.5821, Trill: 0.0000, KLD: 1.5718
2020-11-22 05:33:50 - Valid Loss= 0.6300 , Tempo: 0.3383, Vel: 0.5553, Deviation: 0.5252, Articulation: 0.7644, Pedal: 0.6765, Trill: 0.0000
2020-11-22 05:33:50 - current training step is 430636
2020-11-22 08:28:44 - Epoch [36/100], Loss: 0.5996, Tempo: 0.1062, Vel: 0.4037, Deviation: 1.5548, Articulation: 0.4539, Pedal: 0.5810, Trill: 0.0000, KLD: 1.5977
2020-11-22 08:31:05 - Valid Loss= 0.6306 , Tempo: 0.3434, Vel: 0.5298, Deviation: 0.5365, Articulation: 0.7653, Pedal: 0.6786, Trill: 0.0000
2020-11-22 08:31:05 - current training step is 442952
2020-11-22 11:26:54 - Epoch [37/100], Loss: 0.6151, Tempo: 0.1060, Vel: 0.4032, Deviation: 1.7244, Articulation: 0.4542, Pedal: 0.5812, Trill: 0.0000, KLD: 1.5984
2020-11-22 11:29:15 - Valid Loss= 0.6229 , Tempo: 0.3057, Vel: 0.5500, Deviation: 0.5043, Articulation: 0.7792, Pedal: 0.6716, Trill: 0.0000
2020-11-22 11:29:16 - current training step is 455246
2020-11-22 14:25:15 - Epoch [38/100], Loss: 0.5783, Tempo: 0.1055, Vel: 0.4032, Deviation: 1.3390, Articulation: 0.4521, Pedal: 0.5788, Trill: 0.0000, KLD: 1.6027
2020-11-22 14:27:31 - Valid Loss= 0.6284 , Tempo: 0.3721, Vel: 0.5544, Deviation: 0.5502, Articulation: 0.8047, Pedal: 0.6597, Trill: 0.0000
2020-11-22 14:27:31 - current training step is 467554
2020-11-22 17:23:35 - Epoch [39/100], Loss: 0.5836, Tempo: 0.1056, Vel: 0.4019, Deviation: 1.3978, Articulation: 0.4517, Pedal: 0.5790, Trill: 0.0000, KLD: 1.5976
2020-11-22 17:25:50 - Valid Loss= 0.6265 , Tempo: 0.3208, Vel: 0.5694, Deviation: 0.5147, Articulation: 0.7531, Pedal: 0.6744, Trill: 0.0000
2020-11-22 17:25:50 - current training step is 479898
2020-11-22 20:22:41 - Epoch [40/100], Loss: 0.5525, Tempo: 0.1064, Vel: 0.4026, Deviation: 1.0541, Articulation: 0.4508, Pedal: 0.5791, Trill: 0.0000, KLD: 1.5760
2020-11-22 20:25:00 - Valid Loss= 0.6341 , Tempo: 0.3621, Vel: 0.5387, Deviation: 0.5351, Articulation: 0.7828, Pedal: 0.6778, Trill: 0.0000
2020-11-22 20:25:01 - current training step is 492194
2020-11-22 23:40:43 - Epoch [41/100], Loss: 0.5663, Tempo: 0.1070, Vel: 0.4015, Deviation: 1.2120, Articulation: 0.4501, Pedal: 0.5784, Trill: 0.0000, KLD: 1.5905
2020-11-22 23:42:58 - Valid Loss= 0.6367 , Tempo: 0.3750, Vel: 0.5335, Deviation: 0.5220, Articulation: 0.7716, Pedal: 0.6844, Trill: 0.0000
2020-11-22 23:42:59 - current training step is 504466
2020-11-23 02:39:18 - Epoch [42/100], Loss: 0.5578, Tempo: 0.1048, Vel: 0.4024, Deviation: 1.1177, Articulation: 0.4506, Pedal: 0.5786, Trill: 0.0000, KLD: 1.5923
2020-11-23 02:41:33 - Valid Loss= 0.6326 , Tempo: 0.3832, Vel: 0.5639, Deviation: 0.5494, Articulation: 0.7536, Pedal: 0.6709, Trill: 0.0000
2020-11-23 02:41:33 - current training step is 516790
2020-11-23 05:37:04 - Epoch [43/100], Loss: 0.6236, Tempo: 0.1056, Vel: 0.4006, Deviation: 1.8386, Articulation: 0.4482, Pedal: 0.5796, Trill: 0.0000, KLD: 1.5876
2020-11-23 05:39:21 - Valid Loss= 0.6251 , Tempo: 0.3380, Vel: 0.5370, Deviation: 0.5140, Articulation: 0.7664, Pedal: 0.6727, Trill: 0.0000
2020-11-23 05:39:22 - current training step is 529090
2020-11-23 08:35:00 - Epoch [44/100], Loss: 0.5676, Tempo: 0.1044, Vel: 0.4008, Deviation: 1.2362, Articulation: 0.4495, Pedal: 0.5775, Trill: 0.0000, KLD: 1.6003
2020-11-23 08:37:17 - Valid Loss= 0.6388 , Tempo: 0.3345, Vel: 0.5830, Deviation: 0.5056, Articulation: 0.7690, Pedal: 0.6885, Trill: 0.0000
2020-11-23 08:37:17 - current training step is 541422
