2020-10-31 15:11:28 - Loading the training data
2020-10-31 15:22:40 - number of train performances: 709 number of valid perf: 82
2020-10-31 15:22:40 - training sample example: [-1.962150341422854, -0.06717901528552674, 1.8699356872077189, 0.13782855458600415, 0.5691738323041352, -0.0476638292090852, -0.6179821514476284, -0.7241930870686905, 0.0, 0.0, 0, 0, 0, -0.5, 1, 0, 0, 0, 0, 0, 0, 0, 0, 0, 0, 0, 0.5, 0, 0, 0, 0, -0.7, 0, 0, 0.3, 0, 1, 0, 1, 0, 0, 0, 1, 0, 0, 0, 0, 0, 1, 0, 0, 0, 0, 1, 0, 0, 0, 0, 0, 0, 0, 0, 0, 0, 0, 0, 0, 0, 0, 0, 0, 0, 0, 0, 0, 0, 0.5, 0]
2020-10-31 15:22:44 - STARTING TRANSFORMER ENCODER ONLY TRAINING VERSION 0.2 JOB AT 50 EPOCHS FOR DEV DATA SET
2020-10-31 15:22:45 - Training Epoch 1
2020-10-31 15:22:45 - 
2020-10-31 15:35:30 - Training Loss
2020-10-31 15:35:30 - Total Loss: 1.1673031200097796
2020-10-31 15:35:30 - 	tempo: 0.8879 vel: 1.177 dev: 1.752 articul: 1.178 pedal: 1.121 trill: 0.0 kld: nan 
2020-10-31 15:35:30 - 
2020-10-31 15:35:36 - Validation loss
2020-10-31 15:35:36 - Total Loss: 1.176466524806516
2020-10-31 15:35:36 - 	tempo: 1.262 vel: 0.8424 dev: 0.7809 articul: 1.312 pedal: 1.249 trill: 0.0 kld: nan 
2020-10-31 15:35:36 - 
2020-10-31 15:35:36 - 
2020-10-31 15:35:37 - Training Epoch 2
2020-10-31 15:35:37 - 
2020-10-31 15:47:23 - Training Loss
2020-10-31 15:47:23 - Total Loss: 1.167570591889839
2020-10-31 15:47:23 - 	tempo: 0.8742 vel: 1.184 dev: 1.872 articul: 1.189 pedal: 1.103 trill: 0.0 kld: nan 
2020-10-31 15:47:23 - 
2020-10-31 15:47:29 - Validation loss
2020-10-31 15:47:29 - Total Loss: 1.0183860855545728
2020-10-31 15:47:29 - 	tempo: 1.312 vel: 1.075 dev: 0.8463 articul: 1.049 pedal: 0.9886 trill: 0.0 kld: nan 
2020-10-31 15:47:29 - 
2020-10-31 15:47:29 - 
2020-10-31 15:47:30 - Training Epoch 3
2020-10-31 15:47:30 - 
2020-10-31 15:59:49 - Training Loss
2020-10-31 15:59:49 - Total Loss: 1.2058546199137292
2020-10-31 15:59:49 - 	tempo: 0.8858 vel: 1.181 dev: 2.27 articul: 1.197 pedal: 1.104 trill: 0.0 kld: nan 
2020-10-31 15:59:49 - 
2020-10-31 15:59:56 - Validation loss
2020-10-31 15:59:56 - Total Loss: 1.061226803167113
2020-10-31 15:59:56 - 	tempo: 1.591 vel: 0.8438 dev: 0.8174 articul: 1.218 pedal: 1.029 trill: 0.0 kld: nan 
2020-10-31 15:59:56 - 
2020-10-31 15:59:56 - 
2020-10-31 15:59:57 - Training Epoch 4
2020-10-31 15:59:57 - 
2020-10-31 16:11:26 - Training Loss
2020-10-31 16:11:26 - Total Loss: 1.2132870119848393
2020-10-31 16:11:26 - 	tempo: 0.8689 vel: 1.167 dev: 2.379 articul: 1.204 pedal: 1.104 trill: 0.0 kld: nan 
2020-10-31 16:11:26 - 
2020-10-31 16:11:34 - Validation loss
2020-10-31 16:11:34 - Total Loss: 1.3222917754350554
2020-10-31 16:11:34 - 	tempo: 2.102 vel: 2.279 dev: 0.7994 articul: 1.346 pedal: 1.146 trill: 0.0 kld: nan 
2020-10-31 16:11:34 - 
2020-10-31 16:11:34 - 
2020-10-31 16:11:34 - Training Epoch 5
2020-10-31 16:11:34 - 
2020-10-31 16:23:07 - Training Loss
2020-10-31 16:23:07 - Total Loss: 1.1737361624994311
2020-10-31 16:23:07 - 	tempo: 0.8784 vel: 1.166 dev: 1.971 articul: 1.194 pedal: 1.1 trill: 0.0 kld: nan 
2020-10-31 16:23:07 - 
2020-10-31 16:23:15 - Validation loss
2020-10-31 16:23:15 - Total Loss: 1.1058654438142907
2020-10-31 16:23:15 - 	tempo: 1.881 vel: 0.8399 dev: 0.7558 articul: 1.037 pedal: 1.093 trill: 0.0 kld: nan 
2020-10-31 16:23:15 - 
2020-10-31 16:23:15 - 
2020-10-31 16:23:15 - Training Epoch 6
2020-10-31 16:23:15 - 
2020-10-31 16:35:06 - Training Loss
2020-10-31 16:35:06 - Total Loss: 1.1917041201777705
2020-10-31 16:35:06 - 	tempo: 0.881 vel: 1.177 dev: 2.154 articul: 1.185 pedal: 1.102 trill: 0.0 kld: nan 
2020-10-31 16:35:06 - 
2020-10-31 16:35:13 - Validation loss
2020-10-31 16:35:13 - Total Loss: 1.4412753708927148
2020-10-31 16:35:13 - 	tempo: 4.953 vel: 1.033 dev: 1.25 articul: 1.046 pedal: 1.082 trill: 0.0 kld: nan 
2020-10-31 16:35:13 - 
2020-10-31 16:35:13 - 
2020-10-31 16:35:14 - Training Epoch 7
2020-10-31 16:35:14 - 
2020-10-31 16:46:39 - Training Loss
2020-10-31 16:46:39 - Total Loss: 1.185759464503499
2020-10-31 16:46:39 - 	tempo: 0.8591 vel: 1.178 dev: 2.06 articul: 1.202 pedal: 1.106 trill: 0.0 kld: nan 
2020-10-31 16:46:39 - 
2020-10-31 16:46:46 - Validation loss
2020-10-31 16:46:46 - Total Loss: 1.0181074720518342
2020-10-31 16:46:46 - 	tempo: 1.227 vel: 0.851 dev: 0.7713 articul: 1.085 pedal: 1.038 trill: 0.0 kld: nan 
2020-10-31 16:46:46 - 
2020-10-31 16:46:46 - 
2020-10-31 16:46:46 - Training Epoch 8
2020-10-31 16:46:46 - 
2020-10-31 16:58:16 - Training Loss
2020-10-31 16:58:16 - Total Loss: 1.163445626748478
2020-10-31 16:58:16 - 	tempo: 0.8389 vel: 1.171 dev: 1.883 articul: 1.191 pedal: 1.102 trill: 0.0 kld: nan 
2020-10-31 16:58:16 - 
2020-10-31 16:58:30 - Validation loss
2020-10-31 16:58:30 - Total Loss: 1.0632957624862878
2020-10-31 16:58:30 - 	tempo: 1.839 vel: 0.8396 dev: 0.8149 articul: 1.162 pedal: 1.006 trill: 0.0 kld: nan 
2020-10-31 16:58:30 - 
2020-10-31 16:58:30 - 
2020-10-31 16:58:30 - Training Epoch 9
2020-10-31 16:58:30 - 
2020-10-31 17:10:39 - Training Loss
2020-10-31 17:10:39 - Total Loss: 1.2247082233805295
2020-10-31 17:10:39 - 	tempo: 0.904 vel: 1.18 dev: 2.449 articul: 1.196 pedal: 1.106 trill: 0.0 kld: nan 
2020-10-31 17:10:39 - 
2020-10-31 17:10:47 - Validation loss
2020-10-31 17:10:47 - Total Loss: 1.3521985698323762
2020-10-31 17:10:47 - 	tempo: 3.395 vel: 0.9612 dev: 0.9101 articul: 1.066 pedal: 1.22 trill: 0.0 kld: nan 
2020-10-31 17:10:47 - 
2020-10-31 17:10:47 - 
2020-10-31 17:10:47 - Training Epoch 10
2020-10-31 17:10:47 - 
2020-10-31 17:22:20 - Training Loss
2020-10-31 17:22:20 - Total Loss: 1.170539255481523
2020-10-31 17:22:20 - 	tempo: 0.8896 vel: 1.182 dev: 1.842 articul: 1.197 pedal: 1.109 trill: 0.0 kld: nan 
2020-10-31 17:22:20 - 
2020-10-31 17:22:28 - Validation loss
2020-10-31 17:22:28 - Total Loss: 1.3750579880992162
2020-10-31 17:22:28 - 	tempo: 3.607 vel: 0.9107 dev: 0.7917 articul: 1.037 pedal: 1.254 trill: 0.0 kld: nan 
2020-10-31 17:22:28 - 
2020-10-31 17:22:28 - 
2020-10-31 17:22:28 - Training Epoch 11
2020-10-31 17:22:28 - 
2020-10-31 17:33:51 - Training Loss
2020-10-31 17:33:51 - Total Loss: 1.2001787603850067
2020-10-31 17:33:51 - 	tempo: 0.8666 vel: 1.15 dev: 2.31 articul: 1.187 pedal: 1.098 trill: 0.0 kld: nan 
2020-10-31 17:33:51 - 
2020-10-31 17:33:57 - Validation loss
2020-10-31 17:33:57 - Total Loss: 1.002721668461449
2020-10-31 17:33:57 - 	tempo: 1.338 vel: 0.9061 dev: 0.7759 articul: 1.092 pedal: 0.9884 trill: 0.0 kld: nan 
2020-10-31 17:33:57 - 
2020-10-31 17:33:57 - 
2020-10-31 17:33:58 - Training Epoch 12
2020-10-31 17:33:58 - 
2020-10-31 17:45:38 - Training Loss
2020-10-31 17:45:38 - Total Loss: 1.15266581246011
2020-10-31 17:45:38 - 	tempo: 0.8744 vel: 1.171 dev: 1.717 articul: 1.188 pedal: 1.104 trill: 0.0 kld: nan 
2020-10-31 17:45:38 - 
2020-10-31 17:45:46 - Validation loss
2020-10-31 17:45:46 - Total Loss: 1.029277424307262
2020-10-31 17:45:46 - 	tempo: 1.27 vel: 0.9365 dev: 1.019 articul: 1.043 pedal: 1.008 trill: 0.0 kld: nan 
2020-10-31 17:45:46 - 
2020-10-31 17:45:46 - 
2020-10-31 17:45:46 - Training Epoch 13
2020-10-31 17:45:46 - 
2020-10-31 17:58:37 - Training Loss
2020-10-31 17:58:37 - Total Loss: 1.1867542840803826
2020-10-31 17:58:37 - 	tempo: 0.8803 vel: 1.19 dev: 2.074 articul: 1.185 pedal: 1.104 trill: 0.0 kld: nan 
2020-10-31 17:58:37 - 
2020-10-31 17:58:45 - Validation loss
2020-10-31 17:58:45 - Total Loss: 1.0691374588964715
2020-10-31 17:58:45 - 	tempo: 1.358 vel: 1.149 dev: 0.8412 articul: 1.072 pedal: 1.049 trill: 0.0 kld: nan 
2020-10-31 17:58:45 - 
2020-10-31 17:58:45 - 
2020-10-31 17:58:45 - Training Epoch 14
2020-10-31 17:58:45 - 
2020-10-31 18:11:41 - Training Loss
2020-10-31 18:11:41 - Total Loss: 1.157774736083206
2020-10-31 18:11:41 - 	tempo: 0.8666 vel: 1.175 dev: 1.772 articul: 1.196 pedal: 1.104 trill: 0.0 kld: nan 
2020-10-31 18:11:41 - 
2020-10-31 18:11:49 - Validation loss
2020-10-31 18:11:49 - Total Loss: 1.1412162056549844
2020-10-31 18:11:49 - 	tempo: 1.202 vel: 0.9472 dev: 0.8031 articul: 1.132 pedal: 1.21 trill: 0.0 kld: nan 
2020-10-31 18:11:49 - 
2020-10-31 18:11:49 - 
2020-10-31 18:11:49 - Training Epoch 15
2020-10-31 18:11:49 - 
2020-10-31 18:25:08 - Training Loss
2020-10-31 18:25:08 - Total Loss: 1.1887881826937559
2020-10-31 18:25:08 - 	tempo: 0.8712 vel: 1.175 dev: 2.127 articul: 1.185 pedal: 1.103 trill: 0.0 kld: nan 
2020-10-31 18:25:08 - 
2020-10-31 18:25:17 - Validation loss
2020-10-31 18:25:17 - Total Loss: 1.144190146090233
2020-10-31 18:25:17 - 	tempo: 2.64 vel: 0.8502 dev: 0.8473 articul: 1.129 pedal: 1.017 trill: 0.0 kld: nan 
2020-10-31 18:25:17 - 
2020-10-31 18:25:17 - 
2020-10-31 18:25:17 - Training Epoch 16
2020-10-31 18:25:17 - 
2020-10-31 18:38:30 - Training Loss
2020-10-31 18:38:30 - Total Loss: 1.2287630958308995
2020-10-31 18:38:30 - 	tempo: 0.8802 vel: 1.178 dev: 2.511 articul: 1.195 pedal: 1.107 trill: 0.0 kld: nan 
2020-10-31 18:38:30 - 
2020-10-31 18:38:38 - Validation loss
2020-10-31 18:38:38 - Total Loss: 1.2520717530414975
2020-10-31 18:38:38 - 	tempo: 2.371 vel: 0.8383 dev: 0.7653 articul: 1.064 pedal: 1.248 trill: 0.0 kld: nan 
2020-10-31 18:38:38 - 
2020-10-31 18:38:38 - 
2020-10-31 18:38:38 - Training Epoch 17
2020-10-31 18:38:38 - 
2020-10-31 18:50:50 - Training Loss
2020-10-31 18:50:50 - Total Loss: 1.1869629977966787
2020-10-31 18:50:50 - 	tempo: 0.9139 vel: 1.174 dev: 2.015 articul: 1.186 pedal: 1.11 trill: 0.0 kld: nan 
2020-10-31 18:50:50 - 
2020-10-31 18:50:59 - Validation loss
2020-10-31 18:50:59 - Total Loss: 1.2502812824837148
2020-10-31 18:50:59 - 	tempo: 2.021 vel: 0.8409 dev: 1.065 articul: 1.311 pedal: 1.216 trill: 0.0 kld: nan 
2020-10-31 18:50:59 - 
2020-10-31 18:50:59 - 
2020-10-31 18:50:59 - Training Epoch 18
2020-10-31 18:50:59 - 
2020-10-31 19:03:24 - Training Loss
2020-10-31 19:03:24 - Total Loss: 1.1487196701491271
2020-10-31 19:03:24 - 	tempo: 0.8739 vel: 1.182 dev: 1.672 articul: 1.18 pedal: 1.104 trill: 0.0 kld: nan 
2020-10-31 19:03:24 - 
2020-10-31 19:03:32 - Validation loss
2020-10-31 19:03:32 - Total Loss: 1.0997616406978201
2020-10-31 19:03:32 - 	tempo: 1.395 vel: 0.8994 dev: 0.891 articul: 1.837 pedal: 1.011 trill: 0.0 kld: nan 
2020-10-31 19:03:32 - 
2020-10-31 19:03:32 - 
2020-10-31 19:03:33 - Training Epoch 19
2020-10-31 19:03:33 - 
2020-10-31 19:15:32 - Training Loss
2020-10-31 19:15:32 - Total Loss: 1.1892195857667904
2020-10-31 19:15:32 - 	tempo: 0.8808 vel: 1.165 dev: 2.07 articul: 1.193 pedal: 1.11 trill: 0.0 kld: nan 
2020-10-31 19:15:32 - 
2020-10-31 19:15:39 - Validation loss
2020-10-31 19:15:39 - Total Loss: 1.123629890982937
2020-10-31 19:15:39 - 	tempo: 2.21 vel: 0.9048 dev: 0.7587 articul: 1.064 pedal: 1.06 trill: 0.0 kld: nan 
2020-10-31 19:15:39 - 
2020-10-31 19:15:39 - 
2020-10-31 19:15:39 - Training Epoch 20
2020-10-31 19:15:39 - 
2020-10-31 19:27:01 - Training Loss
2020-10-31 19:27:01 - Total Loss: 1.1746513969384713
2020-10-31 19:27:01 - 	tempo: 0.8418 vel: 1.167 dev: 2.018 articul: 1.201 pedal: 1.099 trill: 0.0 kld: nan 
2020-10-31 19:27:01 - 
2020-10-31 19:27:08 - Validation loss
2020-10-31 19:27:08 - Total Loss: 1.0938269247780887
2020-10-31 19:27:08 - 	tempo: 1.769 vel: 0.8375 dev: 0.8692 articul: 1.256 pedal: 1.043 trill: 0.0 kld: nan 
2020-10-31 19:27:08 - 
2020-10-31 19:27:08 - 
2020-10-31 19:27:08 - Training Epoch 21
2020-10-31 19:27:08 - 
2020-10-31 19:38:52 - Training Loss
2020-10-31 19:38:52 - Total Loss: 1.2002142610087105
2020-10-31 19:38:52 - 	tempo: 0.8952 vel: 1.179 dev: 2.206 articul: 1.188 pedal: 1.105 trill: 0.0 kld: nan 
2020-10-31 19:38:52 - 
2020-10-31 19:39:00 - Validation loss
2020-10-31 19:39:00 - Total Loss: 1.0880334580416524
2020-10-31 19:39:00 - 	tempo: 1.328 vel: 0.8428 dev: 0.9394 articul: 1.085 pedal: 1.11 trill: 0.0 kld: nan 
2020-10-31 19:39:00 - 
2020-10-31 19:39:00 - 
2020-10-31 19:39:00 - Training Epoch 22
2020-10-31 19:39:00 - 
2020-10-31 19:51:19 - Training Loss
2020-10-31 19:51:19 - Total Loss: 1.1566945658417322
2020-10-31 19:51:19 - 	tempo: 0.8985 vel: 1.184 dev: 1.718 articul: 1.192 pedal: 1.104 trill: 0.0 kld: nan 
2020-10-31 19:51:19 - 
2020-10-31 19:51:32 - Validation loss
2020-10-31 19:51:32 - Total Loss: 1.3201617703956812
2020-10-31 19:51:32 - 	tempo: 3.429 vel: 1.386 dev: 0.9272 articul: 1.08 pedal: 1.1 trill: 0.0 kld: nan 
2020-10-31 19:51:32 - 
2020-10-31 19:51:32 - 
2020-10-31 19:51:33 - Training Epoch 23
2020-10-31 19:51:33 - 
2020-10-31 20:03:24 - Training Loss
2020-10-31 20:03:24 - Total Loss: 1.1981883298466856
2020-10-31 20:03:24 - 	tempo: 0.8726 vel: 1.171 dev: 2.218 articul: 1.2 pedal: 1.103 trill: 0.0 kld: nan 
2020-10-31 20:03:24 - 
2020-10-31 20:03:34 - Validation loss
2020-10-31 20:03:34 - Total Loss: 1.3115266805485741
2020-10-31 20:03:34 - 	tempo: 3.467 vel: 0.8496 dev: 0.9371 articul: 1.349 pedal: 1.118 trill: 0.0 kld: nan 
2020-10-31 20:03:34 - 
2020-10-31 20:03:34 - 
2020-10-31 20:03:34 - Training Epoch 24
2020-10-31 20:03:34 - 
2020-10-31 20:15:34 - Training Loss
2020-10-31 20:15:34 - Total Loss: 1.1811609414873865
2020-10-31 20:15:34 - 	tempo: 0.8799 vel: 1.188 dev: 1.954 articul: 1.203 pedal: 1.11 trill: 0.0 kld: nan 
2020-10-31 20:15:34 - 
2020-10-31 20:15:41 - Validation loss
2020-10-31 20:15:41 - Total Loss: 1.0610010439075555
2020-10-31 20:15:41 - 	tempo: 1.239 vel: 1.035 dev: 0.7647 articul: 1.059 pedal: 1.082 trill: 0.0 kld: nan 
2020-10-31 20:15:41 - 
2020-10-31 20:15:41 - 
2020-10-31 20:15:41 - Training Epoch 25
2020-10-31 20:15:41 - 
2020-10-31 20:27:45 - Training Loss
2020-10-31 20:27:45 - Total Loss: 1.1779301576395038
2020-10-31 20:27:45 - 	tempo: 0.8551 vel: 1.175 dev: 2.058 articul: 1.188 pedal: 1.097 trill: 0.0 kld: nan 
2020-10-31 20:27:45 - 
2020-10-31 20:27:52 - Validation loss
2020-10-31 20:27:52 - Total Loss: 1.1132744537345294
2020-10-31 20:27:52 - 	tempo: 1.474 vel: 0.8662 dev: 0.7766 articul: 1.164 pedal: 1.138 trill: 0.0 kld: nan 
2020-10-31 20:27:52 - 
2020-10-31 20:27:52 - 
2020-10-31 20:27:52 - Training Epoch 26
2020-10-31 20:27:52 - 
2020-10-31 20:39:46 - Training Loss
2020-10-31 20:39:46 - Total Loss: 1.209583344533471
2020-10-31 20:39:46 - 	tempo: 0.8633 vel: 1.172 dev: 2.375 articul: 1.182 pedal: 1.102 trill: 0.0 kld: nan 
2020-10-31 20:39:46 - 
2020-10-31 20:39:54 - Validation loss
2020-10-31 20:39:54 - Total Loss: 1.1715525384109045
2020-10-31 20:39:54 - 	tempo: 2.519 vel: 0.8467 dev: 0.8106 articul: 1.139 pedal: 1.082 trill: 0.0 kld: nan 
2020-10-31 20:39:54 - 
2020-10-31 20:39:54 - 
2020-10-31 20:39:54 - Training Epoch 27
2020-10-31 20:39:54 - 
2020-10-31 20:51:06 - Training Loss
2020-10-31 20:51:06 - Total Loss: 1.1692324244380337
2020-10-31 20:51:06 - 	tempo: 0.904 vel: 1.177 dev: 1.869 articul: 1.2 pedal: 1.102 trill: 0.0 kld: nan 
2020-10-31 20:51:06 - 
2020-10-31 20:51:24 - Validation loss
2020-10-31 20:51:24 - Total Loss: 1.1833617479481098
2020-10-31 20:51:24 - 	tempo: 1.344 vel: 0.8416 dev: 0.7592 articul: 1.261 pedal: 1.259 trill: 0.0 kld: nan 
2020-10-31 20:51:24 - 
2020-10-31 20:51:24 - 
2020-10-31 20:51:24 - Training Epoch 28
2020-10-31 20:51:24 - 
2020-10-31 21:02:46 - Training Loss
2020-10-31 21:02:46 - Total Loss: 1.1802725715909153
2020-10-31 21:02:46 - 	tempo: 0.8944 vel: 1.185 dev: 1.967 articul: 1.186 pedal: 1.107 trill: 0.0 kld: nan 
2020-10-31 21:02:46 - 
2020-10-31 21:02:53 - Validation loss
2020-10-31 21:02:53 - Total Loss: 1.230689862678791
2020-10-31 21:02:53 - 	tempo: 1.334 vel: 0.8423 dev: 0.8491 articul: 1.034 pedal: 1.354 trill: 0.0 kld: nan 
2020-10-31 21:02:53 - 
2020-10-31 21:02:53 - 
2020-10-31 21:02:53 - Training Epoch 29
2020-10-31 21:02:53 - 
2020-10-31 21:15:20 - Training Loss
2020-10-31 21:15:20 - Total Loss: 1.191143312232738
2020-10-31 21:15:20 - 	tempo: 0.8974 vel: 1.154 dev: 2.108 articul: 1.195 pedal: 1.107 trill: 0.0 kld: nan 
2020-10-31 21:15:20 - 
2020-10-31 21:15:29 - Validation loss
2020-10-31 21:15:29 - Total Loss: 1.0690842684486817
2020-10-31 21:15:29 - 	tempo: 1.606 vel: 0.8407 dev: 0.786 articul: 1.063 pedal: 1.066 trill: 0.0 kld: nan 
2020-10-31 21:15:29 - 
2020-10-31 21:15:29 - 
2020-10-31 21:15:29 - Training Epoch 30
2020-10-31 21:15:29 - 
2020-10-31 21:27:55 - Training Loss
2020-10-31 21:27:55 - Total Loss: 1.1827252469721212
2020-10-31 21:27:55 - 	tempo: 0.8492 vel: 1.173 dev: 2.095 articul: 1.18 pedal: 1.102 trill: 0.0 kld: nan 
2020-10-31 21:27:55 - 
2020-10-31 21:28:11 - Validation loss
2020-10-31 21:28:11 - Total Loss: 1.0338440589593982
2020-10-31 21:28:11 - 	tempo: 1.362 vel: 0.8869 dev: 0.8522 articul: 1.051 pedal: 1.031 trill: 0.0 kld: nan 
2020-10-31 21:28:11 - 
2020-10-31 21:28:11 - 
2020-10-31 21:28:12 - Training Epoch 31
2020-10-31 21:28:12 - 
2020-10-31 21:41:03 - Training Loss
2020-10-31 21:41:03 - Total Loss: 1.184205235389418
2020-10-31 21:41:03 - 	tempo: 0.9344 vel: 1.171 dev: 1.983 articul: 1.201 pedal: 1.105 trill: 0.0 kld: nan 
2020-10-31 21:41:03 - 
2020-10-31 21:41:11 - Validation loss
2020-10-31 21:41:11 - Total Loss: 1.080286847539695
2020-10-31 21:41:11 - 	tempo: 1.499 vel: 0.8549 dev: 0.7863 articul: 1.799 pedal: 0.9921 trill: 0.0 kld: nan 
2020-10-31 21:41:11 - 
2020-10-31 21:41:11 - 
2020-10-31 21:41:11 - Training Epoch 32
2020-10-31 21:41:11 - 
2020-10-31 21:52:55 - Training Loss
2020-10-31 21:52:55 - Total Loss: 1.1860691018894762
2020-10-31 21:52:55 - 	tempo: 0.8839 vel: 1.168 dev: 1.98 articul: 1.188 pedal: 1.118 trill: 0.0 kld: nan 
2020-10-31 21:52:55 - 
2020-10-31 21:53:04 - Validation loss
2020-10-31 21:53:04 - Total Loss: 1.3321241782380968
2020-10-31 21:53:04 - 	tempo: 1.743 vel: 0.864 dev: 1.044 articul: 1.137 pedal: 1.409 trill: 0.0 kld: nan 
2020-10-31 21:53:04 - 
2020-10-31 21:53:04 - 
2020-10-31 21:53:04 - Training Epoch 33
2020-10-31 21:53:04 - 
2020-10-31 22:04:50 - Training Loss
2020-10-31 22:04:50 - Total Loss: 1.188509434365195
2020-10-31 22:04:50 - 	tempo: 0.8775 vel: 1.169 dev: 2.095 articul: 1.199 pedal: 1.105 trill: 0.0 kld: nan 
2020-10-31 22:04:50 - 
2020-10-31 22:04:56 - Validation loss
2020-10-31 22:04:56 - Total Loss: 1.3327168654172847
2020-10-31 22:04:56 - 	tempo: 2.47 vel: 0.8812 dev: 1.152 articul: 1.494 pedal: 1.238 trill: 0.0 kld: nan 
2020-10-31 22:04:56 - 
2020-10-31 22:04:56 - 
2020-10-31 22:04:57 - Training Epoch 34
2020-10-31 22:04:57 - 
2020-10-31 22:16:32 - Training Loss
2020-10-31 22:16:32 - Total Loss: 1.19610557912535
2020-10-31 22:16:32 - 	tempo: 0.8948 vel: 1.175 dev: 2.126 articul: 1.187 pedal: 1.111 trill: 0.0 kld: nan 
2020-10-31 22:16:32 - 
2020-10-31 22:16:39 - Validation loss
2020-10-31 22:16:39 - Total Loss: 1.2694093332565117
2020-10-31 22:16:39 - 	tempo: 2.25 vel: 0.8534 dev: 0.8995 articul: 1.207 pedal: 1.251 trill: 0.0 kld: nan 
2020-10-31 22:16:39 - 
2020-10-31 22:16:39 - 
2020-10-31 22:16:40 - Training Epoch 35
2020-10-31 22:16:40 - 
2020-10-31 22:28:05 - Training Loss
2020-10-31 22:28:06 - Total Loss: 1.1734302166027757
2020-10-31 22:28:06 - 	tempo: 0.8959 vel: 1.169 dev: 1.941 articul: 1.184 pedal: 1.102 trill: 0.0 kld: nan 
2020-10-31 22:28:06 - 
2020-10-31 22:28:13 - Validation loss
2020-10-31 22:28:13 - Total Loss: 1.0373199880633452
2020-10-31 22:28:13 - 	tempo: 1.364 vel: 0.9035 dev: 0.7932 articul: 1.038 pedal: 1.045 trill: 0.0 kld: nan 
2020-10-31 22:28:13 - 
2020-10-31 22:28:13 - 
2020-10-31 22:28:14 - Training Epoch 36
2020-10-31 22:28:14 - 
2020-10-31 22:39:52 - Training Loss
2020-10-31 22:39:52 - Total Loss: 1.2064474935842107
2020-10-31 22:39:52 - 	tempo: 0.8733 vel: 1.16 dev: 2.346 articul: 1.187 pedal: 1.101 trill: 0.0 kld: nan 
2020-10-31 22:39:52 - 
2020-10-31 22:39:59 - Validation loss
2020-10-31 22:39:59 - Total Loss: 1.1188964549823315
2020-10-31 22:39:59 - 	tempo: 1.383 vel: 0.8798 dev: 0.9013 articul: 1.042 pedal: 1.157 trill: 0.0 kld: nan 
2020-10-31 22:39:59 - 
2020-10-31 22:39:59 - 
2020-10-31 22:39:59 - Training Epoch 37
2020-10-31 22:39:59 - 
2020-10-31 22:51:35 - Training Loss
2020-10-31 22:51:35 - Total Loss: 1.181305657296524
2020-10-31 22:51:35 - 	tempo: 0.8778 vel: 1.162 dev: 1.967 articul: 1.189 pedal: 1.114 trill: 0.0 kld: nan 
2020-10-31 22:51:35 - 
2020-10-31 22:51:42 - Validation loss
2020-10-31 22:51:42 - Total Loss: 1.1231355298817056
2020-10-31 22:51:42 - 	tempo: 2.043 vel: 1.738 dev: 0.7599 articul: 1.04 pedal: 0.9676 trill: 0.0 kld: nan 
2020-10-31 22:51:42 - 
2020-10-31 22:51:42 - 
2020-10-31 22:51:42 - Training Epoch 38
2020-10-31 22:51:42 - 
2020-10-31 23:03:46 - Training Loss
2020-10-31 23:03:46 - Total Loss: 1.228322147674446
2020-10-31 23:03:46 - 	tempo: 0.8884 vel: 1.17 dev: 2.546 articul: 1.182 pedal: 1.104 trill: 0.0 kld: nan 
2020-10-31 23:03:46 - 
2020-10-31 23:04:02 - Validation loss
2020-10-31 23:04:02 - Total Loss: 1.0952179966724083
2020-10-31 23:04:02 - 	tempo: 1.489 vel: 1.026 dev: 0.7704 articul: 1.072 pedal: 1.098 trill: 0.0 kld: nan 
2020-10-31 23:04:02 - 
2020-10-31 23:04:02 - 
2020-10-31 23:04:02 - Training Epoch 39
2020-10-31 23:04:02 - 
2020-10-31 23:16:07 - Training Loss
2020-10-31 23:16:07 - Total Loss: 1.162794610055733
2020-10-31 23:16:07 - 	tempo: 0.8772 vel: 1.183 dev: 1.784 articul: 1.192 pedal: 1.108 trill: 0.0 kld: nan 
2020-10-31 23:16:07 - 
2020-10-31 23:16:14 - Validation loss
2020-10-31 23:16:14 - Total Loss: 1.032410892459989
2020-10-31 23:16:14 - 	tempo: 1.632 vel: 0.8401 dev: 0.8022 articul: 1.23 pedal: 0.9788 trill: 0.0 kld: nan 
2020-10-31 23:16:14 - 
2020-10-31 23:16:14 - 
2020-10-31 23:16:14 - Training Epoch 40
2020-10-31 23:16:14 - 
2020-10-31 23:27:28 - Training Loss
2020-10-31 23:27:28 - Total Loss: 1.1885162120491877
2020-10-31 23:27:28 - 	tempo: 0.8763 vel: 1.172 dev: 2.084 articul: 1.203 pedal: 1.105 trill: 0.0 kld: nan 
2020-10-31 23:27:28 - 
2020-10-31 23:27:35 - Validation loss
2020-10-31 23:27:35 - Total Loss: 1.0591216305344529
2020-10-31 23:27:35 - 	tempo: 1.963 vel: 0.9206 dev: 0.866 articul: 1.155 pedal: 0.9637 trill: 0.0 kld: nan 
2020-10-31 23:27:35 - 
2020-10-31 23:27:35 - 
2020-10-31 23:27:36 - Training Epoch 41
2020-10-31 23:27:36 - 
2020-10-31 23:39:29 - Training Loss
2020-10-31 23:39:29 - Total Loss: 1.196393591262363
2020-10-31 23:39:29 - 	tempo: 0.8839 vel: 1.176 dev: 2.216 articul: 1.199 pedal: 1.098 trill: 0.0 kld: nan 
2020-10-31 23:39:29 - 
2020-10-31 23:39:41 - Validation loss
2020-10-31 23:39:41 - Total Loss: 1.3036650527192621
2020-10-31 23:39:41 - 	tempo: 1.849 vel: 0.91 dev: 0.8602 articul: 1.294 pedal: 1.347 trill: 0.0 kld: nan 
2020-10-31 23:39:41 - 
2020-10-31 23:39:41 - 
2020-10-31 23:39:42 - Training Epoch 42
2020-10-31 23:39:42 - 
2020-10-31 23:50:58 - Training Loss
2020-10-31 23:50:58 - Total Loss: 1.1758419434707614
2020-10-31 23:50:58 - 	tempo: 0.8946 vel: 1.174 dev: 1.885 articul: 1.186 pedal: 1.113 trill: 0.0 kld: nan 
2020-10-31 23:50:58 - 
2020-10-31 23:51:05 - Validation loss
2020-10-31 23:51:05 - Total Loss: 1.2383858237046836
2020-10-31 23:51:05 - 	tempo: 1.556 vel: 0.8386 dev: 1.037 articul: 1.976 pedal: 1.173 trill: 0.0 kld: nan 
2020-10-31 23:51:05 - 
2020-10-31 23:51:05 - 
2020-10-31 23:51:05 - Training Epoch 43
2020-10-31 23:51:05 - 
2020-11-01 00:02:41 - Training Loss
2020-11-01 00:02:41 - Total Loss: 1.1551626698913098
2020-11-01 00:02:41 - 	tempo: 0.8573 vel: 1.177 dev: 1.778 articul: 1.192 pedal: 1.1 trill: 0.0 kld: nan 
2020-11-01 00:02:41 - 
2020-11-01 00:02:48 - Validation loss
2020-11-01 00:02:48 - Total Loss: 1.2968511353104801
2020-11-01 00:02:48 - 	tempo: 2.259 vel: 0.8377 dev: 0.9971 articul: 1.765 pedal: 1.201 trill: 0.0 kld: nan 
2020-11-01 00:02:48 - 
2020-11-01 00:02:48 - 
2020-11-01 00:02:48 - Training Epoch 44
2020-11-01 00:02:48 - 
2020-11-01 00:14:36 - Training Loss
2020-11-01 00:14:36 - Total Loss: 1.1854209889315792
2020-11-01 00:14:36 - 	tempo: 0.8904 vel: 1.167 dev: 2.069 articul: 1.188 pedal: 1.104 trill: 0.0 kld: nan 
2020-11-01 00:14:36 - 
2020-11-01 00:14:44 - Validation loss
2020-11-01 00:14:44 - Total Loss: 1.083201958164701
2020-11-01 00:14:44 - 	tempo: 1.379 vel: 0.8958 dev: 0.8015 articul: 1.114 pedal: 1.104 trill: 0.0 kld: nan 
2020-11-01 00:14:44 - 
2020-11-01 00:14:44 - 
2020-11-01 00:14:44 - Training Epoch 45
2020-11-01 00:14:44 - 
2020-11-01 00:26:19 - Training Loss
2020-11-01 00:26:19 - Total Loss: 1.1720788602654244
2020-11-01 00:26:19 - 	tempo: 0.9037 vel: 1.177 dev: 1.807 articul: 1.211 pedal: 1.113 trill: 0.0 kld: nan 
2020-11-01 00:26:19 - 
2020-11-01 00:26:25 - Validation loss
2020-11-01 00:26:25 - Total Loss: 1.1057250400555545
2020-11-01 00:26:25 - 	tempo: 1.868 vel: 0.8794 dev: 0.843 articul: 1.038 pedal: 1.076 trill: 0.0 kld: nan 
2020-11-01 00:26:25 - 
2020-11-01 00:26:25 - 
2020-11-01 00:26:26 - Training Epoch 46
2020-11-01 00:26:26 - 
2020-11-01 00:38:11 - Training Loss
2020-11-01 00:38:11 - Total Loss: 1.1796443033550328
2020-11-01 00:38:11 - 	tempo: 0.9083 vel: 1.175 dev: 1.984 articul: 1.201 pedal: 1.101 trill: 0.0 kld: nan 
2020-11-01 00:38:11 - 
2020-11-01 00:38:17 - Validation loss
2020-11-01 00:38:17 - Total Loss: 1.0487480241141907
2020-11-01 00:38:17 - 	tempo: 1.374 vel: 0.982 dev: 0.7983 articul: 1.117 pedal: 1.038 trill: 0.0 kld: nan 
2020-11-01 00:38:17 - 
2020-11-01 00:38:17 - 
2020-11-01 00:38:18 - Training Epoch 47
2020-11-01 00:38:18 - 
2020-11-01 00:49:36 - Training Loss
2020-11-01 00:49:36 - Total Loss: 1.2104247546564755
2020-11-01 00:49:36 - 	tempo: 0.8769 vel: 1.186 dev: 2.329 articul: 1.189 pedal: 1.105 trill: 0.0 kld: nan 
2020-11-01 00:49:36 - 
2020-11-01 00:49:43 - Validation loss
2020-11-01 00:49:43 - Total Loss: 1.176681535192158
2020-11-01 00:49:43 - 	tempo: 2.165 vel: 0.8375 dev: 0.7908 articul: 1.268 pedal: 1.126 trill: 0.0 kld: nan 
2020-11-01 00:49:43 - 
2020-11-01 00:49:43 - 
2020-11-01 00:49:43 - Training Epoch 48
2020-11-01 00:49:43 - 
2020-11-01 01:01:42 - Training Loss
2020-11-01 01:01:42 - Total Loss: 1.2091888805573152
2020-11-01 01:01:42 - 	tempo: 0.8869 vel: 1.17 dev: 2.327 articul: 1.197 pedal: 1.103 trill: 0.0 kld: nan 
2020-11-01 01:01:42 - 
2020-11-01 01:01:57 - Validation loss
2020-11-01 01:01:57 - Total Loss: 1.2169687425268108
2020-11-01 01:01:57 - 	tempo: 1.85 vel: 1.264 dev: 1.029 articul: 1.103 pedal: 1.163 trill: 0.0 kld: nan 
2020-11-01 01:01:58 - 
2020-11-01 01:01:58 - 
2020-11-01 01:01:58 - Training Epoch 49
2020-11-01 01:01:58 - 
2020-11-01 01:14:24 - Training Loss
2020-11-01 01:14:24 - Total Loss: 1.177295494081528
2020-11-01 01:14:24 - 	tempo: 0.891 vel: 1.168 dev: 1.919 articul: 1.197 pedal: 1.111 trill: 0.0 kld: nan 
2020-11-01 01:14:24 - 
2020-11-01 01:14:31 - Validation loss
2020-11-01 01:14:31 - Total Loss: 1.1853027788484485
2020-11-01 01:14:31 - 	tempo: 2.097 vel: 0.9994 dev: 0.8187 articul: 1.862 pedal: 1.037 trill: 0.0 kld: nan 
2020-11-01 01:14:31 - 
2020-11-01 01:14:31 - 
2020-11-01 01:14:31 - Training Epoch 50
2020-11-01 01:14:31 - 
2020-11-01 01:25:53 - Training Loss
2020-11-01 01:25:53 - Total Loss: 1.1680358678969445
2020-11-01 01:25:53 - 	tempo: 0.8781 vel: 1.174 dev: 1.887 articul: 1.214 pedal: 1.099 trill: 0.0 kld: nan 
2020-11-01 01:25:53 - 
2020-11-01 01:26:09 - Validation loss
2020-11-01 01:26:09 - Total Loss: 1.3075781434722926
2020-11-01 01:26:09 - 	tempo: 3.045 vel: 1.179 dev: 0.7777 articul: 1.057 pedal: 1.189 trill: 0.0 kld: nan 
2020-11-01 01:26:09 - 
2020-11-01 01:26:09 - 
2020-11-01 01:26:09 - FINISHED TRANSFORMER ENCODER ONLY VERSION 0.2 TRAINING JOB AT 50 EPOCHS FOR DEV DATA SET
2020-11-01 15:00:58 - STARTING TRANSFORMER ENCODER ONLY TRAINING VERSION 0.2 JOB AT 15 EPOCHS FOR DEV DATA SET
2020-11-01 15:00:58 - Training Epoch 1
2020-11-01 15:00:58 - 
2020-11-01 15:01:04 - Training Loss
2020-11-01 15:01:04 - Total Loss: 1.9377503387438946
2020-11-01 15:01:04 - 	tempo: 1.368 vel: 1.887 dev: 1.664 articul: 2.997 pedal: 1.914 trill: 0.0 kld: nan 
2020-11-01 15:01:04 - 
2020-11-01 15:01:04 - Validation loss
2020-11-01 15:01:04 - Total Loss: 1.334711730480194
2020-11-01 15:01:04 - 	tempo: 4.176 vel: 1.045 dev: 0.7997 articul: 0.5405 pedal: 1.16 trill: 0.0 kld: nan 
2020-11-01 15:01:04 - 
2020-11-01 15:01:04 - 
2020-11-01 15:01:04 - Training Epoch 2
2020-11-01 15:01:04 - 
2020-11-01 15:01:09 - Training Loss
2020-11-01 15:01:09 - Total Loss: 1.0305952484670438
2020-11-01 15:01:09 - 	tempo: 0.2083 vel: 1.097 dev: 0.7886 articul: 1.072 pedal: 1.167 trill: 0.0 kld: nan 
2020-11-01 15:01:09 - 
2020-11-01 15:01:09 - Validation loss
2020-11-01 15:01:09 - Total Loss: 1.5984759132067363
2020-11-01 15:01:09 - 	tempo: 6.128 vel: 1.141 dev: 1.092 articul: 0.5235 pedal: 1.243 trill: 0.0 kld: nan 
2020-11-01 15:01:09 - 
2020-11-01 15:01:09 - 
2020-11-01 15:01:09 - Training Epoch 3
2020-11-01 15:01:09 - 
2020-11-01 15:01:14 - Training Loss
2020-11-01 15:01:14 - Total Loss: 0.9298361676770288
2020-11-01 15:01:14 - 	tempo: 0.1502 vel: 0.9772 dev: 0.7663 articul: 0.9322 pedal: 1.057 trill: 0.0 kld: nan 
2020-11-01 15:01:14 - 
2020-11-01 15:01:14 - Validation loss
2020-11-01 15:01:14 - Total Loss: 1.5112843910853069
2020-11-01 15:01:14 - 	tempo: 4.313 vel: 1.77 dev: 0.842 articul: 0.7457 pedal: 1.279 trill: 0.0 kld: nan 
2020-11-01 15:01:14 - 
2020-11-01 15:01:14 - 
2020-11-01 15:01:15 - Training Epoch 4
2020-11-01 15:01:15 - 
2020-11-01 15:01:20 - Training Loss
2020-11-01 15:01:20 - Total Loss: 0.9257296360518834
2020-11-01 15:01:20 - 	tempo: 0.1604 vel: 0.9687 dev: 0.7725 articul: 0.9541 pedal: 1.047 trill: 0.0 kld: nan 
2020-11-01 15:01:20 - 
2020-11-01 15:01:20 - Validation loss
2020-11-01 15:01:20 - Total Loss: 1.30679190158844
2020-11-01 15:01:20 - 	tempo: 4.985 vel: 1.229 dev: 0.7577 articul: 0.5886 pedal: 0.9734 trill: 0.0 kld: nan 
2020-11-01 15:01:20 - 
2020-11-01 15:01:20 - 
2020-11-01 15:01:20 - Training Epoch 5
2020-11-01 15:01:20 - 
2020-11-01 15:01:25 - Training Loss
2020-11-01 15:01:25 - Total Loss: 0.9361078592195903
2020-11-01 15:01:25 - 	tempo: 0.1508 vel: 0.9523 dev: 0.74 articul: 0.9351 pedal: 1.074 trill: 0.0 kld: nan 
2020-11-01 15:01:25 - 
2020-11-01 15:01:25 - Validation loss
2020-11-01 15:01:25 - Total Loss: 1.5848116874694824
2020-11-01 15:01:25 - 	tempo: 4.824 vel: 1.03 dev: 0.8569 articul: 0.8237 pedal: 1.414 trill: 0.0 kld: nan 
2020-11-01 15:01:25 - 
2020-11-01 15:01:25 - 
2020-11-01 15:01:26 - Training Epoch 6
2020-11-01 15:01:26 - 
2020-11-01 15:01:31 - Training Loss
2020-11-01 15:01:31 - Total Loss: 0.8983088673709275
2020-11-01 15:01:31 - 	tempo: 0.1323 vel: 0.9597 dev: 0.7467 articul: 0.9434 pedal: 1.014 trill: 0.0 kld: nan 
2020-11-01 15:01:31 - 
2020-11-01 15:01:31 - Validation loss
2020-11-01 15:01:31 - Total Loss: 1.4006960988044739
2020-11-01 15:01:31 - 	tempo: 3.167 vel: 1.494 dev: 0.885 articul: 0.9453 pedal: 1.274 trill: 0.0 kld: nan 
2020-11-01 15:01:31 - 
2020-11-01 15:01:31 - 
2020-11-01 15:01:31 - Training Epoch 7
2020-11-01 15:01:31 - 
2020-11-01 15:01:36 - Training Loss
2020-11-01 15:01:36 - Total Loss: 0.9511732442738259
2020-11-01 15:01:36 - 	tempo: 0.1512 vel: 0.9938 dev: 0.7511 articul: 0.93 pedal: 1.091 trill: 0.0 kld: nan 
2020-11-01 15:01:36 - 
2020-11-01 15:01:36 - Validation loss
2020-11-01 15:01:36 - Total Loss: 1.583750347296397
2020-11-01 15:01:36 - 	tempo: 4.571 vel: 1.075 dev: 0.9858 articul: 0.9078 pedal: 1.412 trill: 0.0 kld: nan 
2020-11-01 15:01:36 - 
2020-11-01 15:01:36 - 
2020-11-01 15:01:36 - Training Epoch 8
2020-11-01 15:01:36 - 
2020-11-01 15:01:42 - Training Loss
2020-11-01 15:01:42 - Total Loss: 0.9028400541984871
2020-11-01 15:01:42 - 	tempo: 0.1199 vel: 1.007 dev: 0.7422 articul: 0.9416 pedal: 1.017 trill: 0.0 kld: nan 
2020-11-01 15:01:42 - 
2020-11-01 15:01:42 - Validation loss
2020-11-01 15:01:42 - Total Loss: 1.5075868765513103
2020-11-01 15:01:42 - 	tempo: 4.589 vel: 1.333 dev: 0.7938 articul: 0.4423 pedal: 1.347 trill: 0.0 kld: nan 
2020-11-01 15:01:42 - 
2020-11-01 15:01:42 - 
2020-11-01 15:01:42 - Training Epoch 9
2020-11-01 15:01:42 - 
2020-11-01 15:01:47 - Training Loss
2020-11-01 15:01:47 - Total Loss: 0.9294843951861064
2020-11-01 15:01:47 - 	tempo: 0.1516 vel: 0.9756 dev: 0.7469 articul: 0.9566 pedal: 1.056 trill: 0.0 kld: nan 
2020-11-01 15:01:47 - 
2020-11-01 15:01:47 - Validation loss
2020-11-01 15:01:47 - Total Loss: 1.9618637561798096
2020-11-01 15:01:47 - 	tempo: 8.023 vel: 1.005 dev: 0.9348 articul: 1.041 pedal: 1.511 trill: 0.0 kld: nan 
2020-11-01 15:01:47 - 
2020-11-01 15:01:47 - 
2020-11-01 15:01:48 - Training Epoch 10
2020-11-01 15:01:48 - 
2020-11-01 15:01:53 - Training Loss
2020-11-01 15:01:53 - Total Loss: 0.9146879569098756
2020-11-01 15:01:53 - 	tempo: 0.112 vel: 0.9715 dev: 0.7228 articul: 0.9154 pedal: 1.049 trill: 0.0 kld: nan 
2020-11-01 15:01:53 - 
2020-11-01 15:01:53 - Validation loss
2020-11-01 15:01:53 - Total Loss: 1.8137435118357341
2020-11-01 15:01:53 - 	tempo: 6.536 vel: 0.9776 dev: 0.7787 articul: 0.6573 pedal: 1.572 trill: 0.0 kld: nan 
2020-11-01 15:01:53 - 
2020-11-01 15:01:53 - 
2020-11-01 15:01:53 - Training Epoch 11
2020-11-01 15:01:53 - 
2020-11-01 15:01:58 - Training Loss
2020-11-01 15:01:58 - Total Loss: 0.9220200459678451
2020-11-01 15:01:58 - 	tempo: 0.3321 vel: 0.9598 dev: 0.7099 articul: 0.9177 pedal: 1.032 trill: 0.0 kld: nan 
2020-11-01 15:01:58 - 
2020-11-01 15:01:58 - Validation loss
2020-11-01 15:01:58 - Total Loss: 1.4075128436088562
2020-11-01 15:01:58 - 	tempo: 4.166 vel: 1.239 dev: 0.7546 articul: 0.721 pedal: 1.229 trill: 0.0 kld: nan 
2020-11-01 15:01:58 - 
2020-11-01 15:01:58 - 
2020-11-01 15:01:59 - Training Epoch 12
2020-11-01 15:01:59 - 
2020-11-01 15:02:04 - Training Loss
2020-11-01 15:02:04 - Total Loss: 0.8954332310118174
2020-11-01 15:02:04 - 	tempo: 0.1532 vel: 0.9611 dev: 0.7585 articul: 0.9429 pedal: 1.005 trill: 0.0 kld: nan 
2020-11-01 15:02:04 - 
2020-11-01 15:02:04 - Validation loss
2020-11-01 15:02:04 - Total Loss: 1.6798055768013
2020-11-01 15:02:04 - 	tempo: 5.906 vel: 1.552 dev: 0.7806 articul: 0.9039 pedal: 1.334 trill: 0.0 kld: nan 
2020-11-01 15:02:04 - 
2020-11-01 15:02:04 - 
2020-11-01 15:02:04 - Training Epoch 13
2020-11-01 15:02:04 - 
2020-11-01 15:02:09 - Training Loss
2020-11-01 15:02:09 - Total Loss: 0.8831972209246535
2020-11-01 15:02:09 - 	tempo: 0.1432 vel: 0.9346 dev: 0.7524 articul: 0.9185 pedal: 0.9952 trill: 0.0 kld: nan 
2020-11-01 15:02:09 - 
2020-11-01 15:02:10 - Validation loss
2020-11-01 15:02:10 - Total Loss: 1.5885156591733296
2020-11-01 15:02:10 - 	tempo: 5.33 vel: 1.194 dev: 0.8909 articul: 0.7581 pedal: 1.329 trill: 0.0 kld: nan 
2020-11-01 15:02:10 - 
2020-11-01 15:02:10 - 
2020-11-01 15:02:10 - Training Epoch 14
2020-11-01 15:02:10 - 
2020-11-01 15:02:15 - Training Loss
2020-11-01 15:02:15 - Total Loss: 0.882032672836356
2020-11-01 15:02:15 - 	tempo: 0.1619 vel: 0.9442 dev: 0.79 articul: 0.9191 pedal: 0.9839 trill: 0.0 kld: nan 
2020-11-01 15:02:15 - 
2020-11-01 15:02:15 - Validation loss
2020-11-01 15:02:15 - Total Loss: 1.6309609611829121
2020-11-01 15:02:15 - 	tempo: 4.932 vel: 1.028 dev: 0.8207 articul: 0.7741 pedal: 1.484 trill: 0.0 kld: nan 
2020-11-01 15:02:15 - 
2020-11-01 15:02:15 - 
2020-11-01 15:02:15 - Training Epoch 15
2020-11-01 15:02:15 - 
2020-11-01 15:02:20 - Training Loss
2020-11-01 15:02:20 - Total Loss: 0.8772420851389567
2020-11-01 15:02:20 - 	tempo: 0.1525 vel: 0.9367 dev: 0.7112 articul: 0.9087 pedal: 0.9915 trill: 0.0 kld: nan 
2020-11-01 15:02:20 - 
2020-11-01 15:02:21 - Validation loss
2020-11-01 15:02:21 - Total Loss: 1.4601172010103862
2020-11-01 15:02:21 - 	tempo: 5.379 vel: 1.114 dev: 0.7564 articul: 0.887 pedal: 1.132 trill: 0.0 kld: nan 
2020-11-01 15:02:21 - 
2020-11-01 15:02:21 - 
2020-11-01 15:02:21 - FINISHED TRANSFORMER ENCODER ONLY VERSION 0.2 TRAINING JOB AT 15 EPOCHS FOR DEV DATA SET
2020-11-01 15:10:03 - Loading the training data
2020-11-01 15:10:09 - number of train performances: 5 number of valid perf: 3
2020-11-01 15:10:09 - training sample example: [0.40253450874098085, -0.9043350534864922, 2.272152234854334, 1.6245242470007877, 1.2609703359796316, -0.13802735400033747, -0.8957452833471335, -0.8172526447037678, 0.0, 0.0, -1, 0, 0, 0.25, 0, 0, 0, 1, 0, 0, 0, 0, 0, 0, 0, 0, 0.5, 0, 0, 0, 0, 0.4, 0, 0, 0, 0, 1, 0, 1, 0, 0, 0, 1, 0, 0, 0, 0, 0, 0, 0, 0, 0, 0, 0, 0, 0, 0, 0, 0, 0, 1, 0, 0, 0, 0, 0, 0, 0, 0, 0, 0, 0, 0, 0, 0, 0, 0.5, 0]
2020-11-01 15:10:09 - STARTING TRANSFORMER ENCODER ONLY TRAINING VERSION 0.2 JOB AT 15 EPOCHS FOR DEV DATA SET
2020-11-01 15:10:09 - Training Epoch 1
2020-11-01 15:10:09 - 
2020-11-01 15:10:14 - Training Loss
2020-11-01 15:10:14 - Total Loss: 0.8972553453947368
2020-11-01 15:10:14 - 	tempo: 0.1352 vel: 0.9617 dev: 0.7327 articul: 0.9328 pedal: 1.015 trill: 0.0 kld: nan 
2020-11-01 15:10:14 - 
2020-11-01 15:10:14 - Validation loss
2020-11-01 15:10:14 - Total Loss: 1.476219395796458
2020-11-01 15:10:14 - 	tempo: 4.661 vel: 0.9975 dev: 0.7967 articul: 0.9585 pedal: 1.261 trill: 0.0 kld: nan 
2020-11-01 15:10:14 - 
2020-11-01 15:10:14 - 
2020-11-01 15:10:15 - Training Epoch 2
2020-11-01 15:10:15 - 
2020-11-01 15:10:20 - Training Loss
2020-11-01 15:10:20 - Total Loss: 0.8090423236290614
2020-11-01 15:10:20 - 	tempo: 0.08774 vel: 0.8728 dev: 0.6761 articul: 0.8712 pedal: 0.9131 trill: 0.0 kld: nan 
2020-11-01 15:10:20 - 
2020-11-01 15:10:20 - Validation loss
2020-11-01 15:10:20 - Total Loss: 1.489802400271098
2020-11-01 15:10:20 - 	tempo: 5.126 vel: 1.108 dev: 0.8097 articul: 1.057 pedal: 1.184 trill: 0.0 kld: nan 
2020-11-01 15:10:20 - 
2020-11-01 15:10:20 - 
2020-11-01 15:10:20 - Training Epoch 3
2020-11-01 15:10:20 - 
2020-11-01 15:10:25 - Training Loss
2020-11-01 15:10:25 - Total Loss: 0.8124552897431634
2020-11-01 15:10:25 - 	tempo: 0.08421 vel: 0.8695 dev: 0.6828 articul: 0.8642 pedal: 0.9195 trill: 0.0 kld: nan 
2020-11-01 15:10:25 - 
2020-11-01 15:10:26 - Validation loss
2020-11-01 15:10:26 - Total Loss: 1.5431543191274006
2020-11-01 15:10:26 - 	tempo: 4.922 vel: 1.073 dev: 0.8063 articul: 0.9897 pedal: 1.312 trill: 0.0 kld: nan 
2020-11-01 15:10:26 - 
2020-11-01 15:10:26 - 
2020-11-01 15:10:26 - Training Epoch 4
2020-11-01 15:10:26 - 
2020-11-01 15:10:31 - Training Loss
2020-11-01 15:10:31 - Total Loss: 0.813649065097173
2020-11-01 15:10:31 - 	tempo: 0.08305 vel: 0.8754 dev: 0.674 articul: 0.8548 pedal: 0.9233 trill: 0.0 kld: nan 
2020-11-01 15:10:31 - 
2020-11-01 15:10:31 - Validation loss
2020-11-01 15:10:31 - Total Loss: 1.4940666755040486
2020-11-01 15:10:31 - 	tempo: 4.815 vel: 1.067 dev: 0.8165 articul: 0.8834 pedal: 1.265 trill: 0.0 kld: nan 
2020-11-01 15:10:31 - 
2020-11-01 15:10:31 - 
2020-11-01 15:10:31 - Training Epoch 5
2020-11-01 15:10:31 - 
2020-11-01 15:10:36 - Training Loss
2020-11-01 15:10:36 - Total Loss: 0.8212628143059241
2020-11-01 15:10:36 - 	tempo: 0.09033 vel: 0.8629 dev: 0.6739 articul: 0.8641 pedal: 0.9347 trill: 0.0 kld: nan 
2020-11-01 15:10:36 - 
2020-11-01 15:10:36 - Validation loss
2020-11-01 15:10:36 - Total Loss: 1.5673587322235107
2020-11-01 15:10:36 - 	tempo: 4.968 vel: 1.039 dev: 0.8265 articul: 0.9771 pedal: 1.347 trill: 0.0 kld: nan 
2020-11-01 15:10:36 - 
2020-11-01 15:10:36 - 
2020-11-01 15:10:37 - Training Epoch 6
2020-11-01 15:10:37 - 
2020-11-01 15:10:41 - Training Loss
2020-11-01 15:10:41 - Total Loss: 0.8138940683320949
2020-11-01 15:10:41 - 	tempo: 0.08498 vel: 0.8685 dev: 0.6675 articul: 0.8593 pedal: 0.9247 trill: 0.0 kld: nan 
2020-11-01 15:10:41 - 
2020-11-01 15:10:42 - Validation loss
2020-11-01 15:10:42 - Total Loss: 1.4972172180811565
2020-11-01 15:10:42 - 	tempo: 4.843 vel: 1.077 dev: 0.8218 articul: 0.8747 pedal: 1.265 trill: 0.0 kld: nan 
2020-11-01 15:10:42 - 
2020-11-01 15:10:42 - 
2020-11-01 15:10:42 - Training Epoch 7
2020-11-01 15:10:42 - 
2020-11-01 15:10:47 - Training Loss
2020-11-01 15:10:47 - Total Loss: 0.8091317872620292
2020-11-01 15:10:47 - 	tempo: 0.08461 vel: 0.8649 dev: 0.6783 articul: 0.8647 pedal: 0.9154 trill: 0.0 kld: nan 
2020-11-01 15:10:47 - 
2020-11-01 15:10:47 - Validation loss
2020-11-01 15:10:47 - Total Loss: 1.480411688486735
2020-11-01 15:10:47 - 	tempo: 4.579 vel: 1.058 dev: 0.7882 articul: 0.822 pedal: 1.291 trill: 0.0 kld: nan 
2020-11-01 15:10:47 - 
2020-11-01 15:10:47 - 
2020-11-01 15:10:47 - Training Epoch 8
2020-11-01 15:10:47 - 
2020-11-01 15:10:53 - Training Loss
2020-11-01 15:10:53 - Total Loss: 0.8117717856710608
2020-11-01 15:10:53 - 	tempo: 0.08863 vel: 0.8685 dev: 0.6982 articul: 0.861 pedal: 0.9162 trill: 0.0 kld: nan 
2020-11-01 15:10:53 - 
2020-11-01 15:10:53 - Validation loss
2020-11-01 15:10:53 - Total Loss: 1.5205610990524292
2020-11-01 15:10:53 - 	tempo: 4.429 vel: 1.032 dev: 0.8171 articul: 0.9472 pedal: 1.357 trill: 0.0 kld: nan 
2020-11-01 15:10:53 - 
2020-11-01 15:10:53 - 
2020-11-01 15:10:53 - Training Epoch 9
2020-11-01 15:10:53 - 
2020-11-01 15:10:58 - Training Loss
2020-11-01 15:10:58 - Total Loss: 0.809737979157551
2020-11-01 15:10:58 - 	tempo: 0.0958 vel: 0.8618 dev: 0.6862 articul: 0.8709 pedal: 0.9132 trill: 0.0 kld: nan 
2020-11-01 15:10:58 - 
2020-11-01 15:10:58 - Validation loss
2020-11-01 15:10:58 - Total Loss: 1.4576509396235149
2020-11-01 15:10:58 - 	tempo: 4.044 vel: 1.041 dev: 0.7899 articul: 1.014 pedal: 1.307 trill: 0.0 kld: nan 
2020-11-01 15:10:58 - 
2020-11-01 15:10:58 - 
2020-11-01 15:10:58 - Training Epoch 10
2020-11-01 15:10:58 - 
2020-11-01 15:11:04 - Training Loss
2020-11-01 15:11:04 - Total Loss: 0.8056020794750808
2020-11-01 15:11:04 - 	tempo: 0.1012 vel: 0.8599 dev: 0.6633 articul: 0.8594 pedal: 0.9111 trill: 0.0 kld: nan 
2020-11-01 15:11:04 - 
2020-11-01 15:11:04 - Validation loss
2020-11-01 15:11:04 - Total Loss: 1.4440269271532695
2020-11-01 15:11:04 - 	tempo: 3.858 vel: 1.046 dev: 0.8153 articul: 0.9863 pedal: 1.311 trill: 0.0 kld: nan 
2020-11-01 15:11:04 - 
2020-11-01 15:11:04 - 
2020-11-01 15:11:04 - Training Epoch 11
2020-11-01 15:11:04 - 
2020-11-01 15:11:09 - Training Loss
2020-11-01 15:11:09 - Total Loss: 0.8096794489916269
2020-11-01 15:11:09 - 	tempo: 0.08345 vel: 0.8692 dev: 0.6645 articul: 0.8642 pedal: 0.9179 trill: 0.0 kld: nan 
2020-11-01 15:11:09 - 
2020-11-01 15:11:09 - Validation loss
2020-11-01 15:11:09 - Total Loss: 1.5233113765716553
2020-11-01 15:11:09 - 	tempo: 4.214 vel: 1.041 dev: 0.8033 articul: 0.9455 pedal: 1.393 trill: 0.0 kld: nan 
2020-11-01 15:11:09 - 
2020-11-01 15:11:09 - 
2020-11-01 15:11:09 - Training Epoch 12
2020-11-01 15:11:10 - 
2020-11-01 15:11:15 - Training Loss
2020-11-01 15:11:15 - Total Loss: 0.806739460627238
2020-11-01 15:11:15 - 	tempo: 0.08172 vel: 0.8591 dev: 0.6677 articul: 0.8593 pedal: 0.9152 trill: 0.0 kld: nan 
2020-11-01 15:11:15 - 
2020-11-01 15:11:15 - Validation loss
2020-11-01 15:11:15 - Total Loss: 1.5129209359486897
2020-11-01 15:11:15 - 	tempo: 4.735 vel: 1.032 dev: 0.8198 articul: 0.9881 pedal: 1.295 trill: 0.0 kld: nan 
2020-11-01 15:11:15 - 
2020-11-01 15:11:15 - 
2020-11-01 15:11:15 - Training Epoch 13
2020-11-01 15:11:15 - 
2020-11-01 15:11:20 - Training Loss
2020-11-01 15:11:20 - Total Loss: 0.8076379709429555
2020-11-01 15:11:20 - 	tempo: 0.07858 vel: 0.8627 dev: 0.6622 articul: 0.8633 pedal: 0.9167 trill: 0.0 kld: nan 
2020-11-01 15:11:20 - 
2020-11-01 15:11:21 - Validation loss
2020-11-01 15:11:21 - Total Loss: 1.5133818785349529
2020-11-01 15:11:21 - 	tempo: 4.659 vel: 1.044 dev: 0.8232 articul: 1.007 pedal: 1.302 trill: 0.0 kld: nan 
2020-11-01 15:11:21 - 
2020-11-01 15:11:21 - 
2020-11-01 15:11:21 - Training Epoch 14
2020-11-01 15:11:21 - 
2020-11-01 15:11:26 - Training Loss
2020-11-01 15:11:26 - Total Loss: 0.8038298130819672
2020-11-01 15:11:26 - 	tempo: 0.08093 vel: 0.8558 dev: 0.6658 articul: 0.8537 pedal: 0.9123 trill: 0.0 kld: nan 
2020-11-01 15:11:26 - 
2020-11-01 15:11:26 - Validation loss
2020-11-01 15:11:26 - Total Loss: 1.491674542427063
2020-11-01 15:11:26 - 	tempo: 4.89 vel: 1.063 dev: 0.8097 articul: 0.922 pedal: 1.246 trill: 0.0 kld: nan 
2020-11-01 15:11:26 - 
2020-11-01 15:11:26 - 
2020-11-01 15:11:26 - Training Epoch 15
2020-11-01 15:11:26 - 
2020-11-01 15:11:32 - Training Loss
2020-11-01 15:11:32 - Total Loss: 0.8106416338368466
2020-11-01 15:11:32 - 	tempo: 0.08496 vel: 0.8567 dev: 0.6847 articul: 0.8565 pedal: 0.9192 trill: 0.0 kld: nan 
2020-11-01 15:11:32 - 
2020-11-01 15:11:32 - Validation loss
2020-11-01 15:11:32 - Total Loss: 1.513973077138265
2020-11-01 15:11:32 - 	tempo: 4.944 vel: 1.076 dev: 0.8022 articul: 0.8786 pedal: 1.279 trill: 0.0 kld: nan 
2020-11-01 15:11:32 - 
2020-11-01 15:11:32 - 
2020-11-01 15:11:32 - FINISHED TRANSFORMER ENCODER ONLY VERSION 0.2 TRAINING JOB AT 15 EPOCHS FOR DEV DATA SET
2020-11-01 15:23:27 - STARTING TRANSFORMER ENCODER ONLY TRAINING VERSION 0.2 JOB AT 15 EPOCHS FOR DEV DATA SET
2020-11-01 15:23:27 - Training Epoch 1
2020-11-01 15:23:27 - 
2020-11-01 15:23:32 - Training Loss
2020-11-01 15:23:32 - Total Loss: 2.273376572373751
2020-11-01 15:23:32 - 	tempo: 1.81 vel: 2.359 dev: 1.905 articul: 2.331 pedal: 2.372 trill: 0.0 kld: nan 
2020-11-01 15:23:32 - 
2020-11-01 15:23:32 - Validation loss
2020-11-01 15:23:32 - Total Loss: 2.6562480131785073
2020-11-01 15:23:32 - 	tempo: 8.133 vel: 3.66 dev: 0.8066 articul: 0.3993 pedal: 2.317 trill: 0.0 kld: nan 
2020-11-01 15:23:32 - 
2020-11-01 15:23:32 - 
2020-11-01 15:23:33 - Training Epoch 2
2020-11-01 15:23:33 - 
2020-11-01 15:23:38 - Training Loss
2020-11-01 15:23:38 - Total Loss: 1.2996175578898854
2020-11-01 15:23:38 - 	tempo: 0.5552 vel: 1.291 dev: 0.9425 articul: 1.325 pedal: 1.455 trill: 0.0 kld: nan 
2020-11-01 15:23:39 - 
2020-11-01 15:23:39 - Validation loss
2020-11-01 15:23:39 - Total Loss: 2.3065370122591653
2020-11-01 15:23:39 - 	tempo: 5.654 vel: 1.585 dev: 0.8438 articul: 0.5714 pedal: 2.388 trill: 0.0 kld: nan 
2020-11-01 15:23:39 - 
2020-11-01 15:23:39 - 
2020-11-01 15:23:39 - Training Epoch 3
2020-11-01 15:23:39 - 
2020-11-01 15:23:44 - Training Loss
2020-11-01 15:23:44 - Total Loss: 1.1077850316021893
2020-11-01 15:23:44 - 	tempo: 0.3512 vel: 1.043 dev: 0.7987 articul: 1.066 pedal: 1.275 trill: 0.0 kld: nan 
2020-11-01 15:23:44 - 
2020-11-01 15:23:44 - Validation loss
2020-11-01 15:23:44 - Total Loss: 1.6860588192939758
2020-11-01 15:23:44 - 	tempo: 3.565 vel: 1.08 dev: 0.781 articul: 1.401 pedal: 1.674 trill: 0.0 kld: nan 
2020-11-01 15:23:44 - 
2020-11-01 15:23:44 - 
2020-11-01 15:23:44 - Training Epoch 4
2020-11-01 15:23:44 - 
2020-11-01 15:23:49 - Training Loss
2020-11-01 15:23:49 - Total Loss: 1.0894198373362824
2020-11-01 15:23:49 - 	tempo: 0.2811 vel: 1.217 dev: 0.8108 articul: 1.059 pedal: 1.231 trill: 0.0 kld: nan 
2020-11-01 15:23:49 - 
2020-11-01 15:23:49 - Validation loss
2020-11-01 15:23:49 - Total Loss: 1.4877638419469197
2020-11-01 15:23:49 - 	tempo: 2.624 vel: 0.9779 dev: 0.7663 articul: 0.5529 pedal: 1.635 trill: 0.0 kld: nan 
2020-11-01 15:23:49 - 
2020-11-01 15:23:49 - 
2020-11-01 15:23:50 - Training Epoch 5
2020-11-01 15:23:50 - 
2020-11-01 15:23:54 - Training Loss
2020-11-01 15:23:54 - Total Loss: 1.1053754452864328
2020-11-01 15:23:54 - 	tempo: 0.2618 vel: 1.129 dev: 0.8618 articul: 1.024 pedal: 1.269 trill: 0.0 kld: nan 
2020-11-01 15:23:54 - 
2020-11-01 15:23:55 - Validation loss
2020-11-01 15:23:55 - Total Loss: 1.5882248282432556
2020-11-01 15:23:55 - 	tempo: 5.897 vel: 2.374 dev: 1.115 articul: 0.4001 pedal: 1.098 trill: 0.0 kld: nan 
2020-11-01 15:23:55 - 
2020-11-01 15:23:55 - 
2020-11-01 15:23:55 - Training Epoch 6
2020-11-01 15:23:55 - 
2020-11-01 15:24:00 - Training Loss
2020-11-01 15:24:00 - Total Loss: 1.047459440403863
2020-11-01 15:24:00 - 	tempo: 0.3108 vel: 1.119 dev: 0.8256 articul: 1.347 pedal: 1.131 trill: 0.0 kld: nan 
2020-11-01 15:24:00 - 
2020-11-01 15:24:00 - Validation loss
2020-11-01 15:24:00 - Total Loss: 1.7321879466374714
2020-11-01 15:24:00 - 	tempo: 7.368 vel: 1.715 dev: 1.258 articul: 2.126 pedal: 0.9411 trill: 0.0 kld: nan 
2020-11-01 15:24:00 - 
2020-11-01 15:24:00 - 
2020-11-01 15:24:00 - Training Epoch 7
2020-11-01 15:24:00 - 
2020-11-01 15:24:05 - Training Loss
2020-11-01 15:24:05 - Total Loss: 1.0434603891090344
2020-11-01 15:24:05 - 	tempo: 0.3475 vel: 1.113 dev: 0.9936 articul: 0.9865 pedal: 1.148 trill: 0.0 kld: nan 
2020-11-01 15:24:05 - 
2020-11-01 15:24:05 - Validation loss
2020-11-01 15:24:05 - Total Loss: 1.5242366194725037
2020-11-01 15:24:05 - 	tempo: 3.14 vel: 1.1 dev: 0.7767 articul: 0.7341 pedal: 1.574 trill: 0.0 kld: nan 
2020-11-01 15:24:05 - 
2020-11-01 15:24:05 - 
2020-11-01 15:24:06 - Training Epoch 8
2020-11-01 15:24:06 - 
2020-11-01 15:24:11 - Training Loss
2020-11-01 15:24:11 - Total Loss: 1.0305952530454945
2020-11-01 15:24:11 - 	tempo: 0.3017 vel: 1.054 dev: 0.8223 articul: 1.03 pedal: 1.161 trill: 0.0 kld: nan 
2020-11-01 15:24:11 - 
2020-11-01 15:24:11 - Validation loss
2020-11-01 15:24:11 - Total Loss: 1.7511196533838909
2020-11-01 15:24:11 - 	tempo: 7.452 vel: 0.9912 dev: 0.8258 articul: 1.174 pedal: 1.26 trill: 0.0 kld: nan 
2020-11-01 15:24:11 - 
2020-11-01 15:24:11 - 
2020-11-01 15:24:11 - Training Epoch 9
2020-11-01 15:24:11 - 
2020-11-01 15:24:16 - Training Loss
2020-11-01 15:24:16 - Total Loss: 1.0881252205371856
2020-11-01 15:24:16 - 	tempo: 0.6385 vel: 1.122 dev: 0.89 articul: 1.049 pedal: 1.181 trill: 0.0 kld: nan 
2020-11-01 15:24:16 - 
2020-11-01 15:24:16 - Validation loss
2020-11-01 15:24:16 - Total Loss: 1.8804497321446736
2020-11-01 15:24:16 - 	tempo: 7.101 vel: 1.794 dev: 0.9837 articul: 0.7786 pedal: 1.433 trill: 0.0 kld: nan 
2020-11-01 15:24:16 - 
2020-11-01 15:24:16 - 
2020-11-01 15:24:16 - Training Epoch 10
2020-11-01 15:24:16 - 
2020-11-01 15:24:21 - Training Loss
2020-11-01 15:24:21 - Total Loss: 1.078140042824288
2020-11-01 15:24:21 - 	tempo: 0.6106 vel: 1.233 dev: 0.8569 articul: 1.144 pedal: 1.145 trill: 0.0 kld: nan 
2020-11-01 15:24:21 - 
2020-11-01 15:24:22 - Validation loss
2020-11-01 15:24:22 - Total Loss: 1.5974337061246235
2020-11-01 15:24:22 - 	tempo: 5.299 vel: 2.196 dev: 0.881 articul: 1.258 pedal: 1.134 trill: 0.0 kld: nan 
2020-11-01 15:24:22 - 
2020-11-01 15:24:22 - 
2020-11-01 15:24:22 - Training Epoch 11
2020-11-01 15:24:22 - 
2020-11-01 15:24:27 - Training Loss
2020-11-01 15:24:27 - Total Loss: 1.0967533584326914
2020-11-01 15:24:27 - 	tempo: 0.2187 vel: 1.128 dev: 0.8681 articul: 0.9917 pedal: 1.265 trill: 0.0 kld: nan 
2020-11-01 15:24:27 - 
2020-11-01 15:24:27 - Validation loss
2020-11-01 15:24:27 - Total Loss: 1.8716668089230855
2020-11-01 15:24:27 - 	tempo: 8.323 vel: 1.254 dev: 0.8483 articul: 0.4607 pedal: 1.386 trill: 0.0 kld: nan 
2020-11-01 15:24:27 - 
2020-11-01 15:24:27 - 
2020-11-01 15:24:27 - Training Epoch 12
2020-11-01 15:24:27 - 
2020-11-01 15:24:31 - Training Loss
2020-11-01 15:24:31 - Total Loss: 1.0905638138453166
2020-11-01 15:24:31 - 	tempo: 0.2925 vel: 1.23 dev: 0.9424 articul: 1.304 pedal: 1.175 trill: 0.0 kld: nan 
2020-11-01 15:24:31 - 
2020-11-01 15:24:32 - Validation loss
2020-11-01 15:24:32 - Total Loss: 1.680001934369405
2020-11-01 15:24:32 - 	tempo: 6.08 vel: 1.17 dev: 0.79 articul: 1.149 pedal: 1.327 trill: 0.0 kld: nan 
2020-11-01 15:24:32 - 
2020-11-01 15:24:32 - 
2020-11-01 15:24:32 - Training Epoch 13
2020-11-01 15:24:32 - 
2020-11-01 15:24:37 - Training Loss
2020-11-01 15:24:37 - Total Loss: 1.068341364599254
2020-11-01 15:24:37 - 	tempo: 0.3774 vel: 1.068 dev: 1.051 articul: 1.033 pedal: 1.175 trill: 0.0 kld: nan 
2020-11-01 15:24:37 - 
2020-11-01 15:24:37 - Validation loss
2020-11-01 15:24:37 - Total Loss: 1.7792166471481323
2020-11-01 15:24:37 - 	tempo: 3.569 vel: 1.03 dev: 1.268 articul: 1.404 pedal: 1.757 trill: 0.0 kld: nan 
2020-11-01 15:24:37 - 
2020-11-01 15:24:37 - 
2020-11-01 15:24:37 - Training Epoch 14
2020-11-01 15:24:37 - 
2020-11-01 15:24:43 - Training Loss
2020-11-01 15:24:43 - Total Loss: 1.037228463511718
2020-11-01 15:24:43 - 	tempo: 0.2331 vel: 0.9889 dev: 0.8982 articul: 1.088 pedal: 1.172 trill: 0.0 kld: nan 
2020-11-01 15:24:43 - 
2020-11-01 15:24:43 - Validation loss
2020-11-01 15:24:43 - Total Loss: 1.7601471145947774
2020-11-01 15:24:43 - 	tempo: 6.39 vel: 1.004 dev: 1.018 articul: 0.4727 pedal: 1.497 trill: 0.0 kld: nan 
2020-11-01 15:24:43 - 
2020-11-01 15:24:43 - 
2020-11-01 15:24:43 - Training Epoch 15
2020-11-01 15:24:43 - 
2020-11-01 15:24:49 - Training Loss
2020-11-01 15:24:49 - Total Loss: 1.0345486861628455
2020-11-01 15:24:49 - 	tempo: 0.1901 vel: 1.083 dev: 0.8152 articul: 1.019 pedal: 1.182 trill: 0.0 kld: nan 
2020-11-01 15:24:49 - 
2020-11-01 15:24:50 - Validation loss
2020-11-01 15:24:50 - Total Loss: 1.976881504058838
2020-11-01 15:24:50 - 	tempo: 5.433 vel: 1.046 dev: 0.8634 articul: 0.8084 pedal: 1.942 trill: 0.0 kld: nan 
2020-11-01 15:24:50 - 
2020-11-01 15:24:50 - 
2020-11-01 15:24:50 - FINISHED TRANSFORMER ENCODER ONLY VERSION 0.2 TRAINING JOB AT 15 EPOCHS FOR DEV DATA SET
2020-11-01 15:26:11 - STARTING TRANSFORMER ENCODER ONLY TRAINING VERSION 0.2 JOB AT 15 EPOCHS FOR DEV DATA SET
2020-11-01 15:26:11 - Training Epoch 1
2020-11-01 15:26:11 - 
2020-11-01 15:26:16 - Training Loss
2020-11-01 15:26:16 - Total Loss: 2.172063819279796
2020-11-01 15:26:16 - 	tempo: 1.184 vel: 2.28 dev: 2.032 articul: 2.098 pedal: 2.328 trill: 0.0 kld: nan 
2020-11-01 15:26:16 - 
2020-11-01 15:26:17 - Validation loss
2020-11-01 15:26:17 - Total Loss: 1.5058637658754985
2020-11-01 15:26:17 - 	tempo: 6.203 vel: 1.361 dev: 0.8947 articul: 0.6533 pedal: 1.065 trill: 0.0 kld: nan 
2020-11-01 15:26:17 - 
2020-11-01 15:26:17 - 
2020-11-01 15:26:17 - Training Epoch 2
2020-11-01 15:26:17 - 
2020-11-01 15:26:22 - Training Loss
2020-11-01 15:26:22 - Total Loss: 1.0077175113715624
2020-11-01 15:26:22 - 	tempo: 0.1961 vel: 0.9865 dev: 0.8114 articul: 0.9889 pedal: 1.157 trill: 0.0 kld: nan 
2020-11-01 15:26:22 - 
2020-11-01 15:26:22 - Validation loss
2020-11-01 15:26:22 - Total Loss: 1.6609325011571248
2020-11-01 15:26:22 - 	tempo: 5.154 vel: 1.116 dev: 0.864 articul: 1.107 pedal: 1.433 trill: 0.0 kld: nan 
2020-11-01 15:26:22 - 
2020-11-01 15:26:22 - 
2020-11-01 15:26:22 - Training Epoch 3
2020-11-01 15:26:22 - 
2020-11-01 15:26:27 - Training Loss
2020-11-01 15:26:27 - Total Loss: 0.9263574992482727
2020-11-01 15:26:27 - 	tempo: 0.1492 vel: 1.031 dev: 0.7435 articul: 1.026 pedal: 1.034 trill: 0.0 kld: nan 
2020-11-01 15:26:27 - 
2020-11-01 15:26:27 - Validation loss
2020-11-01 15:26:27 - Total Loss: 1.632382909456889
2020-11-01 15:26:27 - 	tempo: 4.851 vel: 0.9772 dev: 0.7935 articul: 0.5818 pedal: 1.536 trill: 0.0 kld: nan 
2020-11-01 15:26:27 - 
2020-11-01 15:26:27 - 
2020-11-01 15:26:28 - Training Epoch 4
2020-11-01 15:26:28 - 
2020-11-01 15:26:33 - Training Loss
2020-11-01 15:26:33 - Total Loss: 0.9364684424171709
2020-11-01 15:26:33 - 	tempo: 0.2125 vel: 0.9271 dev: 0.7288 articul: 0.9641 pedal: 1.067 trill: 0.0 kld: nan 
2020-11-01 15:26:33 - 
2020-11-01 15:26:33 - Validation loss
2020-11-01 15:26:33 - Total Loss: 1.6892820000648499
2020-11-01 15:26:33 - 	tempo: 6.738 vel: 1.141 dev: 0.8369 articul: 0.901 pedal: 1.281 trill: 0.0 kld: nan 
2020-11-01 15:26:33 - 
2020-11-01 15:26:33 - 
2020-11-01 15:26:33 - Training Epoch 5
2020-11-01 15:26:33 - 
2020-11-01 15:26:38 - Training Loss
2020-11-01 15:26:38 - Total Loss: 0.8689931588513511
2020-11-01 15:26:38 - 	tempo: 0.1169 vel: 0.9477 dev: 0.767 articul: 0.9055 pedal: 0.9746 trill: 0.0 kld: nan 
2020-11-01 15:26:38 - 
2020-11-01 15:26:38 - Validation loss
2020-11-01 15:26:38 - Total Loss: 1.62772132953008
2020-11-01 15:26:38 - 	tempo: 6.353 vel: 0.9885 dev: 0.9063 articul: 0.9743 pedal: 1.24 trill: 0.0 kld: nan 
2020-11-01 15:26:38 - 
2020-11-01 15:26:38 - 
2020-11-01 15:26:39 - Training Epoch 6
2020-11-01 15:26:39 - 
2020-11-01 15:26:44 - Training Loss
2020-11-01 15:26:44 - Total Loss: 0.8996278043534305
2020-11-01 15:26:44 - 	tempo: 0.1376 vel: 0.9309 dev: 0.7034 articul: 0.9311 pedal: 1.028 trill: 0.0 kld: nan 
2020-11-01 15:26:44 - 
2020-11-01 15:26:44 - Validation loss
2020-11-01 15:26:44 - Total Loss: 1.7753277222315471
2020-11-01 15:26:44 - 	tempo: 5.523 vel: 1.375 dev: 0.7832 articul: 0.672 pedal: 1.596 trill: 0.0 kld: nan 
2020-11-01 15:26:44 - 
2020-11-01 15:26:44 - 
2020-11-01 15:26:44 - Training Epoch 7
2020-11-01 15:26:44 - 
2020-11-01 15:26:49 - Training Loss
2020-11-01 15:26:49 - Total Loss: 0.8973567124207814
2020-11-01 15:26:49 - 	tempo: 0.1145 vel: 0.9549 dev: 0.7709 articul: 0.9403 pedal: 1.013 trill: 0.0 kld: nan 
2020-11-01 15:26:49 - 
2020-11-01 15:26:50 - Validation loss
2020-11-01 15:26:50 - Total Loss: 1.4392424424489338
2020-11-01 15:26:50 - 	tempo: 5.2 vel: 1.055 dev: 0.8627 articul: 0.7094 pedal: 1.143 trill: 0.0 kld: nan 
2020-11-01 15:26:50 - 
2020-11-01 15:26:50 - 
2020-11-01 15:26:50 - Training Epoch 8
2020-11-01 15:26:50 - 
2020-11-01 15:26:55 - Training Loss
2020-11-01 15:26:55 - Total Loss: 0.8607929205739653
2020-11-01 15:26:55 - 	tempo: 0.1329 vel: 0.937 dev: 0.7215 articul: 0.9205 pedal: 0.9653 trill: 0.0 kld: nan 
2020-11-01 15:26:55 - 
2020-11-01 15:26:55 - Validation loss
2020-11-01 15:26:55 - Total Loss: 1.6391130089759827
2020-11-01 15:26:55 - 	tempo: 5.163 vel: 1.057 dev: 0.8468 articul: 0.6982 pedal: 1.466 trill: 0.0 kld: nan 
2020-11-01 15:26:55 - 
2020-11-01 15:26:55 - 
2020-11-01 15:26:55 - Training Epoch 9
2020-11-01 15:26:55 - 
2020-11-01 15:27:00 - Training Loss
2020-11-01 15:27:00 - Total Loss: 0.8898086698904429
2020-11-01 15:27:00 - 	tempo: 0.1322 vel: 1.017 dev: 0.7498 articul: 0.9225 pedal: 0.9951 trill: 0.0 kld: nan 
2020-11-01 15:27:00 - 
2020-11-01 15:27:00 - Validation loss
2020-11-01 15:27:00 - Total Loss: 1.6375216046969097
2020-11-01 15:27:00 - 	tempo: 5.046 vel: 0.9785 dev: 0.78 articul: 0.7545 pedal: 1.493 trill: 0.0 kld: nan 
2020-11-01 15:27:01 - 
2020-11-01 15:27:01 - 
2020-11-01 15:27:01 - Training Epoch 10
2020-11-01 15:27:01 - 
2020-11-01 15:27:07 - Training Loss
2020-11-01 15:27:07 - Total Loss: 0.8804673741798144
2020-11-01 15:27:07 - 	tempo: 0.1154 vel: 0.9361 dev: 0.7498 articul: 0.9464 pedal: 0.9911 trill: 0.0 kld: nan 
2020-11-01 15:27:07 - 
2020-11-01 15:27:08 - Validation loss
2020-11-01 15:27:08 - Total Loss: 1.5179428855578105
2020-11-01 15:27:08 - 	tempo: 5.103 vel: 1.373 dev: 0.789 articul: 0.4467 pedal: 1.284 trill: 0.0 kld: nan 
2020-11-01 15:27:08 - 
2020-11-01 15:27:08 - 
2020-11-01 15:27:08 - Training Epoch 11
2020-11-01 15:27:08 - 
2020-11-01 15:27:14 - Training Loss
2020-11-01 15:27:14 - Total Loss: 0.8886112327638426
2020-11-01 15:27:14 - 	tempo: 0.1302 vel: 0.9306 dev: 0.7323 articul: 0.924 pedal: 1.008 trill: 0.0 kld: nan 
2020-11-01 15:27:14 - 
2020-11-01 15:27:14 - Validation loss
2020-11-01 15:27:14 - Total Loss: 1.7219090263048809
2020-11-01 15:27:14 - 	tempo: 4.654 vel: 1.001 dev: 0.8623 articul: 0.7212 pedal: 1.672 trill: 0.0 kld: nan 
2020-11-01 15:27:14 - 
2020-11-01 15:27:14 - 
2020-11-01 15:27:14 - Training Epoch 12
2020-11-01 15:27:14 - 
2020-11-01 15:27:19 - Training Loss
2020-11-01 15:27:19 - Total Loss: 0.880964903831482
2020-11-01 15:27:19 - 	tempo: 0.1442 vel: 0.9493 dev: 0.7291 articul: 0.9305 pedal: 0.9911 trill: 0.0 kld: nan 
2020-11-01 15:27:19 - 
2020-11-01 15:27:19 - Validation loss
2020-11-01 15:27:19 - Total Loss: 1.7565065026283264
2020-11-01 15:27:19 - 	tempo: 4.908 vel: 1.212 dev: 0.8462 articul: 0.9723 pedal: 1.626 trill: 0.0 kld: nan 
2020-11-01 15:27:19 - 
2020-11-01 15:27:19 - 
2020-11-01 15:27:19 - Training Epoch 13
2020-11-01 15:27:19 - 
2020-11-01 15:27:24 - Training Loss
2020-11-01 15:27:24 - Total Loss: 0.8840254075723152
2020-11-01 15:27:24 - 	tempo: 0.1698 vel: 0.9495 dev: 0.7327 articul: 0.9286 pedal: 0.992 trill: 0.0 kld: nan 
2020-11-01 15:27:24 - 
2020-11-01 15:27:25 - Validation loss
2020-11-01 15:27:25 - Total Loss: 1.5802531441052754
2020-11-01 15:27:25 - 	tempo: 5.108 vel: 1.391 dev: 0.7631 articul: 1.006 pedal: 1.302 trill: 0.0 kld: nan 
2020-11-01 15:27:25 - 
2020-11-01 15:27:25 - 
2020-11-01 15:27:25 - Training Epoch 14
2020-11-01 15:27:25 - 
2020-11-01 15:27:30 - Training Loss
2020-11-01 15:27:30 - Total Loss: 0.8763265456702258
2020-11-01 15:27:30 - 	tempo: 0.1192 vel: 0.955 dev: 0.7306 articul: 0.9144 pedal: 0.9886 trill: 0.0 kld: nan 
2020-11-01 15:27:30 - 
2020-11-01 15:27:30 - Validation loss
2020-11-01 15:27:30 - Total Loss: 1.6423015197118123
2020-11-01 15:27:30 - 	tempo: 5.068 vel: 0.9905 dev: 0.8693 articul: 0.9388 pedal: 1.457 trill: 0.0 kld: nan 
2020-11-01 15:27:30 - 
2020-11-01 15:27:30 - 
2020-11-01 15:27:30 - Training Epoch 15
2020-11-01 15:27:30 - 
2020-11-01 15:27:35 - Training Loss
2020-11-01 15:27:35 - Total Loss: 0.88113987323356
2020-11-01 15:27:35 - 	tempo: 0.149 vel: 0.9156 dev: 0.7223 articul: 0.9008 pedal: 1.001 trill: 0.0 kld: nan 
2020-11-01 15:27:35 - 
2020-11-01 15:27:35 - Validation loss
2020-11-01 15:27:35 - Total Loss: 1.4937451481819153
2020-11-01 15:27:35 - 	tempo: 5.709 vel: 1.273 dev: 0.761 articul: 0.6179 pedal: 1.153 trill: 0.0 kld: nan 
2020-11-01 15:27:35 - 
2020-11-01 15:27:35 - 
2020-11-01 15:27:35 - FINISHED TRANSFORMER ENCODER ONLY VERSION 0.2 TRAINING JOB AT 15 EPOCHS FOR DEV DATA SET
2020-11-01 15:33:13 - STARTING TRANSFORMER ENCODER ONLY TRAINING VERSION 0.2 JOB AT 15 EPOCHS FOR DEV DATA SET
2020-11-01 15:33:13 - Training Epoch 1
2020-11-01 15:33:13 - 
2020-11-01 15:33:19 - Training Loss
2020-11-01 15:33:19 - Total Loss: 2.430575567086538
2020-11-01 15:33:19 - 	tempo: 1.98 vel: 2.672 dev: 2.33 articul: 2.319 pedal: 2.491 trill: 0.0 kld: nan 
2020-11-01 15:33:19 - 
2020-11-01 15:33:19 - Validation loss
2020-11-01 15:33:19 - Total Loss: 1.9463189840316772
2020-11-01 15:33:19 - 	tempo: 6.048 vel: 1.055 dev: 0.756 articul: 0.4322 pedal: 1.874 trill: 0.0 kld: nan 
2020-11-01 15:33:19 - 
2020-11-01 15:33:19 - 
2020-11-01 15:33:19 - Training Epoch 2
2020-11-01 15:33:19 - 
2020-11-01 15:33:25 - Training Loss
2020-11-01 15:33:25 - Total Loss: 0.9356377869844437
2020-11-01 15:33:25 - 	tempo: 0.1819 vel: 1.044 dev: 0.7844 articul: 0.9342 pedal: 1.05 trill: 0.0 kld: nan 
2020-11-01 15:33:25 - 
2020-11-01 15:33:25 - Validation loss
2020-11-01 15:33:25 - Total Loss: 1.6876114010810852
2020-11-01 15:33:25 - 	tempo: 6.692 vel: 1.696 dev: 0.7965 articul: 1.104 pedal: 1.182 trill: 0.0 kld: nan 
2020-11-01 15:33:25 - 
2020-11-01 15:33:25 - 
2020-11-01 15:33:25 - Training Epoch 3
2020-11-01 15:33:25 - 
2020-11-01 15:33:31 - Training Loss
2020-11-01 15:33:31 - Total Loss: 0.9508464654831037
2020-11-01 15:33:31 - 	tempo: 0.1498 vel: 1.011 dev: 0.7268 articul: 0.9763 pedal: 1.085 trill: 0.0 kld: nan 
2020-11-01 15:33:31 - 
2020-11-01 15:33:31 - Validation loss
2020-11-01 15:33:31 - Total Loss: 1.5119918584823608
2020-11-01 15:33:31 - 	tempo: 4.846 vel: 1.188 dev: 0.763 articul: 0.6357 pedal: 1.314 trill: 0.0 kld: nan 
2020-11-01 15:33:31 - 
2020-11-01 15:33:31 - 
2020-11-01 15:33:32 - Training Epoch 4
2020-11-01 15:33:32 - 
2020-11-01 15:33:38 - Training Loss
2020-11-01 15:33:38 - Total Loss: 0.9042091749302329
2020-11-01 15:33:38 - 	tempo: 0.1394 vel: 0.9683 dev: 0.7497 articul: 0.8962 pedal: 1.028 trill: 0.0 kld: nan 
2020-11-01 15:33:38 - 
2020-11-01 15:33:38 - Validation loss
2020-11-01 15:33:38 - Total Loss: 1.7782848477363586
2020-11-01 15:33:38 - 	tempo: 5.244 vel: 1.088 dev: 0.7895 articul: 1.323 pedal: 1.588 trill: 0.0 kld: nan 
2020-11-01 15:33:38 - 
2020-11-01 15:33:38 - 
2020-11-01 15:33:38 - Training Epoch 5
2020-11-01 15:33:38 - 
2020-11-01 15:33:44 - Training Loss
2020-11-01 15:33:44 - Total Loss: 0.9171406607094564
2020-11-01 15:33:44 - 	tempo: 0.184 vel: 0.9709 dev: 0.7398 articul: 0.9604 pedal: 1.033 trill: 0.0 kld: nan 
2020-11-01 15:33:44 - 
2020-11-01 15:33:44 - Validation loss
2020-11-01 15:33:44 - Total Loss: 1.6761036117871602
2020-11-01 15:33:44 - 	tempo: 4.633 vel: 0.9781 dev: 0.7663 articul: 1.357 pedal: 1.529 trill: 0.0 kld: nan 
2020-11-01 15:33:44 - 
2020-11-01 15:33:44 - 
2020-11-01 15:33:44 - Training Epoch 6
2020-11-01 15:33:44 - 
2020-11-01 15:33:50 - Training Loss
2020-11-01 15:33:50 - Total Loss: 0.8835452570490641
2020-11-01 15:33:50 - 	tempo: 0.1657 vel: 0.9665 dev: 0.7066 articul: 0.9176 pedal: 0.9946 trill: 0.0 kld: nan 
2020-11-01 15:33:50 - 
2020-11-01 15:33:50 - Validation loss
2020-11-01 15:33:50 - Total Loss: 1.9260268807411194
2020-11-01 15:33:50 - 	tempo: 5.184 vel: 0.9779 dev: 0.7546 articul: 0.6687 pedal: 1.943 trill: 0.0 kld: nan 
2020-11-01 15:33:50 - 
2020-11-01 15:33:50 - 
2020-11-01 15:33:50 - Training Epoch 7
2020-11-01 15:33:50 - 
2020-11-01 15:33:56 - Training Loss
2020-11-01 15:33:56 - Total Loss: 0.8945201243439765
2020-11-01 15:33:56 - 	tempo: 0.1463 vel: 0.9557 dev: 0.738 articul: 0.9304 pedal: 1.01 trill: 0.0 kld: nan 
2020-11-01 15:33:56 - 
2020-11-01 15:33:56 - Validation loss
2020-11-01 15:33:56 - Total Loss: 1.4181628028551738
2020-11-01 15:33:56 - 	tempo: 4.474 vel: 1.113 dev: 0.7546 articul: 1.121 pedal: 1.162 trill: 0.0 kld: nan 
2020-11-01 15:33:56 - 
2020-11-01 15:33:56 - 
2020-11-01 15:33:56 - Training Epoch 8
2020-11-01 15:33:56 - 
2020-11-01 15:34:02 - Training Loss
2020-11-01 15:34:02 - Total Loss: 0.8826740577414229
2020-11-01 15:34:02 - 	tempo: 0.1323 vel: 0.9209 dev: 0.7224 articul: 0.9336 pedal: 1.0 trill: 0.0 kld: nan 
2020-11-01 15:34:02 - 
2020-11-01 15:34:02 - Validation loss
2020-11-01 15:34:02 - Total Loss: 1.7767393191655476
2020-11-01 15:34:02 - 	tempo: 4.698 vel: 0.9773 dev: 0.8861 articul: 1.009 pedal: 1.71 trill: 0.0 kld: nan 
2020-11-01 15:34:02 - 
2020-11-01 15:34:02 - 
2020-11-01 15:34:02 - Training Epoch 9
2020-11-01 15:34:02 - 
2020-11-01 15:34:08 - Training Loss
2020-11-01 15:34:08 - Total Loss: 0.8879063238163252
2020-11-01 15:34:08 - 	tempo: 0.1651 vel: 0.9318 dev: 0.7135 articul: 0.9124 pedal: 1.006 trill: 0.0 kld: nan 
2020-11-01 15:34:08 - 
2020-11-01 15:34:08 - Validation loss
2020-11-01 15:34:08 - Total Loss: 1.6205630898475647
2020-11-01 15:34:08 - 	tempo: 5.118 vel: 1.191 dev: 0.7704 articul: 0.5603 pedal: 1.455 trill: 0.0 kld: nan 
2020-11-01 15:34:08 - 
2020-11-01 15:34:08 - 
2020-11-01 15:34:08 - Training Epoch 10
2020-11-01 15:34:08 - 
2020-11-01 15:34:14 - Training Loss
2020-11-01 15:34:14 - Total Loss: 0.9371471718947093
2020-11-01 15:34:14 - 	tempo: 0.1422 vel: 0.9616 dev: 0.7291 articul: 0.9142 pedal: 1.08 trill: 0.0 kld: nan 
2020-11-01 15:34:14 - 
2020-11-01 15:34:14 - Validation loss
2020-11-01 15:34:14 - Total Loss: 1.5725266734759014
2020-11-01 15:34:14 - 	tempo: 5.303 vel: 0.9942 dev: 0.7824 articul: 0.7798 pedal: 1.348 trill: 0.0 kld: nan 
2020-11-01 15:34:14 - 
2020-11-01 15:34:14 - 
2020-11-01 15:34:14 - Training Epoch 11
2020-11-01 15:34:14 - 
2020-11-01 15:34:20 - Training Loss
2020-11-01 15:34:20 - Total Loss: 0.9051245062759048
2020-11-01 15:34:20 - 	tempo: 0.1373 vel: 0.9156 dev: 0.7811 articul: 0.9816 pedal: 1.02 trill: 0.0 kld: nan 
2020-11-01 15:34:20 - 
2020-11-01 15:34:20 - Validation loss
2020-11-01 15:34:20 - Total Loss: 1.6362025737762451
2020-11-01 15:34:20 - 	tempo: 5.739 vel: 1.284 dev: 0.8488 articul: 1.119 pedal: 1.287 trill: 0.0 kld: nan 
2020-11-01 15:34:20 - 
2020-11-01 15:34:20 - 
2020-11-01 15:34:21 - Training Epoch 12
2020-11-01 15:34:21 - 
2020-11-01 15:34:28 - Training Loss
2020-11-01 15:34:28 - Total Loss: 0.9154741171892588
2020-11-01 15:34:28 - 	tempo: 0.1162 vel: 0.9833 dev: 0.7375 articul: 0.9323 pedal: 1.043 trill: 0.0 kld: nan 
2020-11-01 15:34:28 - 
2020-11-01 15:34:28 - Validation loss
2020-11-01 15:34:28 - Total Loss: 1.6429317394892375
2020-11-01 15:34:28 - 	tempo: 5.051 vel: 0.9783 dev: 0.7762 articul: 0.9596 pedal: 1.472 trill: 0.0 kld: nan 
2020-11-01 15:34:28 - 
2020-11-01 15:34:28 - 
2020-11-01 15:34:28 - Training Epoch 13
2020-11-01 15:34:28 - 
2020-11-01 15:34:35 - Training Loss
2020-11-01 15:34:35 - Total Loss: 0.8733281330267588
2020-11-01 15:34:35 - 	tempo: 0.1141 vel: 0.941 dev: 0.7309 articul: 0.9202 pedal: 0.9858 trill: 0.0 kld: nan 
2020-11-01 15:34:35 - 
2020-11-01 15:34:35 - Validation loss
2020-11-01 15:34:35 - Total Loss: 1.6099839011828105
2020-11-01 15:34:35 - 	tempo: 4.706 vel: 1.156 dev: 0.7878 articul: 0.713 pedal: 1.478 trill: 0.0 kld: nan 
2020-11-01 15:34:35 - 
2020-11-01 15:34:35 - 
2020-11-01 15:34:35 - Training Epoch 14
2020-11-01 15:34:35 - 
2020-11-01 15:34:41 - Training Loss
2020-11-01 15:34:41 - Total Loss: 0.8793205207502338
2020-11-01 15:34:41 - 	tempo: 0.1542 vel: 0.9427 dev: 0.7603 articul: 0.906 pedal: 0.9871 trill: 0.0 kld: nan 
2020-11-01 15:34:41 - 
2020-11-01 15:34:41 - Validation loss
2020-11-01 15:34:41 - Total Loss: 1.807485024134318
2020-11-01 15:34:41 - 	tempo: 5.375 vel: 1.099 dev: 0.784 articul: 0.7162 pedal: 1.701 trill: 0.0 kld: nan 
2020-11-01 15:34:41 - 
2020-11-01 15:34:41 - 
2020-11-01 15:34:41 - Training Epoch 15
2020-11-01 15:34:41 - 
2020-11-01 15:34:47 - Training Loss
2020-11-01 15:34:47 - Total Loss: 0.8879019625981649
2020-11-01 15:34:47 - 	tempo: 0.1102 vel: 0.9929 dev: 0.7087 articul: 0.9173 pedal: 1.005 trill: 0.0 kld: nan 
2020-11-01 15:34:47 - 
2020-11-01 15:34:47 - Validation loss
2020-11-01 15:34:47 - Total Loss: 1.8174462914466858
2020-11-01 15:34:47 - 	tempo: 5.039 vel: 0.98 dev: 0.757 articul: 1.343 pedal: 1.696 trill: 0.0 kld: nan 
2020-11-01 15:34:47 - 
2020-11-01 15:34:47 - 
2020-11-01 15:34:47 - FINISHED TRANSFORMER ENCODER ONLY VERSION 0.2 TRAINING JOB AT 15 EPOCHS FOR DEV DATA SET
2020-11-01 15:38:40 - STARTING TRANSFORMER ENCODER ONLY TRAINING VERSION 0.2 JOB AT 30 EPOCHS FOR DEV DATA SET
2020-11-01 15:38:40 - Training Epoch 1
2020-11-01 15:38:40 - 
2020-11-01 15:38:46 - Training Loss
2020-11-01 15:38:46 - Total Loss: 2.7925869891904807
2020-11-01 15:38:46 - 	tempo: 2.371 vel: 2.879 dev: 2.692 articul: 2.053 pedal: 2.961 trill: 0.0 kld: nan 
2020-11-01 15:38:46 - 
2020-11-01 15:38:46 - Validation loss
2020-11-01 15:38:46 - Total Loss: 2.291391889254252
2020-11-01 15:38:46 - 	tempo: 6.196 vel: 1.124 dev: 0.7643 articul: 0.7855 pedal: 2.334 trill: 0.0 kld: nan 
2020-11-01 15:38:46 - 
2020-11-01 15:38:46 - 
2020-11-01 15:38:46 - Training Epoch 2
2020-11-01 15:38:46 - 
2020-11-01 15:38:52 - Training Loss
2020-11-01 15:38:52 - Total Loss: 0.9473102512328249
2020-11-01 15:38:52 - 	tempo: 0.2148 vel: 1.034 dev: 0.8045 articul: 0.9924 pedal: 1.053 trill: 0.0 kld: nan 
2020-11-01 15:38:52 - 
2020-11-01 15:38:52 - Validation loss
2020-11-01 15:38:52 - Total Loss: 1.7810642917950947
2020-11-01 15:38:52 - 	tempo: 5.39 vel: 1.102 dev: 0.9138 articul: 1.732 pedal: 1.493 trill: 0.0 kld: nan 
2020-11-01 15:38:52 - 
2020-11-01 15:38:52 - 
2020-11-01 15:38:52 - Training Epoch 3
2020-11-01 15:38:52 - 
2020-11-01 15:38:58 - Training Loss
2020-11-01 15:38:58 - Total Loss: 0.913948109423792
2020-11-01 15:38:58 - 	tempo: 0.1479 vel: 1.004 dev: 0.7824 articul: 0.9239 pedal: 1.028 trill: 0.0 kld: nan 
2020-11-01 15:38:58 - 
2020-11-01 15:38:58 - Validation loss
2020-11-01 15:38:58 - Total Loss: 2.588279366493225
2020-11-01 15:38:58 - 	tempo: 7.682 vel: 1.029 dev: 1.226 articul: 0.9159 pedal: 2.517 trill: 0.0 kld: nan 
2020-11-01 15:38:58 - 
2020-11-01 15:38:58 - 
2020-11-01 15:38:58 - Training Epoch 4
2020-11-01 15:38:58 - 
2020-11-01 15:39:05 - Training Loss
2020-11-01 15:39:05 - Total Loss: 0.917683640847335
2020-11-01 15:39:05 - 	tempo: 0.1425 vel: 0.9713 dev: 0.7726 articul: 0.9012 pedal: 1.044 trill: 0.0 kld: nan 
2020-11-01 15:39:05 - 
2020-11-01 15:39:05 - Validation loss
2020-11-01 15:39:05 - Total Loss: 1.719927986462911
2020-11-01 15:39:05 - 	tempo: 4.991 vel: 0.9888 dev: 0.7857 articul: 0.6558 pedal: 1.643 trill: 0.0 kld: nan 
2020-11-01 15:39:05 - 
2020-11-01 15:39:05 - 
2020-11-01 15:39:06 - Training Epoch 5
2020-11-01 15:39:06 - 
2020-11-01 15:39:11 - Training Loss
2020-11-01 15:39:11 - Total Loss: 0.9087825874759726
2020-11-01 15:39:11 - 	tempo: 0.1496 vel: 0.9957 dev: 0.7511 articul: 0.9779 pedal: 1.017 trill: 0.0 kld: nan 
2020-11-01 15:39:11 - 
2020-11-01 15:39:11 - Validation loss
2020-11-01 15:39:11 - Total Loss: 1.8010689814885457
2020-11-01 15:39:11 - 	tempo: 5.196 vel: 1.037 dev: 0.7615 articul: 1.096 pedal: 1.675 trill: 0.0 kld: nan 
2020-11-01 15:39:11 - 
2020-11-01 15:39:11 - 
2020-11-01 15:39:12 - Training Epoch 6
2020-11-01 15:39:12 - 
2020-11-01 15:39:17 - Training Loss
2020-11-01 15:39:17 - Total Loss: 0.9133997628950092
2020-11-01 15:39:17 - 	tempo: 0.1337 vel: 0.9541 dev: 0.8022 articul: 0.9294 pedal: 1.033 trill: 0.0 kld: nan 
2020-11-01 15:39:17 - 
2020-11-01 15:39:17 - Validation loss
2020-11-01 15:39:17 - Total Loss: 1.5422952969868977
2020-11-01 15:39:17 - 	tempo: 4.743 vel: 1.569 dev: 0.7554 articul: 1.428 pedal: 1.21 trill: 0.0 kld: nan 
2020-11-01 15:39:17 - 
2020-11-01 15:39:17 - 
2020-11-01 15:39:17 - Training Epoch 7
2020-11-01 15:39:17 - 
2020-11-01 15:39:23 - Training Loss
2020-11-01 15:39:23 - Total Loss: 0.9221737400481576
2020-11-01 15:39:23 - 	tempo: 0.1518 vel: 0.9402 dev: 0.7028 articul: 0.9837 pedal: 1.052 trill: 0.0 kld: nan 
2020-11-01 15:39:23 - 
2020-11-01 15:39:23 - Validation loss
2020-11-01 15:39:23 - Total Loss: 1.988492210706075
2020-11-01 15:39:23 - 	tempo: 8.3 vel: 0.9781 dev: 0.778 articul: 1.233 pedal: 1.512 trill: 0.0 kld: nan 
2020-11-01 15:39:23 - 
2020-11-01 15:39:23 - 
2020-11-01 15:39:23 - Training Epoch 8
2020-11-01 15:39:23 - 
2020-11-01 15:39:29 - Training Loss
2020-11-01 15:39:29 - Total Loss: 0.8606926375949705
2020-11-01 15:39:29 - 	tempo: 0.1223 vel: 0.9034 dev: 0.7114 articul: 0.9073 pedal: 0.9748 trill: 0.0 kld: nan 
2020-11-01 15:39:29 - 
2020-11-01 15:39:29 - Validation loss
2020-11-01 15:39:29 - Total Loss: 1.4795751770337422
2020-11-01 15:39:29 - 	tempo: 4.682 vel: 1.104 dev: 0.7546 articul: 0.914 pedal: 1.26 trill: 0.0 kld: nan 
2020-11-01 15:39:29 - 
2020-11-01 15:39:29 - 
2020-11-01 15:39:29 - Training Epoch 9
2020-11-01 15:39:29 - 
2020-11-01 15:39:35 - Training Loss
2020-11-01 15:39:35 - Total Loss: 0.8721578331788381
2020-11-01 15:39:35 - 	tempo: 0.1401 vel: 0.9545 dev: 0.7117 articul: 0.9107 pedal: 0.9824 trill: 0.0 kld: nan 
2020-11-01 15:39:35 - 
2020-11-01 15:39:35 - Validation loss
2020-11-01 15:39:35 - Total Loss: 1.7021830081939697
2020-11-01 15:39:35 - 	tempo: 5.388 vel: 1.06 dev: 0.7944 articul: 0.7397 pedal: 1.535 trill: 0.0 kld: nan 
2020-11-01 15:39:35 - 
2020-11-01 15:39:35 - 
2020-11-01 15:39:35 - Training Epoch 10
2020-11-01 15:39:35 - 
2020-11-01 15:39:41 - Training Loss
2020-11-01 15:39:41 - Total Loss: 0.8599288326662939
2020-11-01 15:39:41 - 	tempo: 0.127 vel: 0.9365 dev: 0.7135 articul: 0.8962 pedal: 0.9694 trill: 0.0 kld: nan 
2020-11-01 15:39:41 - 
2020-11-01 15:39:41 - Validation loss
2020-11-01 15:39:41 - Total Loss: 1.6145682732264202
2020-11-01 15:39:41 - 	tempo: 5.102 vel: 1.126 dev: 0.8099 articul: 0.7793 pedal: 1.42 trill: 0.0 kld: nan 
2020-11-01 15:39:41 - 
2020-11-01 15:39:41 - 
2020-11-01 15:39:41 - Training Epoch 11
2020-11-01 15:39:41 - 
2020-11-01 15:39:47 - Training Loss
2020-11-01 15:39:47 - Total Loss: 0.8719394999007656
2020-11-01 15:39:47 - 	tempo: 0.1365 vel: 0.9579 dev: 0.7138 articul: 0.9342 pedal: 0.9784 trill: 0.0 kld: nan 
2020-11-01 15:39:47 - 
2020-11-01 15:39:47 - Validation loss
2020-11-01 15:39:47 - Total Loss: 1.5405383706092834
2020-11-01 15:39:47 - 	tempo: 5.143 vel: 1.119 dev: 0.7793 articul: 0.7475 pedal: 1.308 trill: 0.0 kld: nan 
2020-11-01 15:39:47 - 
2020-11-01 15:39:47 - 
2020-11-01 15:39:47 - Training Epoch 12
2020-11-01 15:39:47 - 
2020-11-01 15:39:53 - Training Loss
2020-11-01 15:39:53 - Total Loss: 0.8714906283219656
2020-11-01 15:39:53 - 	tempo: 0.1373 vel: 0.9835 dev: 0.7258 articul: 0.9124 pedal: 0.9753 trill: 0.0 kld: nan 
2020-11-01 15:39:53 - 
2020-11-01 15:39:53 - Validation loss
2020-11-01 15:39:53 - Total Loss: 1.5423949360847473
2020-11-01 15:39:53 - 	tempo: 4.591 vel: 1.273 dev: 0.7663 articul: 0.8516 pedal: 1.355 trill: 0.0 kld: nan 
2020-11-01 15:39:53 - 
2020-11-01 15:39:53 - 
2020-11-01 15:39:53 - Training Epoch 13
2020-11-01 15:39:53 - 
2020-11-01 15:39:59 - Training Loss
2020-11-01 15:39:59 - Total Loss: 0.8949250853061677
2020-11-01 15:39:59 - 	tempo: 0.124 vel: 0.9431 dev: 0.7795 articul: 0.9384 pedal: 1.008 trill: 0.0 kld: nan 
2020-11-01 15:39:59 - 
2020-11-01 15:39:59 - Validation loss
2020-11-01 15:39:59 - Total Loss: 1.5938833951950073
2020-11-01 15:39:59 - 	tempo: 4.958 vel: 1.005 dev: 1.144 articul: 0.9451 pedal: 1.354 trill: 0.0 kld: nan 
2020-11-01 15:39:59 - 
2020-11-01 15:39:59 - 
2020-11-01 15:40:00 - Training Epoch 14
2020-11-01 15:40:00 - 
2020-11-01 15:40:05 - Training Loss
2020-11-01 15:40:05 - Total Loss: 0.8964424792088961
2020-11-01 15:40:05 - 	tempo: 0.1645 vel: 0.9853 dev: 0.7078 articul: 0.9507 pedal: 1.008 trill: 0.0 kld: nan 
2020-11-01 15:40:05 - 
2020-11-01 15:40:05 - Validation loss
2020-11-01 15:40:05 - Total Loss: 1.3110073407491047
2020-11-01 15:40:05 - 	tempo: 3.59 vel: 1.017 dev: 0.9184 articul: 0.8236 pedal: 1.153 trill: 0.0 kld: nan 
2020-11-01 15:40:05 - 
2020-11-01 15:40:05 - 
2020-11-01 15:40:06 - Training Epoch 15
2020-11-01 15:40:06 - 
2020-11-01 15:40:12 - Training Loss
2020-11-01 15:40:12 - Total Loss: 0.8803792991920522
2020-11-01 15:40:12 - 	tempo: 0.1207 vel: 0.9724 dev: 0.7208 articul: 0.9397 pedal: 0.9901 trill: 0.0 kld: nan 
2020-11-01 15:40:12 - 
2020-11-01 15:40:13 - Validation loss
2020-11-01 15:40:13 - Total Loss: 1.5598638852437336
2020-11-01 15:40:13 - 	tempo: 4.672 vel: 1.001 dev: 0.8524 articul: 0.6802 pedal: 1.422 trill: 0.0 kld: nan 
2020-11-01 15:40:13 - 
2020-11-01 15:40:13 - 
2020-11-01 15:40:13 - Training Epoch 16
2020-11-01 15:40:13 - 
2020-11-01 15:40:19 - Training Loss
2020-11-01 15:40:19 - Total Loss: 0.8913052578767141
2020-11-01 15:40:19 - 	tempo: 0.1177 vel: 0.9151 dev: 0.7892 articul: 0.9191 pedal: 1.009 trill: 0.0 kld: nan 
2020-11-01 15:40:19 - 
2020-11-01 15:40:19 - Validation loss
2020-11-01 15:40:19 - Total Loss: 1.5939172705014546
2020-11-01 15:40:19 - 	tempo: 6.456 vel: 2.374 dev: 0.9121 articul: 0.6115 pedal: 1.026 trill: 0.0 kld: nan 
2020-11-01 15:40:19 - 
2020-11-01 15:40:19 - 
2020-11-01 15:40:19 - Training Epoch 17
2020-11-01 15:40:19 - 
2020-11-01 15:40:25 - Training Loss
2020-11-01 15:40:25 - Total Loss: 0.935308864634288
2020-11-01 15:40:25 - 	tempo: 0.1507 vel: 1.022 dev: 0.7505 articul: 0.947 pedal: 1.06 trill: 0.0 kld: nan 
2020-11-01 15:40:25 - 
2020-11-01 15:40:25 - Validation loss
2020-11-01 15:40:25 - Total Loss: 1.5349037051200867
2020-11-01 15:40:25 - 	tempo: 5.335 vel: 1.044 dev: 0.7564 articul: 0.7465 pedal: 1.286 trill: 0.0 kld: nan 
2020-11-01 15:40:25 - 
2020-11-01 15:40:25 - 
2020-11-01 15:40:25 - Training Epoch 18
2020-11-01 15:40:25 - 
2020-11-01 15:40:31 - Training Loss
2020-11-01 15:40:31 - Total Loss: 0.9021559350001507
2020-11-01 15:40:31 - 	tempo: 0.1377 vel: 0.9591 dev: 0.7463 articul: 0.9091 pedal: 1.024 trill: 0.0 kld: nan 
2020-11-01 15:40:31 - 
2020-11-01 15:40:31 - Validation loss
2020-11-01 15:40:31 - Total Loss: 1.6624635457992554
2020-11-01 15:40:31 - 	tempo: 4.307 vel: 1.064 dev: 0.8538 articul: 1.173 pedal: 1.556 trill: 0.0 kld: nan 
2020-11-01 15:40:31 - 
2020-11-01 15:40:31 - 
2020-11-01 15:40:31 - Training Epoch 19
2020-11-01 15:40:31 - 
2020-11-01 15:40:37 - Training Loss
2020-11-01 15:40:37 - Total Loss: 0.8945615911170056
2020-11-01 15:40:37 - 	tempo: 0.1377 vel: 0.949 dev: 0.7433 articul: 0.9279 pedal: 1.012 trill: 0.0 kld: nan 
2020-11-01 15:40:37 - 
2020-11-01 15:40:37 - Validation loss
2020-11-01 15:40:37 - Total Loss: 1.978366732597351
2020-11-01 15:40:37 - 	tempo: 7.368 vel: 1.015 dev: 1.023 articul: 0.9321 pedal: 1.632 trill: 0.0 kld: nan 
2020-11-01 15:40:37 - 
2020-11-01 15:40:37 - 
2020-11-01 15:40:38 - Training Epoch 20
2020-11-01 15:40:38 - 
2020-11-01 15:40:43 - Training Loss
2020-11-01 15:40:43 - Total Loss: 0.9287885427474976
2020-11-01 15:40:43 - 	tempo: 0.1441 vel: 0.9434 dev: 0.7562 articul: 0.9028 pedal: 1.067 trill: 0.0 kld: nan 
2020-11-01 15:40:43 - 
2020-11-01 15:40:43 - Validation loss
2020-11-01 15:40:43 - Total Loss: 1.6853647430737813
2020-11-01 15:40:43 - 	tempo: 4.276 vel: 0.9803 dev: 0.7667 articul: 0.7934 pedal: 1.675 trill: 0.0 kld: nan 
2020-11-01 15:40:43 - 
2020-11-01 15:40:43 - 
2020-11-01 15:40:44 - Training Epoch 21
2020-11-01 15:40:44 - 
2020-11-01 15:40:49 - Training Loss
2020-11-01 15:40:49 - Total Loss: 0.8957596009499148
2020-11-01 15:40:49 - 	tempo: 0.1354 vel: 0.9388 dev: 0.7353 articul: 0.9133 pedal: 1.019 trill: 0.0 kld: nan 
2020-11-01 15:40:49 - 
2020-11-01 15:40:50 - Validation loss
2020-11-01 15:40:50 - Total Loss: 1.3991602659225464
2020-11-01 15:40:50 - 	tempo: 4.043 vel: 0.9933 dev: 1.185 articul: 0.5562 pedal: 1.23 trill: 0.0 kld: nan 
2020-11-01 15:40:50 - 
2020-11-01 15:40:50 - 
2020-11-01 15:40:50 - Training Epoch 22
2020-11-01 15:40:50 - 
2020-11-01 15:40:56 - Training Loss
2020-11-01 15:40:56 - Total Loss: 0.8918487477302551
2020-11-01 15:40:56 - 	tempo: 0.1643 vel: 0.9353 dev: 0.7536 articul: 0.978 pedal: 0.997 trill: 0.0 kld: nan 
2020-11-01 15:40:56 - 
2020-11-01 15:40:56 - Validation loss
2020-11-01 15:40:56 - Total Loss: 1.4925270279248555
2020-11-01 15:40:56 - 	tempo: 4.208 vel: 1.098 dev: 0.7684 articul: 0.8823 pedal: 1.352 trill: 0.0 kld: nan 
2020-11-01 15:40:56 - 
2020-11-01 15:40:56 - 
2020-11-01 15:40:56 - Training Epoch 23
2020-11-01 15:40:56 - 
2020-11-01 15:41:01 - Training Loss
2020-11-01 15:41:01 - Total Loss: 0.8660683366533828
2020-11-01 15:41:01 - 	tempo: 0.126 vel: 0.9487 dev: 0.7225 articul: 0.934 pedal: 0.9708 trill: 0.0 kld: nan 
2020-11-01 15:41:01 - 
2020-11-01 15:41:01 - Validation loss
2020-11-01 15:41:01 - Total Loss: 1.5330886046091716
2020-11-01 15:41:01 - 	tempo: 6.236 vel: 1.07 dev: 0.791 articul: 0.6298 pedal: 1.162 trill: 0.0 kld: nan 
2020-11-01 15:41:01 - 
2020-11-01 15:41:01 - 
2020-11-01 15:41:02 - Training Epoch 24
2020-11-01 15:41:02 - 
2020-11-01 15:41:07 - Training Loss
2020-11-01 15:41:07 - Total Loss: 0.9072836599719356
2020-11-01 15:41:07 - 	tempo: 0.1413 vel: 0.9536 dev: 0.7396 articul: 0.9159 pedal: 1.033 trill: 0.0 kld: nan 
2020-11-01 15:41:07 - 
2020-11-01 15:41:07 - Validation loss
2020-11-01 15:41:07 - Total Loss: 1.839230438073476
2020-11-01 15:41:07 - 	tempo: 3.365 vel: 0.9799 dev: 0.7576 articul: 0.9625 pedal: 2.024 trill: 0.0 kld: nan 
2020-11-01 15:41:07 - 
2020-11-01 15:41:07 - 
2020-11-01 15:41:07 - Training Epoch 25
2020-11-01 15:41:07 - 
2020-11-01 15:41:13 - Training Loss
2020-11-01 15:41:13 - Total Loss: 0.8877152368808404
2020-11-01 15:41:13 - 	tempo: 0.1341 vel: 0.9422 dev: 0.7265 articul: 0.9193 pedal: 1.006 trill: 0.0 kld: nan 
2020-11-01 15:41:13 - 
2020-11-01 15:41:13 - Validation loss
2020-11-01 15:41:13 - Total Loss: 1.6451409657796223
2020-11-01 15:41:13 - 	tempo: 4.967 vel: 1.757 dev: 1.005 articul: 0.4867 pedal: 1.412 trill: 0.0 kld: nan 
2020-11-01 15:41:13 - 
2020-11-01 15:41:13 - 
2020-11-01 15:41:13 - Training Epoch 26
2020-11-01 15:41:13 - 
2020-11-01 15:41:30 - Training Loss
2020-11-01 15:41:30 - Total Loss: 0.901949224472046
2020-11-01 15:41:30 - 	tempo: 0.1113 vel: 0.9411 dev: 0.7739 articul: 0.9317 pedal: 1.023 trill: 0.0 kld: nan 
2020-11-01 15:41:30 - 
2020-11-01 15:41:31 - Validation loss
2020-11-01 15:41:31 - Total Loss: 1.9273239572842915
2020-11-01 15:41:31 - 	tempo: 6.129 vel: 0.981 dev: 0.8034 articul: 1.247 pedal: 1.72 trill: 0.0 kld: nan 
2020-11-01 15:41:31 - 
2020-11-01 15:41:31 - 
2020-11-01 15:41:31 - Training Epoch 27
2020-11-01 15:41:31 - 
2020-11-01 15:41:36 - Training Loss
2020-11-01 15:41:36 - Total Loss: 0.892215100924174
2020-11-01 15:41:36 - 	tempo: 0.1424 vel: 0.9313 dev: 0.7074 articul: 0.9101 pedal: 1.018 trill: 0.0 kld: nan 
2020-11-01 15:41:36 - 
2020-11-01 15:41:36 - Validation loss
2020-11-01 15:41:36 - Total Loss: 1.6550161242485046
2020-11-01 15:41:36 - 	tempo: 3.387 vel: 0.9777 dev: 0.817 articul: 1.948 pedal: 1.582 trill: 0.0 kld: nan 
2020-11-01 15:41:36 - 
2020-11-01 15:41:36 - 
2020-11-01 15:41:37 - Training Epoch 28
2020-11-01 15:41:37 - 
2020-11-01 15:41:42 - Training Loss
2020-11-01 15:41:42 - Total Loss: 0.9013206358696964
2020-11-01 15:41:42 - 	tempo: 0.1339 vel: 0.9164 dev: 0.7326 articul: 0.9304 pedal: 1.029 trill: 0.0 kld: nan 
2020-11-01 15:41:42 - 
2020-11-01 15:41:42 - Validation loss
2020-11-01 15:41:42 - Total Loss: 1.868841032187144
2020-11-01 15:41:42 - 	tempo: 4.235 vel: 1.226 dev: 0.8739 articul: 0.5683 pedal: 1.951 trill: 0.0 kld: nan 
2020-11-01 15:41:42 - 
2020-11-01 15:41:42 - 
2020-11-01 15:41:43 - Training Epoch 29
2020-11-01 15:41:43 - 
2020-11-01 15:41:48 - Training Loss
2020-11-01 15:41:48 - Total Loss: 0.8910302070828228
2020-11-01 15:41:48 - 	tempo: 0.1987 vel: 0.9616 dev: 0.7288 articul: 0.9075 pedal: 1.001 trill: 0.0 kld: nan 
2020-11-01 15:41:48 - 
2020-11-01 15:41:48 - Validation loss
2020-11-01 15:41:48 - Total Loss: 1.52562020222346
2020-11-01 15:41:48 - 	tempo: 5.492 vel: 1.042 dev: 0.7831 articul: 0.6059 pedal: 1.266 trill: 0.0 kld: nan 
2020-11-01 15:41:48 - 
2020-11-01 15:41:48 - 
2020-11-01 15:41:49 - Training Epoch 30
2020-11-01 15:41:49 - 
2020-11-01 15:41:54 - Training Loss
2020-11-01 15:41:54 - Total Loss: 0.8629394893522386
2020-11-01 15:41:54 - 	tempo: 0.1181 vel: 0.9499 dev: 0.7209 articul: 0.9223 pedal: 0.9687 trill: 0.0 kld: nan 
2020-11-01 15:41:54 - 
2020-11-01 15:41:54 - Validation loss
2020-11-01 15:41:54 - Total Loss: 1.803652048110962
2020-11-01 15:41:54 - 	tempo: 5.345 vel: 0.9791 dev: 0.7678 articul: 1.162 pedal: 1.655 trill: 0.0 kld: nan 
2020-11-01 15:41:54 - 
2020-11-01 15:41:54 - 
2020-11-01 15:41:55 - FINISHED TRANSFORMER ENCODER ONLY VERSION 0.2 TRAINING JOB AT 30 EPOCHS FOR DEV DATA SET
