2020-10-24 16:04:15 - Loading the training data
2020-10-24 16:16:48 - number of train performances: 709 number of valid perf: 82
2020-10-24 16:16:48 - training sample example: [0.6979665018697635, -0.06717901528552674, -0.24900381647255815, -0.18282409397938054, -0.28513258251543067, -0.0476638292090852, -0.6054306213640016, -0.722166594420889, 0.16666666666666666, 0.0011402508551881414, 0, 0, 0, 0.25, 0, 0, 0, 1, 0, 0, 0, 0, 0, 0, 0, 0, 0.3, 0, 0, 0, 0, -0.4, 0, 0, 0, 0, 1, 0, 0, 1, 0, 0, 0, 1, 0, 0, 0, 0, 1, 0, 1, 0, 0, 0, 0, 0, 0, 0, 0, 1, 0, 0, 0, 0, 0, 0, 0, 0, 0, 0, 0, 0, 0, 0, 0, 0, 0.3, 0]
2020-10-24 16:33:37 - STARTING TRANSFORMER ENCODER ONLY TRAINING VERSION 0.1 JOB AT 15 EPOCHS FOR DEV DATA SET
2020-10-24 16:33:37 - Training Epoch 1
2020-10-24 16:33:37 - 
2020-10-24 16:33:59 - STARTING TRANSFORMER ENCODER ONLY TRAINING VERSION 0.1 JOB AT 50 EPOCHS FOR  DATA SET
2020-10-24 16:33:59 - Training Epoch 1
2020-10-24 16:33:59 - 
2020-10-24 16:46:34 - Training Loss
2020-10-24 16:46:34 - Total Loss: 1.2197596945978098
2020-10-24 16:46:34 - 	tempo: 0.8848 vel: 1.192 dev: 2.344 articul: 1.213 pedal: 1.112 trill: 0.0 kld: nan 
2020-10-24 16:46:34 - 
2020-10-24 16:46:41 - Validation loss
2020-10-24 16:46:41 - Total Loss: 1.8340128585568423
2020-10-24 16:46:41 - 	tempo: 2.096 vel: 1.327 dev: 0.764 articul: 1.169 pedal: 2.117 trill: 0.0 kld: nan 
2020-10-24 16:46:41 - 
2020-10-24 16:46:41 - 
2020-10-24 16:46:42 - Training Epoch 2
2020-10-24 16:46:42 - 
2020-10-24 16:58:03 - Training Loss
2020-10-24 16:58:03 - Total Loss: 1.172613831084838
2020-10-24 16:58:03 - 	tempo: 0.8736 vel: 1.183 dev: 1.995 articul: 1.185 pedal: 1.095 trill: 0.0 kld: nan 
2020-10-24 16:58:03 - 
2020-10-24 16:58:12 - Validation loss
2020-10-24 16:58:12 - Total Loss: 1.483050409524605
2020-10-24 16:58:12 - 	tempo: 1.693 vel: 0.8802 dev: 0.7653 articul: 1.04 pedal: 1.705 trill: 0.0 kld: nan 
2020-10-24 16:58:12 - 
2020-10-24 16:58:12 - 
2020-10-24 16:58:12 - Training Epoch 3
2020-10-24 16:58:12 - 
2020-10-24 17:09:50 - Training Loss
2020-10-24 17:09:50 - Total Loss: 1.1900862356775443
2020-10-24 17:09:50 - 	tempo: 0.8963 vel: 1.202 dev: 2.106 articul: 1.187 pedal: 1.1 trill: 0.0 kld: nan 
2020-10-24 17:09:50 - 
2020-10-24 17:09:58 - Validation loss
2020-10-24 17:09:58 - Total Loss: 1.5054963088976172
2020-10-24 17:09:58 - 	tempo: 1.25 vel: 1.007 dev: 1.002 articul: 1.047 pedal: 1.751 trill: 0.0 kld: nan 
2020-10-24 17:09:58 - 
2020-10-24 17:09:58 - 
2020-10-24 17:09:58 - Training Epoch 4
2020-10-24 17:09:58 - 
2020-10-24 17:21:59 - Training Loss
2020-10-24 17:21:59 - Total Loss: 1.1766496587862312
2020-10-24 17:21:59 - 	tempo: 0.8927 vel: 1.186 dev: 1.988 articul: 1.197 pedal: 1.097 trill: 0.0 kld: nan 
2020-10-24 17:21:59 - 
2020-10-24 17:22:06 - Validation loss
2020-10-24 17:22:06 - Total Loss: 1.4353235981330352
2020-10-24 17:22:06 - 	tempo: 1.744 vel: 0.9716 dev: 0.7574 articul: 1.043 pedal: 1.61 trill: 0.0 kld: nan 
2020-10-24 17:22:06 - 
2020-10-24 17:22:06 - 
2020-10-24 17:22:07 - Training Epoch 5
2020-10-24 17:22:07 - 
2020-10-24 17:33:25 - Training Loss
2020-10-24 17:33:25 - Total Loss: 1.1660122714788268
2020-10-24 17:33:25 - 	tempo: 0.9098 vel: 1.178 dev: 1.816 articul: 1.18 pedal: 1.106 trill: 0.0 kld: nan 
2020-10-24 17:33:25 - 
2020-10-24 17:33:31 - Validation loss
2020-10-24 17:33:31 - Total Loss: 1.3666357030335547
2020-10-24 17:33:31 - 	tempo: 1.408 vel: 1.106 dev: 0.7717 articul: 1.082 pedal: 1.524 trill: 0.0 kld: nan 
2020-10-24 17:33:31 - 
2020-10-24 17:33:31 - 
2020-10-24 17:33:31 - Training Epoch 6
2020-10-24 17:33:31 - 
2020-10-24 17:44:08 - Training Loss
2020-10-24 17:44:08 - Total Loss: 1.2562412861241352
2020-10-24 17:44:08 - 	tempo: 0.898 vel: 1.186 dev: 2.753 articul: 1.197 pedal: 1.112 trill: 0.0 kld: nan 
2020-10-24 17:44:08 - 
2020-10-24 17:44:13 - Validation loss
2020-10-24 17:44:13 - Total Loss: 2.016009836669626
2020-10-24 17:44:13 - 	tempo: 1.569 vel: 1.406 dev: 0.7985 articul: 1.329 pedal: 2.439 trill: 0.0 kld: nan 
2020-10-24 17:44:13 - 
2020-10-24 17:44:13 - 
2020-10-24 17:44:14 - Training Epoch 7
2020-10-24 17:44:14 - 
2020-10-24 17:54:06 - Training Loss
2020-10-24 17:54:06 - Total Loss: 1.16839269656771
2020-10-24 17:54:06 - 	tempo: 0.9627 vel: 1.19 dev: 1.696 articul: 1.197 pedal: 1.115 trill: 0.0 kld: nan 
2020-10-24 17:54:06 - 
2020-10-24 17:54:11 - Validation loss
2020-10-24 17:54:11 - Total Loss: 1.7307482841244033
2020-10-24 17:54:11 - 	tempo: 2.274 vel: 1.249 dev: 0.9336 articul: 1.234 pedal: 1.907 trill: 0.0 kld: nan 
2020-10-24 17:54:11 - 
2020-10-24 17:54:11 - 
2020-10-24 17:54:11 - Training Epoch 8
2020-10-24 17:54:11 - 
2020-10-24 18:03:08 - Training Loss
2020-10-24 18:03:08 - Total Loss: 1.2010624623407087
2020-10-24 18:03:08 - 	tempo: 0.8902 vel: 1.192 dev: 2.164 articul: 1.198 pedal: 1.11 trill: 0.0 kld: nan 
2020-10-24 18:03:08 - 
2020-10-24 18:03:14 - Validation loss
2020-10-24 18:03:14 - Total Loss: 1.7381746788409977
2020-10-24 18:03:14 - 	tempo: 1.3 vel: 0.9326 dev: 0.8296 articul: 1.306 pedal: 2.107 trill: 0.0 kld: nan 
2020-10-24 18:03:14 - 
2020-10-24 18:03:14 - 
2020-10-24 18:03:14 - Training Epoch 9
2020-10-24 18:03:14 - 
2020-10-24 18:13:20 - Training Loss
2020-10-24 18:13:20 - Total Loss: 1.1932151909915778
2020-10-24 18:13:20 - 	tempo: 0.8831 vel: 1.181 dev: 2.143 articul: 1.199 pedal: 1.103 trill: 0.0 kld: nan 
2020-10-24 18:13:20 - 
2020-10-24 18:13:24 - Validation loss
2020-10-24 18:13:24 - Total Loss: 1.473315079290023
2020-10-24 18:13:24 - 	tempo: 1.283 vel: 1.03 dev: 0.7825 articul: 1.154 pedal: 1.708 trill: 0.0 kld: nan 
2020-10-24 18:13:24 - 
2020-10-24 18:13:24 - 
2020-10-24 18:13:25 - Training Epoch 10
2020-10-24 18:13:25 - 
2020-10-24 18:23:10 - Training Loss
2020-10-24 18:23:10 - Total Loss: 1.1784636291614308
2020-10-24 18:23:10 - 	tempo: 0.9262 vel: 1.19 dev: 1.907 articul: 1.189 pedal: 1.107 trill: 0.0 kld: nan 
2020-10-24 18:23:10 - 
2020-10-24 18:23:15 - Validation loss
2020-10-24 18:23:15 - Total Loss: 1.6323687770551474
2020-10-24 18:23:15 - 	tempo: 1.281 vel: 1.064 dev: 0.9238 articul: 1.038 pedal: 1.95 trill: 0.0 kld: nan 
2020-10-24 18:23:15 - 
2020-10-24 18:23:15 - 
2020-10-24 18:23:15 - Training Epoch 11
2020-10-24 18:23:15 - 
2020-10-24 18:32:23 - Training Loss
2020-10-24 18:32:23 - Total Loss: 1.2081092413549306
2020-10-24 18:32:23 - 	tempo: 0.9003 vel: 1.183 dev: 2.209 articul: 1.202 pedal: 1.114 trill: 0.0 kld: nan 
2020-10-24 18:32:23 - 
2020-10-24 18:32:28 - Validation loss
2020-10-24 18:32:28 - Total Loss: 1.5263929889240704
2020-10-24 18:32:28 - 	tempo: 1.617 vel: 0.9883 dev: 0.7946 articul: 1.092 pedal: 1.757 trill: 0.0 kld: nan 
2020-10-24 18:32:28 - 
2020-10-24 18:32:28 - 
2020-10-24 18:32:28 - Training Epoch 12
2020-10-24 18:32:28 - 
2020-10-24 18:42:36 - Training Loss
2020-10-24 18:42:36 - Total Loss: 1.2012086945018994
2020-10-24 18:42:36 - 	tempo: 0.8836 vel: 1.184 dev: 2.126 articul: 1.192 pedal: 1.118 trill: 0.0 kld: nan 
2020-10-24 18:42:36 - 
2020-10-24 18:42:44 - Validation loss
2020-10-24 18:42:44 - Total Loss: 2.2065442392348418
2020-10-24 18:42:44 - 	tempo: 1.593 vel: 1.031 dev: 0.7921 articul: 1.088 pedal: 2.824 trill: 0.0 kld: nan 
2020-10-24 18:42:44 - 
2020-10-24 18:42:44 - 
2020-10-24 18:42:44 - Training Epoch 13
2020-10-24 18:42:44 - 
2020-10-24 18:51:47 - Training Loss
2020-10-24 18:51:47 - Total Loss: 1.1855999951607747
2020-10-24 18:51:47 - 	tempo: 0.8899 vel: 1.185 dev: 2.067 articul: 1.208 pedal: 1.099 trill: 0.0 kld: nan 
2020-10-24 18:51:47 - 
2020-10-24 18:51:51 - Validation loss
2020-10-24 18:51:51 - Total Loss: 2.113712052848558
2020-10-24 18:51:51 - 	tempo: 1.374 vel: 1.084 dev: 0.861 articul: 1.737 pedal: 2.599 trill: 0.0 kld: nan 
2020-10-24 18:51:51 - 
2020-10-24 18:51:51 - 
2020-10-24 18:51:52 - Training Epoch 14
2020-10-24 18:51:52 - 
2020-10-24 19:00:46 - Training Loss
2020-10-24 19:00:46 - Total Loss: 1.1548010267283912
2020-10-24 19:00:46 - 	tempo: 0.9005 vel: 1.175 dev: 1.667 articul: 1.187 pedal: 1.11 trill: 0.0 kld: nan 
2020-10-24 19:00:46 - 
2020-10-24 19:00:51 - Validation loss
2020-10-24 19:00:51 - Total Loss: 1.793926275742606
2020-10-24 19:00:51 - 	tempo: 2.174 vel: 1.074 dev: 0.8564 articul: 1.051 pedal: 2.082 trill: 0.0 kld: nan 
2020-10-24 19:00:51 - 
2020-10-24 19:00:51 - 
2020-10-24 19:00:51 - Training Epoch 15
2020-10-24 19:00:51 - 
2020-10-24 19:09:52 - Training Loss
2020-10-24 19:09:52 - Total Loss: 1.1642225210637196
2020-10-24 19:09:52 - 	tempo: 0.8699 vel: 1.189 dev: 1.828 articul: 1.192 pedal: 1.104 trill: 0.0 kld: nan 
2020-10-24 19:09:52 - 
2020-10-24 19:09:56 - Validation loss
2020-10-24 19:09:56 - Total Loss: 1.3325225444189432
2020-10-24 19:09:56 - 	tempo: 1.482 vel: 0.9172 dev: 0.7799 articul: 1.051 pedal: 1.49 trill: 0.0 kld: nan 
2020-10-24 19:09:56 - 
2020-10-24 19:09:56 - 
2020-10-24 19:09:57 - Training Epoch 16
2020-10-24 19:09:57 - 
2020-10-24 19:18:47 - Training Loss
2020-10-24 19:18:47 - Total Loss: 1.1738781187997525
2020-10-24 19:18:47 - 	tempo: 0.927 vel: 1.193 dev: 1.904 articul: 1.205 pedal: 1.098 trill: 0.0 kld: nan 
2020-10-24 19:18:47 - 
2020-10-24 19:18:52 - Validation loss
2020-10-24 19:18:52 - Total Loss: 1.2371543813528778
2020-10-24 19:18:52 - 	tempo: 1.903 vel: 0.965 dev: 0.796 articul: 1.044 pedal: 1.272 trill: 0.0 kld: nan 
2020-10-24 19:18:52 - 
2020-10-24 19:18:52 - 
2020-10-24 19:18:52 - Training Epoch 17
2020-10-24 19:18:52 - 
2020-10-24 19:28:33 - Training Loss
2020-10-24 19:28:33 - Total Loss: 1.1823878611758805
2020-10-24 19:28:33 - 	tempo: 0.9053 vel: 1.195 dev: 1.974 articul: 1.197 pedal: 1.105 trill: 0.0 kld: nan 
2020-10-24 19:28:33 - 
2020-10-24 19:28:40 - Validation loss
2020-10-24 19:28:40 - Total Loss: 1.6165196814809937
2020-10-24 19:28:40 - 	tempo: 1.462 vel: 0.962 dev: 0.7761 articul: 1.157 pedal: 1.918 trill: 0.0 kld: nan 
2020-10-24 19:28:40 - 
2020-10-24 19:28:40 - 
2020-10-24 19:28:40 - Training Epoch 18
2020-10-24 19:28:40 - 
2020-10-24 19:40:44 - Training Loss
2020-10-24 19:40:44 - Total Loss: 1.2334596466299463
2020-10-24 19:40:44 - 	tempo: 0.8892 vel: 1.174 dev: 2.534 articul: 1.194 pedal: 1.111 trill: 0.0 kld: nan 
2020-10-24 19:40:44 - 
2020-10-24 19:40:51 - Validation loss
2020-10-24 19:40:51 - Total Loss: 1.5525883752757483
2020-10-24 19:40:51 - 	tempo: 1.806 vel: 0.8564 dev: 0.7569 articul: 1.135 pedal: 1.789 trill: 0.0 kld: nan 
2020-10-24 19:40:51 - 
2020-10-24 19:40:51 - 
2020-10-24 19:40:51 - Training Epoch 19
2020-10-24 19:40:51 - 
2020-10-24 19:50:25 - Training Loss
2020-10-24 19:50:25 - Total Loss: 1.1743359867723993
2020-10-24 19:50:25 - 	tempo: 0.916 vel: 1.181 dev: 1.876 articul: 1.187 pedal: 1.108 trill: 0.0 kld: nan 
2020-10-24 19:50:25 - 
2020-10-24 19:50:30 - Validation loss
2020-10-24 19:50:30 - Total Loss: 1.589129078733454
2020-10-24 19:50:30 - 	tempo: 1.641 vel: 1.551 dev: 0.8458 articul: 1.05 pedal: 1.77 trill: 0.0 kld: nan 
2020-10-24 19:50:30 - 
2020-10-24 19:50:30 - 
2020-10-24 19:50:30 - Training Epoch 20
2020-10-24 19:50:30 - 
2020-10-24 19:59:02 - Training Loss
2020-10-24 19:59:02 - Total Loss: 1.176851128199741
2020-10-24 19:59:02 - 	tempo: 0.8849 vel: 1.193 dev: 1.925 articul: 1.187 pedal: 1.108 trill: 0.0 kld: nan 
2020-10-24 19:59:02 - 
2020-10-24 19:59:10 - Validation loss
2020-10-24 19:59:10 - Total Loss: 1.237644670224479
2020-10-24 19:59:10 - 	tempo: 1.326 vel: 1.12 dev: 0.7789 articul: 1.104 pedal: 1.326 trill: 0.0 kld: nan 
2020-10-24 19:59:10 - 
2020-10-24 19:59:10 - 
2020-10-24 19:59:10 - Training Epoch 21
2020-10-24 19:59:10 - 
2020-10-24 20:07:58 - Training Loss
2020-10-24 20:07:58 - Total Loss: 1.1888815530646288
2020-10-24 20:07:58 - 	tempo: 0.8911 vel: 1.185 dev: 2.084 articul: 1.194 pedal: 1.103 trill: 0.0 kld: nan 
2020-10-24 20:07:58 - 
2020-10-24 20:08:02 - Validation loss
2020-10-24 20:08:02 - Total Loss: 2.013841036114937
2020-10-24 20:08:02 - 	tempo: 2.277 vel: 0.8565 dev: 0.7669 articul: 1.093 pedal: 2.451 trill: 0.0 kld: nan 
2020-10-24 20:08:02 - 
2020-10-24 20:08:02 - 
2020-10-24 20:08:03 - Training Epoch 22
2020-10-24 20:08:03 - 
2020-10-24 20:16:39 - Training Loss
2020-10-24 20:16:39 - Total Loss: 1.2012423387587623
2020-10-24 20:16:39 - 	tempo: 0.8936 vel: 1.19 dev: 2.193 articul: 1.202 pedal: 1.105 trill: 0.0 kld: nan 
2020-10-24 20:16:39 - 
2020-10-24 20:16:44 - Validation loss
2020-10-24 20:16:44 - Total Loss: 1.4154487409710679
2020-10-24 20:16:44 - 	tempo: 1.353 vel: 1.107 dev: 0.9671 articul: 1.063 pedal: 1.583 trill: 0.0 kld: nan 
2020-10-24 20:16:44 - 
2020-10-24 20:16:44 - 
2020-10-24 20:16:44 - Training Epoch 23
2020-10-24 20:16:44 - 
2020-10-24 20:25:58 - Training Loss
2020-10-24 20:25:58 - Total Loss: 1.1763997936134807
2020-10-24 20:25:58 - 	tempo: 0.8871 vel: 1.198 dev: 1.868 articul: 1.206 pedal: 1.112 trill: 0.0 kld: nan 
2020-10-24 20:25:58 - 
2020-10-24 20:26:03 - Validation loss
2020-10-24 20:26:03 - Total Loss: 1.7533181102257478
2020-10-24 20:26:03 - 	tempo: 1.783 vel: 0.996 dev: 0.8708 articul: 1.039 pedal: 2.085 trill: 0.0 kld: nan 
2020-10-24 20:26:03 - 
2020-10-24 20:26:03 - 
2020-10-24 20:26:03 - Training Epoch 24
2020-10-24 20:26:03 - 
2020-10-24 20:35:15 - Training Loss
2020-10-24 20:35:15 - Total Loss: 1.152285993710204
2020-10-24 20:35:15 - 	tempo: 0.8953 vel: 1.181 dev: 1.678 articul: 1.185 pedal: 1.105 trill: 0.0 kld: nan 
2020-10-24 20:35:15 - 
2020-10-24 20:35:19 - Validation loss
2020-10-24 20:35:19 - Total Loss: 1.3223994406132862
2020-10-24 20:35:19 - 	tempo: 1.873 vel: 1.053 dev: 0.9864 articul: 1.162 pedal: 1.353 trill: 0.0 kld: nan 
2020-10-24 20:35:19 - 
2020-10-24 20:35:19 - 
2020-10-24 20:35:20 - Training Epoch 25
2020-10-24 20:35:20 - 
2020-10-24 20:43:55 - Training Loss
2020-10-24 20:43:55 - Total Loss: 1.2017016421841276
2020-10-24 20:43:55 - 	tempo: 0.9249 vel: 1.175 dev: 2.225 articul: 1.187 pedal: 1.101 trill: 0.0 kld: nan 
2020-10-24 20:43:55 - 
2020-10-24 20:44:00 - Validation loss
2020-10-24 20:44:00 - Total Loss: 1.6900238836386117
2020-10-24 20:44:00 - 	tempo: 1.739 vel: 1.148 dev: 0.7599 articul: 1.053 pedal: 1.984 trill: 0.0 kld: nan 
2020-10-24 20:44:00 - 
2020-10-24 20:44:00 - 
2020-10-24 20:44:00 - Training Epoch 26
2020-10-24 20:44:00 - 
2020-10-24 20:52:31 - Training Loss
2020-10-24 20:52:31 - Total Loss: 1.1881819110561707
2020-10-24 20:52:31 - 	tempo: 0.915 vel: 1.193 dev: 1.986 articul: 1.203 pedal: 1.111 trill: 0.0 kld: nan 
2020-10-24 20:52:31 - 
2020-10-24 20:52:35 - Validation loss
2020-10-24 20:52:35 - Total Loss: 1.954226798328579
2020-10-24 20:52:35 - 	tempo: 1.693 vel: 0.8586 dev: 0.7921 articul: 1.043 pedal: 2.444 trill: 0.0 kld: nan 
2020-10-24 20:52:35 - 
2020-10-24 20:52:35 - 
2020-10-24 20:52:35 - Training Epoch 27
2020-10-24 20:52:35 - 
2020-10-24 21:01:08 - Training Loss
2020-10-24 21:01:08 - Total Loss: 1.1701957939888004
2020-10-24 21:01:08 - 	tempo: 0.911 vel: 1.19 dev: 1.851 articul: 1.19 pedal: 1.104 trill: 0.0 kld: nan 
2020-10-24 21:01:08 - 
2020-10-24 21:01:13 - Validation loss
2020-10-24 21:01:13 - Total Loss: 1.7612203060561775
2020-10-24 21:01:13 - 	tempo: 1.476 vel: 0.984 dev: 0.9368 articul: 1.117 pedal: 2.123 trill: 0.0 kld: nan 
2020-10-24 21:01:13 - 
2020-10-24 21:01:13 - 
2020-10-24 21:01:13 - Training Epoch 28
2020-10-24 21:01:13 - 
2020-10-24 21:11:01 - Training Loss
2020-10-24 21:11:01 - Total Loss: 1.1889902059717867
2020-10-24 21:11:01 - 	tempo: 0.8649 vel: 1.176 dev: 2.199 articul: 1.176 pedal: 1.095 trill: 0.0 kld: nan 
2020-10-24 21:11:01 - 
2020-10-24 21:11:06 - Validation loss
2020-10-24 21:11:06 - Total Loss: 1.7028765186108012
2020-10-24 21:11:06 - 	tempo: 1.4 vel: 1.438 dev: 0.81 articul: 1.106 pedal: 1.997 trill: 0.0 kld: nan 
2020-10-24 21:11:06 - 
2020-10-24 21:11:06 - 
2020-10-24 21:11:06 - Training Epoch 29
2020-10-24 21:11:06 - 
2020-10-24 21:20:48 - Training Loss
2020-10-24 21:20:48 - Total Loss: 1.1859360257663378
2020-10-24 21:20:48 - 	tempo: 0.8845 vel: 1.208 dev: 1.975 articul: 1.188 pedal: 1.113 trill: 0.0 kld: nan 
2020-10-24 21:20:48 - 
2020-10-24 21:20:52 - Validation loss
2020-10-24 21:20:52 - Total Loss: 1.2355352379317093
2020-10-24 21:20:52 - 	tempo: 1.596 vel: 0.8847 dev: 0.7759 articul: 1.077 pedal: 1.323 trill: 0.0 kld: nan 
2020-10-24 21:20:52 - 
2020-10-24 21:20:52 - 
2020-10-24 21:20:52 - Training Epoch 30
2020-10-24 21:20:52 - 
2020-10-24 21:30:33 - Training Loss
2020-10-24 21:30:33 - Total Loss: 1.178222612120429
2020-10-24 21:30:33 - 	tempo: 0.8825 vel: 1.19 dev: 1.906 articul: 1.2 pedal: 1.112 trill: 0.0 kld: nan 
2020-10-24 21:30:33 - 
2020-10-24 21:30:38 - Validation loss
2020-10-24 21:30:38 - Total Loss: 1.6672821523960923
2020-10-24 21:30:38 - 	tempo: 1.529 vel: 0.8771 dev: 0.8186 articul: 1.07 pedal: 2.007 trill: 0.0 kld: nan 
2020-10-24 21:30:38 - 
2020-10-24 21:30:38 - 
2020-10-24 21:30:38 - Training Epoch 31
2020-10-24 21:30:38 - 
2020-10-24 21:39:12 - Training Loss
2020-10-24 21:39:12 - Total Loss: 1.1869881273487886
2020-10-24 21:39:12 - 	tempo: 0.8918 vel: 1.185 dev: 2.071 articul: 1.172 pedal: 1.105 trill: 0.0 kld: nan 
2020-10-24 21:39:12 - 
2020-10-24 21:39:17 - Validation loss
2020-10-24 21:39:17 - Total Loss: 1.4342327024692143
2020-10-24 21:39:17 - 	tempo: 1.743 vel: 0.8385 dev: 0.8 articul: 1.081 pedal: 1.616 trill: 0.0 kld: nan 
2020-10-24 21:39:17 - 
2020-10-24 21:39:17 - 
2020-10-24 21:39:17 - Training Epoch 32
2020-10-24 21:39:17 - 
2020-10-24 21:47:54 - Training Loss
2020-10-24 21:47:54 - Total Loss: 1.1833147337477545
2020-10-24 21:47:54 - 	tempo: 0.8714 vel: 1.172 dev: 2.132 articul: 1.177 pedal: 1.095 trill: 0.0 kld: nan 
2020-10-24 21:47:54 - 
2020-10-24 21:47:58 - Validation loss
2020-10-24 21:47:58 - Total Loss: 2.0406784187404776
2020-10-24 21:47:58 - 	tempo: 1.677 vel: 0.8606 dev: 1.419 articul: 1.174 pedal: 2.474 trill: 0.0 kld: nan 
2020-10-24 21:47:58 - 
2020-10-24 21:47:58 - 
2020-10-24 21:47:59 - Training Epoch 33
2020-10-24 21:47:59 - 
2020-10-24 21:58:06 - Training Loss
2020-10-24 21:58:06 - Total Loss: 1.190480262222902
2020-10-24 21:58:06 - 	tempo: 0.9068 vel: 1.169 dev: 2.201 articul: 1.189 pedal: 1.09 trill: 0.0 kld: nan 
2020-10-24 21:58:06 - 
2020-10-24 21:58:10 - Validation loss
2020-10-24 21:58:10 - Total Loss: 1.6448384708628572
2020-10-24 21:58:10 - 	tempo: 1.678 vel: 1.125 dev: 0.7981 articul: 1.045 pedal: 1.921 trill: 0.0 kld: nan 
2020-10-24 21:58:10 - 
2020-10-24 21:58:10 - 
2020-10-24 21:58:11 - Training Epoch 34
2020-10-24 21:58:11 - 
2020-10-24 22:08:59 - Training Loss
2020-10-24 22:08:59 - Total Loss: 1.197487836550413
2020-10-24 22:08:59 - 	tempo: 0.8982 vel: 1.175 dev: 2.193 articul: 1.2 pedal: 1.101 trill: 0.0 kld: nan 
2020-10-24 22:08:59 - 
2020-10-24 22:09:04 - Validation loss
2020-10-24 22:09:04 - Total Loss: 1.7957072454385268
2020-10-24 22:09:04 - 	tempo: 1.716 vel: 1.172 dev: 0.7546 articul: 1.043 pedal: 2.153 trill: 0.0 kld: nan 
2020-10-24 22:09:04 - 
2020-10-24 22:09:04 - 
2020-10-24 22:09:05 - Training Epoch 35
2020-10-24 22:09:05 - 
2020-10-24 22:21:14 - Training Loss
2020-10-24 22:21:14 - Total Loss: 1.204476130283266
2020-10-24 22:21:14 - 	tempo: 0.9066 vel: 1.209 dev: 2.182 articul: 1.196 pedal: 1.108 trill: 0.0 kld: nan 
2020-10-24 22:21:14 - 
2020-10-24 22:21:20 - Validation loss
2020-10-24 22:21:20 - Total Loss: 1.5537007384206334
2020-10-24 22:21:20 - 	tempo: 1.457 vel: 0.8386 dev: 0.7675 articul: 1.116 pedal: 1.845 trill: 0.0 kld: nan 
2020-10-24 22:21:20 - 
2020-10-24 22:21:20 - 
2020-10-24 22:21:20 - Training Epoch 36
2020-10-24 22:21:20 - 
2020-10-24 22:33:52 - Training Loss
2020-10-24 22:33:52 - Total Loss: 1.2540748351093374
2020-10-24 22:33:52 - 	tempo: 0.9156 vel: 1.183 dev: 2.719 articul: 1.199 pedal: 1.111 trill: 0.0 kld: nan 
2020-10-24 22:33:52 - 
2020-10-24 22:34:02 - Validation loss
2020-10-24 22:34:02 - Total Loss: 1.936511408505677
2020-10-24 22:34:02 - 	tempo: 1.544 vel: 1.884 dev: 0.7961 articul: 1.05 pedal: 2.29 trill: 0.0 kld: nan 
2020-10-24 22:34:02 - 
2020-10-24 22:34:02 - 
2020-10-24 22:34:02 - Training Epoch 37
2020-10-24 22:34:02 - 
2020-10-24 22:45:35 - Training Loss
2020-10-24 22:45:35 - Total Loss: 1.1683309457129545
2020-10-24 22:45:35 - 	tempo: 0.8891 vel: 1.191 dev: 1.845 articul: 1.192 pedal: 1.105 trill: 0.0 kld: nan 
2020-10-24 22:45:35 - 
2020-10-24 22:45:42 - Validation loss
2020-10-24 22:45:42 - Total Loss: 1.4854154710968335
2020-10-24 22:45:42 - 	tempo: 2.4 vel: 1.196 dev: 0.7843 articul: 1.044 pedal: 1.559 trill: 0.0 kld: nan 
2020-10-24 22:45:42 - 
2020-10-24 22:45:42 - 
2020-10-24 22:45:43 - Training Epoch 38
2020-10-24 22:45:43 - 
2020-10-24 22:57:12 - Training Loss
2020-10-24 22:57:12 - Total Loss: 1.163431602618785
2020-10-24 22:57:12 - 	tempo: 0.8855 vel: 1.177 dev: 1.757 articul: 1.197 pedal: 1.112 trill: 0.0 kld: nan 
2020-10-24 22:57:12 - 
2020-10-24 22:57:18 - Validation loss
2020-10-24 22:57:18 - Total Loss: 1.7460659477988194
2020-10-24 22:57:18 - 	tempo: 1.35 vel: 1.055 dev: 0.798 articul: 1.07 pedal: 2.133 trill: 0.0 kld: nan 
2020-10-24 22:57:18 - 
2020-10-24 22:57:18 - 
2020-10-24 22:57:19 - Training Epoch 39
2020-10-24 22:57:19 - 
2020-10-24 23:08:56 - Training Loss
2020-10-24 23:08:56 - Total Loss: 1.1596231929358451
2020-10-24 23:08:56 - 	tempo: 0.9038 vel: 1.203 dev: 1.692 articul: 1.201 pedal: 1.108 trill: 0.0 kld: nan 
2020-10-24 23:08:56 - 
2020-10-24 23:09:03 - Validation loss
2020-10-24 23:09:03 - Total Loss: 1.6242073551459337
2020-10-24 23:09:03 - 	tempo: 2.195 vel: 0.8903 dev: 1.574 articul: 1.093 pedal: 1.73 trill: 0.0 kld: nan 
2020-10-24 23:09:03 - 
2020-10-24 23:09:03 - 
2020-10-24 23:09:03 - Training Epoch 40
2020-10-24 23:09:03 - 
2020-10-24 23:20:47 - Training Loss
2020-10-24 23:20:47 - Total Loss: 1.1593493615016153
2020-10-24 23:20:47 - 	tempo: 0.906 vel: 1.169 dev: 1.8 articul: 1.198 pedal: 1.097 trill: 0.0 kld: nan 
2020-10-24 23:20:47 - 
2020-10-24 23:20:54 - Validation loss
2020-10-24 23:20:54 - Total Loss: 1.9257422965530255
2020-10-24 23:20:54 - 	tempo: 1.567 vel: 1.125 dev: 0.7933 articul: 1.051 pedal: 2.378 trill: 0.0 kld: nan 
2020-10-24 23:20:54 - 
2020-10-24 23:20:54 - 
2020-10-24 23:20:54 - Training Epoch 41
2020-10-24 23:20:54 - 
2020-10-24 23:32:26 - Training Loss
2020-10-24 23:32:26 - Total Loss: 1.1970654913619307
2020-10-24 23:32:26 - 	tempo: 0.9113 vel: 1.197 dev: 2.067 articul: 1.196 pedal: 1.114 trill: 0.0 kld: nan 
2020-10-24 23:32:26 - 
2020-10-24 23:32:32 - Validation loss
2020-10-24 23:32:32 - Total Loss: 1.6128033788130958
2020-10-24 23:32:32 - 	tempo: 1.978 vel: 1.215 dev: 0.8534 articul: 1.048 pedal: 1.807 trill: 0.0 kld: nan 
2020-10-24 23:32:32 - 
2020-10-24 23:32:32 - 
2020-10-24 23:32:32 - Training Epoch 42
2020-10-24 23:32:32 - 
2020-10-24 23:44:38 - Training Loss
2020-10-24 23:44:38 - Total Loss: 1.1593582167783916
2020-10-24 23:44:38 - 	tempo: 0.9089 vel: 1.189 dev: 1.728 articul: 1.187 pedal: 1.106 trill: 0.0 kld: nan 
2020-10-24 23:44:38 - 
2020-10-24 23:44:46 - Validation loss
2020-10-24 23:44:46 - Total Loss: 1.472636587803571
2020-10-24 23:44:46 - 	tempo: 1.755 vel: 1.27 dev: 0.7642 articul: 1.087 pedal: 1.617 trill: 0.0 kld: nan 
2020-10-24 23:44:46 - 
2020-10-24 23:44:46 - 
2020-10-24 23:44:47 - Training Epoch 43
2020-10-24 23:44:47 - 
2020-10-24 23:55:21 - Training Loss
2020-10-24 23:55:21 - Total Loss: 1.2227532111244912
2020-10-24 23:55:21 - 	tempo: 0.8791 vel: 1.17 dev: 2.406 articul: 1.196 pedal: 1.114 trill: 0.0 kld: nan 
2020-10-24 23:55:21 - 
2020-10-24 23:55:26 - Validation loss
2020-10-24 23:55:26 - Total Loss: 1.720684219331577
2020-10-24 23:55:26 - 	tempo: 1.715 vel: 0.9302 dev: 0.7765 articul: 1.042 pedal: 2.066 trill: 0.0 kld: nan 
2020-10-24 23:55:26 - 
2020-10-24 23:55:26 - 
2020-10-24 23:55:26 - Training Epoch 44
2020-10-24 23:55:26 - 
2020-10-25 00:04:51 - Training Loss
2020-10-25 00:04:51 - Total Loss: 1.198319152839152
2020-10-25 00:04:51 - 	tempo: 0.9172 vel: 1.193 dev: 2.08 articul: 1.214 pedal: 1.111 trill: 0.0 kld: nan 
2020-10-25 00:04:51 - 
2020-10-25 00:04:57 - Validation loss
2020-10-25 00:04:57 - Total Loss: 1.4035144338562882
2020-10-25 00:04:57 - 	tempo: 1.577 vel: 0.9404 dev: 0.7554 articul: 1.061 pedal: 1.586 trill: 0.0 kld: nan 
2020-10-25 00:04:57 - 
2020-10-25 00:04:57 - 
2020-10-25 00:04:57 - Training Epoch 45
2020-10-25 00:04:57 - 
2020-10-25 00:14:57 - Training Loss
2020-10-25 00:14:57 - Total Loss: 1.2414096869912006
2020-10-25 00:14:57 - 	tempo: 0.8793 vel: 1.174 dev: 2.751 articul: 1.183 pedal: 1.095 trill: 0.0 kld: nan 
2020-10-25 00:14:57 - 
2020-10-25 00:15:02 - Validation loss
2020-10-25 00:15:02 - Total Loss: 1.5213135882475917
2020-10-25 00:15:02 - 	tempo: 1.844 vel: 1.201 dev: 0.7598 articul: 1.085 pedal: 1.692 trill: 0.0 kld: nan 
2020-10-25 00:15:02 - 
2020-10-25 00:15:02 - 
2020-10-25 00:15:02 - Training Epoch 46
2020-10-25 00:15:02 - 
2020-10-25 00:24:06 - Training Loss
2020-10-25 00:24:06 - Total Loss: 1.1934211042208156
2020-10-25 00:24:06 - 	tempo: 0.8819 vel: 1.185 dev: 2.163 articul: 1.187 pedal: 1.102 trill: 0.0 kld: nan 
2020-10-25 00:24:06 - 
2020-10-25 00:24:10 - Validation loss
2020-10-25 00:24:10 - Total Loss: 1.9249936819538191
2020-10-25 00:24:10 - 	tempo: 2.015 vel: 1.085 dev: 0.7735 articul: 1.088 pedal: 2.316 trill: 0.0 kld: nan 
2020-10-25 00:24:10 - 
2020-10-25 00:24:10 - 
2020-10-25 00:24:11 - Training Epoch 47
2020-10-25 00:24:11 - 
2020-10-25 00:33:57 - Training Loss
2020-10-25 00:33:57 - Total Loss: 1.191100082912831
2020-10-25 00:33:57 - 	tempo: 0.8726 vel: 1.174 dev: 2.17 articul: 1.2 pedal: 1.098 trill: 0.0 kld: nan 
2020-10-25 00:33:57 - 
2020-10-25 00:34:01 - Validation loss
2020-10-25 00:34:01 - Total Loss: 2.620165492471767
2020-10-25 00:34:01 - 	tempo: 1.212 vel: 1.114 dev: 0.7888 articul: 1.063 pedal: 3.521 trill: 0.0 kld: nan 
2020-10-25 00:34:01 - 
2020-10-25 00:34:01 - 
2020-10-25 00:34:02 - Training Epoch 48
2020-10-25 00:34:02 - 
2020-10-25 00:42:54 - Training Loss
2020-10-25 00:42:54 - Total Loss: 1.188604795316487
2020-10-25 00:42:54 - 	tempo: 0.8996 vel: 1.179 dev: 2.06 articul: 1.191 pedal: 1.106 trill: 0.0 kld: nan 
2020-10-25 00:42:54 - 
2020-10-25 00:42:59 - Validation loss
2020-10-25 00:42:59 - Total Loss: 1.798354266689074
2020-10-25 00:42:59 - 	tempo: 1.427 vel: 0.889 dev: 1.002 articul: 1.068 pedal: 2.199 trill: 0.0 kld: nan 
2020-10-25 00:42:59 - 
2020-10-25 00:42:59 - 
2020-10-25 00:42:59 - Training Epoch 49
2020-10-25 00:42:59 - 
2020-10-25 00:52:00 - Training Loss
2020-10-25 00:52:00 - Total Loss: 1.1726318537896043
2020-10-25 00:52:00 - 	tempo: 0.9316 vel: 1.177 dev: 1.947 articul: 1.181 pedal: 1.095 trill: 0.0 kld: nan 
2020-10-25 00:52:00 - 
2020-10-25 00:52:05 - Validation loss
2020-10-25 00:52:05 - Total Loss: 1.5557177345754751
2020-10-25 00:52:05 - 	tempo: 1.671 vel: 1.167 dev: 0.8103 articul: 1.055 pedal: 1.773 trill: 0.0 kld: nan 
2020-10-25 00:52:05 - 
2020-10-25 00:52:05 - 
2020-10-25 00:52:06 - Training Epoch 50
2020-10-25 00:52:06 - 
2020-10-25 01:01:18 - Training Loss
2020-10-25 01:01:18 - Total Loss: 1.1928344970582654
2020-10-25 01:01:18 - 	tempo: 0.9023 vel: 1.184 dev: 2.097 articul: 1.195 pedal: 1.106 trill: 0.0 kld: nan 
2020-10-25 01:01:18 - 
2020-10-25 01:01:24 - Validation loss
2020-10-25 01:01:24 - Total Loss: 1.4268022980954913
2020-10-25 01:01:24 - 	tempo: 1.762 vel: 1.38 dev: 1.385 articul: 1.049 pedal: 1.446 trill: 0.0 kld: nan 
2020-10-25 01:01:24 - 
2020-10-25 01:01:24 - 
2020-10-25 01:01:24 - FINISHED TRANSFORMER ENCODER ONLY VERSION 0.1 TRAINING JOB AT 50 EPOCHS FOR  DATA SET
