2020-10-24 16:04:15 - Loading the training data
2020-10-24 16:16:48 - number of train performances: 709 number of valid perf: 82
2020-10-24 16:16:48 - training sample example: [0.6979665018697635, -0.06717901528552674, -0.24900381647255815, -0.18282409397938054, -0.28513258251543067, -0.0476638292090852, -0.6054306213640016, -0.722166594420889, 0.16666666666666666, 0.0011402508551881414, 0, 0, 0, 0.25, 0, 0, 0, 1, 0, 0, 0, 0, 0, 0, 0, 0, 0.3, 0, 0, 0, 0, -0.4, 0, 0, 0, 0, 1, 0, 0, 1, 0, 0, 0, 1, 0, 0, 0, 0, 1, 0, 1, 0, 0, 0, 0, 0, 0, 0, 0, 1, 0, 0, 0, 0, 0, 0, 0, 0, 0, 0, 0, 0, 0, 0, 0, 0, 0.3, 0]
2020-10-24 16:33:37 - STARTING TRANSFORMER ENCODER ONLY TRAINING VERSION 0.1 JOB AT 15 EPOCHS FOR DEV DATA SET
2020-10-24 16:33:37 - Training Epoch 1
2020-10-24 16:33:37 - 
2020-10-24 16:33:59 - STARTING TRANSFORMER ENCODER ONLY TRAINING VERSION 0.1 JOB AT 50 EPOCHS FOR  DATA SET
2020-10-24 16:33:59 - Training Epoch 1
2020-10-24 16:33:59 - 
2020-10-24 16:46:34 - Training Loss
2020-10-24 16:46:34 - Total Loss: 1.2197596945978098
2020-10-24 16:46:34 - 	tempo: 0.8848 vel: 1.192 dev: 2.344 articul: 1.213 pedal: 1.112 trill: 0.0 kld: nan 
2020-10-24 16:46:34 - 
2020-10-24 16:46:41 - Validation loss
2020-10-24 16:46:41 - Total Loss: 1.8340128585568423
2020-10-24 16:46:41 - 	tempo: 2.096 vel: 1.327 dev: 0.764 articul: 1.169 pedal: 2.117 trill: 0.0 kld: nan 
2020-10-24 16:46:41 - 
2020-10-24 16:46:41 - 
2020-10-24 16:46:42 - Training Epoch 2
2020-10-24 16:46:42 - 
2020-10-24 16:58:03 - Training Loss
2020-10-24 16:58:03 - Total Loss: 1.172613831084838
2020-10-24 16:58:03 - 	tempo: 0.8736 vel: 1.183 dev: 1.995 articul: 1.185 pedal: 1.095 trill: 0.0 kld: nan 
2020-10-24 16:58:03 - 
2020-10-24 16:58:12 - Validation loss
2020-10-24 16:58:12 - Total Loss: 1.483050409524605
2020-10-24 16:58:12 - 	tempo: 1.693 vel: 0.8802 dev: 0.7653 articul: 1.04 pedal: 1.705 trill: 0.0 kld: nan 
2020-10-24 16:58:12 - 
2020-10-24 16:58:12 - 
2020-10-24 16:58:12 - Training Epoch 3
2020-10-24 16:58:12 - 
2020-10-24 17:09:50 - Training Loss
2020-10-24 17:09:50 - Total Loss: 1.1900862356775443
2020-10-24 17:09:50 - 	tempo: 0.8963 vel: 1.202 dev: 2.106 articul: 1.187 pedal: 1.1 trill: 0.0 kld: nan 
2020-10-24 17:09:50 - 
2020-10-24 17:09:58 - Validation loss
2020-10-24 17:09:58 - Total Loss: 1.5054963088976172
2020-10-24 17:09:58 - 	tempo: 1.25 vel: 1.007 dev: 1.002 articul: 1.047 pedal: 1.751 trill: 0.0 kld: nan 
2020-10-24 17:09:58 - 
2020-10-24 17:09:58 - 
2020-10-24 17:09:58 - Training Epoch 4
2020-10-24 17:09:58 - 
2020-10-24 17:21:59 - Training Loss
2020-10-24 17:21:59 - Total Loss: 1.1766496587862312
2020-10-24 17:21:59 - 	tempo: 0.8927 vel: 1.186 dev: 1.988 articul: 1.197 pedal: 1.097 trill: 0.0 kld: nan 
2020-10-24 17:21:59 - 
2020-10-24 17:22:06 - Validation loss
2020-10-24 17:22:06 - Total Loss: 1.4353235981330352
2020-10-24 17:22:06 - 	tempo: 1.744 vel: 0.9716 dev: 0.7574 articul: 1.043 pedal: 1.61 trill: 0.0 kld: nan 
2020-10-24 17:22:06 - 
2020-10-24 17:22:06 - 
2020-10-24 17:22:07 - Training Epoch 5
2020-10-24 17:22:07 - 
2020-10-24 17:33:25 - Training Loss
2020-10-24 17:33:25 - Total Loss: 1.1660122714788268
2020-10-24 17:33:25 - 	tempo: 0.9098 vel: 1.178 dev: 1.816 articul: 1.18 pedal: 1.106 trill: 0.0 kld: nan 
2020-10-24 17:33:25 - 
2020-10-24 17:33:31 - Validation loss
2020-10-24 17:33:31 - Total Loss: 1.3666357030335547
2020-10-24 17:33:31 - 	tempo: 1.408 vel: 1.106 dev: 0.7717 articul: 1.082 pedal: 1.524 trill: 0.0 kld: nan 
2020-10-24 17:33:31 - 
2020-10-24 17:33:31 - 
2020-10-24 17:33:31 - Training Epoch 6
2020-10-24 17:33:31 - 
2020-10-24 17:44:08 - Training Loss
2020-10-24 17:44:08 - Total Loss: 1.2562412861241352
2020-10-24 17:44:08 - 	tempo: 0.898 vel: 1.186 dev: 2.753 articul: 1.197 pedal: 1.112 trill: 0.0 kld: nan 
2020-10-24 17:44:08 - 
2020-10-24 17:44:13 - Validation loss
2020-10-24 17:44:13 - Total Loss: 2.016009836669626
2020-10-24 17:44:13 - 	tempo: 1.569 vel: 1.406 dev: 0.7985 articul: 1.329 pedal: 2.439 trill: 0.0 kld: nan 
2020-10-24 17:44:13 - 
2020-10-24 17:44:13 - 
2020-10-24 17:44:14 - Training Epoch 7
2020-10-24 17:44:14 - 
2020-10-24 17:54:06 - Training Loss
2020-10-24 17:54:06 - Total Loss: 1.16839269656771
2020-10-24 17:54:06 - 	tempo: 0.9627 vel: 1.19 dev: 1.696 articul: 1.197 pedal: 1.115 trill: 0.0 kld: nan 
2020-10-24 17:54:06 - 
2020-10-24 17:54:11 - Validation loss
2020-10-24 17:54:11 - Total Loss: 1.7307482841244033
2020-10-24 17:54:11 - 	tempo: 2.274 vel: 1.249 dev: 0.9336 articul: 1.234 pedal: 1.907 trill: 0.0 kld: nan 
2020-10-24 17:54:11 - 
2020-10-24 17:54:11 - 
2020-10-24 17:54:11 - Training Epoch 8
2020-10-24 17:54:11 - 
2020-10-24 18:03:08 - Training Loss
2020-10-24 18:03:08 - Total Loss: 1.2010624623407087
2020-10-24 18:03:08 - 	tempo: 0.8902 vel: 1.192 dev: 2.164 articul: 1.198 pedal: 1.11 trill: 0.0 kld: nan 
2020-10-24 18:03:08 - 
2020-10-24 18:03:14 - Validation loss
2020-10-24 18:03:14 - Total Loss: 1.7381746788409977
2020-10-24 18:03:14 - 	tempo: 1.3 vel: 0.9326 dev: 0.8296 articul: 1.306 pedal: 2.107 trill: 0.0 kld: nan 
2020-10-24 18:03:14 - 
2020-10-24 18:03:14 - 
2020-10-24 18:03:14 - Training Epoch 9
2020-10-24 18:03:14 - 
2020-10-24 18:13:20 - Training Loss
2020-10-24 18:13:20 - Total Loss: 1.1932151909915778
2020-10-24 18:13:20 - 	tempo: 0.8831 vel: 1.181 dev: 2.143 articul: 1.199 pedal: 1.103 trill: 0.0 kld: nan 
2020-10-24 18:13:20 - 
2020-10-24 18:13:24 - Validation loss
2020-10-24 18:13:24 - Total Loss: 1.473315079290023
2020-10-24 18:13:24 - 	tempo: 1.283 vel: 1.03 dev: 0.7825 articul: 1.154 pedal: 1.708 trill: 0.0 kld: nan 
2020-10-24 18:13:24 - 
2020-10-24 18:13:24 - 
2020-10-24 18:13:25 - Training Epoch 10
2020-10-24 18:13:25 - 
2020-10-24 18:23:10 - Training Loss
2020-10-24 18:23:10 - Total Loss: 1.1784636291614308
2020-10-24 18:23:10 - 	tempo: 0.9262 vel: 1.19 dev: 1.907 articul: 1.189 pedal: 1.107 trill: 0.0 kld: nan 
2020-10-24 18:23:10 - 
2020-10-24 18:23:15 - Validation loss
2020-10-24 18:23:15 - Total Loss: 1.6323687770551474
2020-10-24 18:23:15 - 	tempo: 1.281 vel: 1.064 dev: 0.9238 articul: 1.038 pedal: 1.95 trill: 0.0 kld: nan 
2020-10-24 18:23:15 - 
2020-10-24 18:23:15 - 
2020-10-24 18:23:15 - Training Epoch 11
2020-10-24 18:23:15 - 
2020-10-24 18:32:23 - Training Loss
2020-10-24 18:32:23 - Total Loss: 1.2081092413549306
2020-10-24 18:32:23 - 	tempo: 0.9003 vel: 1.183 dev: 2.209 articul: 1.202 pedal: 1.114 trill: 0.0 kld: nan 
2020-10-24 18:32:23 - 
2020-10-24 18:32:28 - Validation loss
2020-10-24 18:32:28 - Total Loss: 1.5263929889240704
2020-10-24 18:32:28 - 	tempo: 1.617 vel: 0.9883 dev: 0.7946 articul: 1.092 pedal: 1.757 trill: 0.0 kld: nan 
2020-10-24 18:32:28 - 
2020-10-24 18:32:28 - 
2020-10-24 18:32:28 - Training Epoch 12
2020-10-24 18:32:28 - 
2020-10-24 18:42:36 - Training Loss
2020-10-24 18:42:36 - Total Loss: 1.2012086945018994
2020-10-24 18:42:36 - 	tempo: 0.8836 vel: 1.184 dev: 2.126 articul: 1.192 pedal: 1.118 trill: 0.0 kld: nan 
2020-10-24 18:42:36 - 
2020-10-24 18:42:44 - Validation loss
2020-10-24 18:42:44 - Total Loss: 2.2065442392348418
2020-10-24 18:42:44 - 	tempo: 1.593 vel: 1.031 dev: 0.7921 articul: 1.088 pedal: 2.824 trill: 0.0 kld: nan 
2020-10-24 18:42:44 - 
2020-10-24 18:42:44 - 
2020-10-24 18:42:44 - Training Epoch 13
2020-10-24 18:42:44 - 
2020-10-24 18:51:47 - Training Loss
2020-10-24 18:51:47 - Total Loss: 1.1855999951607747
2020-10-24 18:51:47 - 	tempo: 0.8899 vel: 1.185 dev: 2.067 articul: 1.208 pedal: 1.099 trill: 0.0 kld: nan 
2020-10-24 18:51:47 - 
2020-10-24 18:51:51 - Validation loss
2020-10-24 18:51:51 - Total Loss: 2.113712052848558
2020-10-24 18:51:51 - 	tempo: 1.374 vel: 1.084 dev: 0.861 articul: 1.737 pedal: 2.599 trill: 0.0 kld: nan 
2020-10-24 18:51:51 - 
2020-10-24 18:51:51 - 
2020-10-24 18:51:52 - Training Epoch 14
2020-10-24 18:51:52 - 
2020-10-24 19:00:46 - Training Loss
2020-10-24 19:00:46 - Total Loss: 1.1548010267283912
2020-10-24 19:00:46 - 	tempo: 0.9005 vel: 1.175 dev: 1.667 articul: 1.187 pedal: 1.11 trill: 0.0 kld: nan 
2020-10-24 19:00:46 - 
2020-10-24 19:00:51 - Validation loss
2020-10-24 19:00:51 - Total Loss: 1.793926275742606
2020-10-24 19:00:51 - 	tempo: 2.174 vel: 1.074 dev: 0.8564 articul: 1.051 pedal: 2.082 trill: 0.0 kld: nan 
2020-10-24 19:00:51 - 
2020-10-24 19:00:51 - 
2020-10-24 19:00:51 - Training Epoch 15
2020-10-24 19:00:51 - 
2020-10-24 19:09:52 - Training Loss
2020-10-24 19:09:52 - Total Loss: 1.1642225210637196
2020-10-24 19:09:52 - 	tempo: 0.8699 vel: 1.189 dev: 1.828 articul: 1.192 pedal: 1.104 trill: 0.0 kld: nan 
2020-10-24 19:09:52 - 
2020-10-24 19:09:56 - Validation loss
2020-10-24 19:09:56 - Total Loss: 1.3325225444189432
2020-10-24 19:09:56 - 	tempo: 1.482 vel: 0.9172 dev: 0.7799 articul: 1.051 pedal: 1.49 trill: 0.0 kld: nan 
2020-10-24 19:09:56 - 
2020-10-24 19:09:56 - 
2020-10-24 19:09:57 - Training Epoch 16
2020-10-24 19:09:57 - 
2020-10-24 19:18:47 - Training Loss
2020-10-24 19:18:47 - Total Loss: 1.1738781187997525
2020-10-24 19:18:47 - 	tempo: 0.927 vel: 1.193 dev: 1.904 articul: 1.205 pedal: 1.098 trill: 0.0 kld: nan 
2020-10-24 19:18:47 - 
2020-10-24 19:18:52 - Validation loss
2020-10-24 19:18:52 - Total Loss: 1.2371543813528778
2020-10-24 19:18:52 - 	tempo: 1.903 vel: 0.965 dev: 0.796 articul: 1.044 pedal: 1.272 trill: 0.0 kld: nan 
2020-10-24 19:18:52 - 
2020-10-24 19:18:52 - 
2020-10-24 19:18:52 - Training Epoch 17
2020-10-24 19:18:52 - 
2020-10-24 19:28:33 - Training Loss
2020-10-24 19:28:33 - Total Loss: 1.1823878611758805
2020-10-24 19:28:33 - 	tempo: 0.9053 vel: 1.195 dev: 1.974 articul: 1.197 pedal: 1.105 trill: 0.0 kld: nan 
2020-10-24 19:28:33 - 
2020-10-24 19:28:40 - Validation loss
2020-10-24 19:28:40 - Total Loss: 1.6165196814809937
2020-10-24 19:28:40 - 	tempo: 1.462 vel: 0.962 dev: 0.7761 articul: 1.157 pedal: 1.918 trill: 0.0 kld: nan 
2020-10-24 19:28:40 - 
2020-10-24 19:28:40 - 
2020-10-24 19:28:40 - Training Epoch 18
2020-10-24 19:28:40 - 
