2020-10-17 14:44:15 - Loading the training data
2020-10-17 14:53:39 - number of train performances: 709 number of valid perf: 82
2020-10-17 14:53:39 - training sample example: [0.6979665018697635, -0.06717901528552674, -0.24900381647255815, -0.18282409397938054, -0.28513258251543067, -0.0476638292090852, -0.6054306213640016, -0.722166594420889, 0.16666666666666666, 0.0011402508551881414, 0, 0, 0, 0.25, 0, 0, 0, 1, 0, 0, 0, 0, 0, 0, 0, 0, 0.3, 0, 0, 0, 0, -0.4, 0, 0, 0, 0, 1, 0, 0, 1, 0, 0, 0, 1, 0, 0, 0, 0, 1, 0, 1, 0, 0, 0, 0, 0, 0, 0, 0, 1, 0, 0, 0, 0, 0, 0, 0, 0, 0, 0, 0, 0, 0, 0, 0, 0, 0.3, 0]
2020-10-17 14:53:42 - STARTING HAN BL TRAINING VERSION 0.2 JOB AT 100 EPOCHS FOR  DATA SET
2020-10-17 14:53:42 - Starting training job at 10/17/20 02:53:42
2020-10-17 14:53:42 - Training Epoch 1
2020-10-17 14:53:42 - 
2020-10-17 17:44:13 - Training Loss
2020-10-17 17:44:13 - Total Loss: 1.0753184832290366
2020-10-17 17:44:13 - 	tempo: 0.9543 vel: 1.011 dev: 1.666 articul: 1.068 pedal: 1.018 trill: 0.0 kld: 102.5 
2020-10-17 17:44:13 - 
2020-10-17 17:46:38 - Validation loss
2020-10-17 17:46:38 - Total Loss: 1.5504581608423373
2020-10-17 17:46:38 - 	tempo: 1.615 vel: 0.8988 dev: 0.4907 articul: 1.085 pedal: 1.852 trill: 0.0 kld: 128.6 
2020-10-17 17:46:38 - 
2020-10-17 17:46:38 - 
2020-10-17 17:46:38 - Training Epoch 2
2020-10-17 17:46:38 - 
2020-10-17 20:23:42 - Training Loss
2020-10-17 20:23:42 - Total Loss: 1.0940409837455947
2020-10-17 20:23:42 - 	tempo: 0.9301 vel: 1.009 dev: 1.963 articul: 1.069 pedal: 1.009 trill: 0.0 kld: 116.3 
2020-10-17 20:23:42 - 
2020-10-17 20:25:49 - Validation loss
2020-10-17 20:25:49 - Total Loss: 1.2834458461985356
2020-10-17 20:25:49 - 	tempo: 1.396 vel: 0.8768 dev: 0.5181 articul: 1.072 pedal: 1.465 trill: 0.0 kld: 45.67 
2020-10-17 20:25:49 - 
2020-10-17 20:25:49 - 
2020-10-17 20:25:49 - Training Epoch 3
2020-10-17 20:25:49 - 
2020-10-17 22:39:08 - Training Loss
2020-10-17 22:39:08 - Total Loss: 1.0927503838840948
2020-10-17 22:39:08 - 	tempo: 0.9237 vel: 1.008 dev: 1.891 articul: 1.071 pedal: 1.017 trill: 0.0 kld: 252.3 
2020-10-17 22:39:08 - 
2020-10-17 22:41:15 - Validation loss
2020-10-17 22:41:15 - Total Loss: 1.020662256130358
2020-10-17 22:41:15 - 	tempo: 1.76 vel: 0.862 dev: 0.4885 articul: 1.072 pedal: 1.006 trill: 0.0 kld: 50.93 
2020-10-17 22:41:15 - 
2020-10-17 22:41:15 - 
2020-10-17 22:41:15 - Training Epoch 4
2020-10-17 22:41:15 - 
2020-10-18 01:45:48 - Training Loss
2020-10-18 01:45:48 - Total Loss: 1.0553402507074245
2020-10-18 01:45:48 - 	tempo: 0.8959 vel: 1.007 dev: 1.579 articul: 1.069 pedal: 1.008 trill: 0.0 kld: 73.85 
2020-10-18 01:45:48 - 
2020-10-18 01:48:48 - Validation loss
2020-10-18 01:48:48 - Total Loss: 0.9952396001757645
2020-10-18 01:48:48 - 	tempo: 1.771 vel: 0.8589 dev: 0.4908 articul: 1.006 pedal: 0.9745 trill: 0.0 kld: 4.207 
2020-10-18 01:48:48 - 
2020-10-18 01:48:48 - 
2020-10-18 01:48:48 - Training Epoch 5
2020-10-18 01:48:48 - 
2020-10-18 04:23:40 - Training Loss
2020-10-18 04:23:40 - Total Loss: 0.946814532730884
2020-10-18 04:23:40 - 	tempo: 0.595 vel: 0.8694 dev: 2.058 articul: 1.05 pedal: 0.8343 trill: 0.0 kld: 29.71 
2020-10-18 04:23:40 - 
2020-10-18 04:25:46 - Validation loss
2020-10-18 04:25:46 - Total Loss: 0.7600225135684013
2020-10-18 04:25:46 - 	tempo: 0.6957 vel: 1.155 dev: 0.492 articul: 1.022 pedal: 0.7137 trill: 0.0 kld: 21.85 
2020-10-18 04:25:46 - 
2020-10-18 04:25:46 - 
2020-10-18 04:25:47 - Training Epoch 6
2020-10-18 04:25:47 - 
2020-10-18 06:38:42 - Training Loss
2020-10-18 06:38:42 - Total Loss: 0.8539641265658114
2020-10-18 06:38:42 - 	tempo: 0.3841 vel: 0.705 dev: 1.841 articul: 1.022 pedal: 0.7769 trill: 0.0 kld: 21.49 
2020-10-18 06:38:42 - 
2020-10-18 06:40:48 - Validation loss
2020-10-18 06:40:48 - Total Loss: 0.696317072321729
2020-10-18 06:40:48 - 	tempo: 0.4899 vel: 0.6559 dev: 0.49 articul: 1.04 pedal: 0.7119 trill: 0.0 kld: 23.41 
2020-10-18 06:40:48 - 
2020-10-18 06:40:48 - 
2020-10-18 06:40:48 - Training Epoch 7
2020-10-18 06:40:48 - 
2020-10-18 08:54:08 - Training Loss
2020-10-18 08:54:08 - Total Loss: 0.860627966500502
2020-10-18 08:54:08 - 	tempo: 0.3556 vel: 0.6813 dev: 2.23 articul: 0.8852 pedal: 0.7584 trill: 0.0 kld: 22.06 
2020-10-18 08:54:08 - 
2020-10-18 08:56:14 - Validation loss
2020-10-18 08:56:14 - Total Loss: 0.6737127987349906
2020-10-18 08:56:14 - 	tempo: 0.443 vel: 0.6984 dev: 0.4913 articul: 0.8372 pedal: 0.7057 trill: 0.0 kld: 25.1 
2020-10-18 08:56:14 - 
2020-10-18 08:56:14 - 
2020-10-18 08:56:14 - Training Epoch 8
2020-10-18 08:56:14 - 
2020-10-18 11:53:17 - Training Loss
2020-10-18 11:53:17 - Total Loss: 0.7841072317546017
2020-10-18 11:53:17 - 	tempo: 0.3243 vel: 0.6245 dev: 1.995 articul: 0.719 pedal: 0.7074 trill: 0.0 kld: 21.06 
2020-10-18 11:53:17 - 
2020-10-18 11:56:15 - Validation loss
2020-10-18 11:56:15 - Total Loss: 0.6562803885558757
2020-10-18 11:56:15 - 	tempo: 0.4807 vel: 0.7253 dev: 0.4919 articul: 0.8054 pedal: 0.6735 trill: 0.0 kld: 19.57 
2020-10-18 11:56:15 - 
2020-10-18 11:56:15 - 
2020-10-18 11:56:15 - Training Epoch 9
2020-10-18 11:56:15 - 
2020-10-18 14:38:36 - Training Loss
2020-10-18 14:38:36 - Total Loss: 0.7619434225280441
2020-10-18 14:38:36 - 	tempo: 0.314 vel: 0.591 dev: 1.991 articul: 0.6822 pedal: 0.6839 trill: 0.0 kld: 17.62 
2020-10-18 14:38:36 - 
2020-10-18 14:40:41 - Validation loss
2020-10-18 14:40:41 - Total Loss: 0.7042552856046979
2020-10-18 14:40:41 - 	tempo: 0.5406 vel: 0.8372 dev: 0.5142 articul: 0.802 pedal: 0.7216 trill: 0.0 kld: 16.69 
2020-10-18 14:40:41 - 
2020-10-18 14:40:41 - 
2020-10-18 14:40:41 - Training Epoch 10
2020-10-18 14:40:41 - 
2020-10-18 17:49:02 - Training Loss
2020-10-18 17:49:02 - Total Loss: 0.7339271673762405
2020-10-18 17:49:02 - 	tempo: 0.3056 vel: 0.5745 dev: 1.807 articul: 0.6655 pedal: 0.6711 trill: 0.0 kld: 13.22 
2020-10-18 17:49:02 - 
2020-10-18 17:52:03 - Validation loss
2020-10-18 17:52:03 - Total Loss: 0.6643210978406232
2020-10-18 17:52:03 - 	tempo: 0.5083 vel: 0.7017 dev: 0.4974 articul: 0.7772 pedal: 0.6887 trill: 0.0 kld: 11.47 
2020-10-18 17:52:03 - 
2020-10-18 17:52:03 - 
2020-10-18 17:52:04 - Training Epoch 11
2020-10-18 17:52:04 - 
2020-10-18 20:18:15 - Training Loss
2020-10-18 20:18:15 - Total Loss: 0.7143099650154732
2020-10-18 20:18:15 - 	tempo: 0.2878 vel: 0.5668 dev: 1.664 articul: 0.654 pedal: 0.6648 trill: 0.0 kld: 9.986 
2020-10-18 20:18:15 - 
2020-10-18 20:20:22 - Validation loss
2020-10-18 20:20:22 - Total Loss: 0.6625528371915584
2020-10-18 20:20:22 - 	tempo: 0.4246 vel: 0.8171 dev: 0.5141 articul: 0.7946 pedal: 0.6764 trill: 0.0 kld: 8.736 
2020-10-18 20:20:22 - 
2020-10-18 20:20:22 - 
2020-10-18 20:20:22 - Training Epoch 12
2020-10-18 20:20:22 - 
2020-10-18 22:32:27 - Training Loss
2020-10-18 22:32:27 - Total Loss: 0.6982964092296738
2020-10-18 22:32:27 - 	tempo: 0.2639 vel: 0.5549 dev: 1.569 articul: 0.6418 pedal: 0.6586 trill: 0.0 kld: 7.45 
2020-10-18 22:32:27 - 
2020-10-18 22:34:33 - Validation loss
2020-10-18 22:34:33 - Total Loss: 0.6864872654763664
2020-10-18 22:34:33 - 	tempo: 0.4698 vel: 0.7067 dev: 0.5181 articul: 0.7794 pedal: 0.7248 trill: 0.0 kld: 6.319 
2020-10-18 22:34:33 - 
2020-10-18 22:34:33 - 
2020-10-18 22:34:33 - Training Epoch 13
2020-10-18 22:34:33 - 
2020-10-19 00:46:40 - Training Loss
2020-10-19 00:46:40 - Total Loss: 0.709763375042869
2020-10-19 00:46:40 - 	tempo: 0.2522 vel: 0.5485 dev: 1.726 articul: 0.6332 pedal: 0.6563 trill: 0.0 kld: 5.423 
2020-10-19 00:46:40 - 
2020-10-19 00:48:45 - Validation loss
2020-10-19 00:48:45 - Total Loss: 0.6681981980800629
2020-10-19 00:48:45 - 	tempo: 0.4308 vel: 0.7074 dev: 0.5085 articul: 0.7684 pedal: 0.7042 trill: 0.0 kld: 5.149 
2020-10-19 00:48:45 - 
2020-10-19 00:48:45 - 
2020-10-19 00:48:45 - Training Epoch 14
2020-10-19 00:48:45 - 
2020-10-19 03:00:47 - Training Loss
2020-10-19 03:00:47 - Total Loss: 0.6873108471721048
2020-10-19 03:00:47 - 	tempo: 0.2344 vel: 0.5412 dev: 1.524 articul: 0.627 pedal: 0.6524 trill: 0.0 kld: 3.969 
2020-10-19 03:00:47 - 
2020-10-19 03:02:53 - Validation loss
2020-10-19 03:02:53 - Total Loss: 0.6528515443205833
2020-10-19 03:02:53 - 	tempo: 0.3936 vel: 0.7156 dev: 0.5238 articul: 0.7793 pedal: 0.6804 trill: 0.0 kld: 3.618 
2020-10-19 03:02:53 - 
2020-10-19 03:02:53 - 
2020-10-19 03:02:53 - Training Epoch 15
2020-10-19 03:02:53 - 
2020-10-19 05:15:07 - Training Loss
2020-10-19 05:15:07 - Total Loss: 0.6917706691109244
2020-10-19 05:15:07 - 	tempo: 0.2313 vel: 0.5373 dev: 1.573 articul: 0.6211 pedal: 0.6512 trill: 0.0 kld: 3.164 
2020-10-19 05:15:07 - 
2020-10-19 05:17:18 - Validation loss
2020-10-19 05:17:18 - Total Loss: 0.6529352997497815
2020-10-19 05:17:18 - 	tempo: 0.3783 vel: 0.6973 dev: 0.5026 articul: 0.7955 pedal: 0.6858 trill: 0.0 kld: 3.147 
2020-10-19 05:17:18 - 
2020-10-19 05:17:18 - 
2020-10-19 05:17:18 - Training Epoch 16
2020-10-19 05:17:18 - 
2020-10-19 07:29:39 - Training Loss
2020-10-19 07:29:39 - Total Loss: 0.7510618723234616
2020-10-19 07:29:39 - 	tempo: 0.223 vel: 0.5369 dev: 2.205 articul: 0.623 pedal: 0.6519 trill: 0.0 kld: 2.61 
2020-10-19 07:29:39 - 
2020-10-19 07:31:44 - Validation loss
2020-10-19 07:31:44 - Total Loss: 0.6680640774529155
2020-10-19 07:31:44 - 	tempo: 0.3496 vel: 0.6994 dev: 0.5624 articul: 0.8194 pedal: 0.7011 trill: 0.0 kld: 2.791 
2020-10-19 07:31:44 - 
2020-10-19 07:31:44 - 
2020-10-19 07:31:44 - Training Epoch 17
2020-10-19 07:31:44 - 
2020-10-19 09:44:31 - Training Loss
2020-10-19 09:44:31 - Total Loss: 0.7352164573940285
2020-10-19 09:44:31 - 	tempo: 0.2189 vel: 0.534 dev: 2.013 articul: 0.6215 pedal: 0.6529 trill: 0.0 kld: 2.196 
2020-10-19 09:44:31 - 
2020-10-19 09:46:36 - Validation loss
2020-10-19 09:46:36 - Total Loss: 0.6832233709169597
2020-10-19 09:46:36 - 	tempo: 0.3632 vel: 0.6912 dev: 0.5 articul: 0.826 pedal: 0.7321 trill: 0.0 kld: 2.369 
2020-10-19 09:46:36 - 
2020-10-19 09:46:36 - 
2020-10-19 09:46:36 - Training Epoch 18
2020-10-19 09:46:36 - 
2020-10-19 11:58:49 - Training Loss
2020-10-19 11:58:49 - Total Loss: 0.7050531536947318
2020-10-19 11:58:49 - 	tempo: 0.2163 vel: 0.5313 dev: 1.667 articul: 0.618 pedal: 0.6537 trill: 0.0 kld: 1.956 
2020-10-19 11:58:49 - 
2020-10-19 12:00:53 - Validation loss
2020-10-19 12:00:53 - Total Loss: 0.6581946198896664
2020-10-19 12:00:53 - 	tempo: 0.3702 vel: 0.7003 dev: 0.4951 articul: 0.8089 pedal: 0.6934 trill: 0.0 kld: 2.174 
2020-10-19 12:00:53 - 
2020-10-19 12:00:53 - 
2020-10-19 12:00:53 - Training Epoch 19
2020-10-19 12:00:53 - 
2020-10-19 14:13:13 - Training Loss
2020-10-19 14:13:13 - Total Loss: 0.7461169147307157
2020-10-19 14:13:13 - 	tempo: 0.2121 vel: 0.5295 dev: 2.117 articul: 0.618 pedal: 0.6539 trill: 0.0 kld: 1.744 
2020-10-19 14:13:13 - 
2020-10-19 14:15:18 - Validation loss
2020-10-19 14:15:18 - Total Loss: 0.6595597417979706
2020-10-19 14:15:18 - 	tempo: 0.4276 vel: 0.726 dev: 0.4804 articul: 0.7961 pedal: 0.6868 trill: 0.0 kld: 2.676 
2020-10-19 14:15:18 - 
2020-10-19 14:15:18 - 
2020-10-19 14:15:18 - Training Epoch 20
2020-10-19 14:15:18 - 
2020-10-19 16:27:36 - Training Loss
2020-10-19 16:27:36 - Total Loss: 0.7122868450852187
2020-10-19 16:27:36 - 	tempo: 0.2138 vel: 0.5323 dev: 1.717 articul: 0.6172 pedal: 0.6571 trill: 0.0 kld: 1.606 
2020-10-19 16:27:36 - 
2020-10-19 16:29:42 - Validation loss
2020-10-19 16:29:42 - Total Loss: 0.6596611149427367
2020-10-19 16:29:42 - 	tempo: 0.4253 vel: 0.6844 dev: 0.5002 articul: 0.775 pedal: 0.6936 trill: 0.0 kld: 2.255 
2020-10-19 16:29:42 - 
2020-10-19 16:29:42 - 
2020-10-19 16:29:43 - Training Epoch 21
2020-10-19 16:29:43 - 
2020-10-19 18:42:56 - Training Loss
2020-10-19 18:42:56 - Total Loss: 0.7463665440518721
2020-10-19 18:42:56 - 	tempo: 0.2126 vel: 0.529 dev: 2.088 articul: 0.6174 pedal: 0.6575 trill: 0.0 kld: 1.567 
2020-10-19 18:42:56 - 
2020-10-19 18:45:01 - Validation loss
2020-10-19 18:45:01 - Total Loss: 0.6453349352246378
2020-10-19 18:45:01 - 	tempo: 0.3306 vel: 0.7243 dev: 0.4704 articul: 0.7623 pedal: 0.6858 trill: 0.0 kld: 1.637 
2020-10-19 18:45:01 - 
2020-10-19 18:45:01 - 
2020-10-19 18:45:01 - Training Epoch 22
2020-10-19 18:45:01 - 
2020-10-19 20:57:19 - Training Loss
2020-10-19 20:57:19 - Total Loss: 0.7472434783990715
2020-10-19 20:57:19 - 	tempo: 0.2108 vel: 0.5258 dev: 2.127 articul: 0.6142 pedal: 0.655 trill: 0.0 kld: 1.481 
2020-10-19 20:57:19 - 
2020-10-19 20:59:24 - Validation loss
2020-10-19 20:59:24 - Total Loss: 0.6722040828771707
2020-10-19 20:59:24 - 	tempo: 0.3969 vel: 0.7223 dev: 0.5134 articul: 0.7695 pedal: 0.7117 trill: 0.0 kld: 1.688 
2020-10-19 20:59:24 - 
2020-10-19 20:59:24 - 
2020-10-19 20:59:24 - Training Epoch 23
2020-10-19 20:59:24 - 
2020-10-19 23:11:37 - Training Loss
2020-10-19 23:11:37 - Total Loss: 0.7291208203898014
2020-10-19 23:11:37 - 	tempo: 0.2069 vel: 0.5278 dev: 1.921 articul: 0.614 pedal: 0.6562 trill: 0.0 kld: 1.465 
2020-10-19 23:11:37 - 
2020-10-19 23:13:42 - Validation loss
2020-10-19 23:13:42 - Total Loss: 0.6605481797965561
2020-10-19 23:13:42 - 	tempo: 0.426 vel: 0.782 dev: 0.4888 articul: 0.7702 pedal: 0.6841 trill: 0.0 kld: 1.572 
2020-10-19 23:13:42 - 
2020-10-19 23:13:42 - 
2020-10-19 23:13:42 - Training Epoch 24
2020-10-19 23:13:42 - 
2020-10-20 01:26:07 - Training Loss
2020-10-20 01:26:07 - Total Loss: 0.706966068856406
2020-10-20 01:26:07 - 	tempo: 0.2111 vel: 0.5281 dev: 1.673 articul: 0.6131 pedal: 0.6555 trill: 0.0 kld: 1.492 
2020-10-20 01:26:07 - 
2020-10-20 01:28:13 - Validation loss
2020-10-20 01:28:13 - Total Loss: 0.6814003588586319
2020-10-20 01:28:13 - 	tempo: 0.4076 vel: 0.9574 dev: 0.4637 articul: 0.7704 pedal: 0.6969 trill: 0.0 kld: 2.526 
2020-10-20 01:28:13 - 
2020-10-20 01:28:13 - 
2020-10-20 01:28:13 - Training Epoch 25
2020-10-20 01:28:13 - 
2020-10-20 03:40:23 - Training Loss
2020-10-20 03:40:23 - Total Loss: 0.7236350032065558
2020-10-20 03:40:23 - 	tempo: 0.2085 vel: 0.5286 dev: 1.853 articul: 0.6141 pedal: 0.6567 trill: 0.0 kld: 1.452 
2020-10-20 03:40:23 - 
2020-10-20 03:42:31 - Validation loss
2020-10-20 03:42:31 - Total Loss: 0.6546321940131303
2020-10-20 03:42:31 - 	tempo: 0.3198 vel: 0.7991 dev: 0.4866 articul: 0.7773 pedal: 0.6859 trill: 0.0 kld: 2.312 
2020-10-20 03:42:31 - 
2020-10-20 03:42:31 - 
2020-10-20 03:42:31 - Training Epoch 26
2020-10-20 03:42:31 - 
2020-10-20 05:54:39 - Training Loss
2020-10-20 05:54:39 - Total Loss: 0.7210597649742887
2020-10-20 05:54:39 - 	tempo: 0.2029 vel: 0.5246 dev: 1.844 articul: 0.6113 pedal: 0.6556 trill: 0.0 kld: 1.452 
2020-10-20 05:54:39 - 
2020-10-20 05:56:45 - Validation loss
2020-10-20 05:56:45 - Total Loss: 0.6728934970934216
2020-10-20 05:56:45 - 	tempo: 0.3779 vel: 0.8266 dev: 0.492 articul: 0.7825 pedal: 0.7011 trill: 0.0 kld: 2.116 
2020-10-20 05:56:45 - 
2020-10-20 05:56:45 - 
2020-10-20 05:56:45 - Training Epoch 27
2020-10-20 05:56:45 - 
2020-10-20 08:08:56 - Training Loss
2020-10-20 08:08:56 - Total Loss: 0.7164217131701328
2020-10-20 08:08:56 - 	tempo: 0.2043 vel: 0.5261 dev: 1.792 articul: 0.6109 pedal: 0.6553 trill: 0.0 kld: 1.462 
2020-10-20 08:08:56 - 
2020-10-20 08:11:00 - Validation loss
2020-10-20 08:11:00 - Total Loss: 0.6701305773926944
2020-10-20 08:11:00 - 	tempo: 0.4552 vel: 0.6985 dev: 0.496 articul: 0.7825 pedal: 0.7035 trill: 0.0 kld: 1.994 
2020-10-20 08:11:00 - 
2020-10-20 08:11:00 - 
2020-10-20 08:11:00 - Training Epoch 28
2020-10-20 08:11:00 - 
2020-10-20 10:28:11 - Training Loss
2020-10-20 10:28:11 - Total Loss: 0.7385513625498182
2020-10-20 10:28:11 - 	tempo: 0.2065 vel: 0.527 dev: 2.028 articul: 0.6124 pedal: 0.6561 trill: 0.0 kld: 1.432 
2020-10-20 10:28:11 - 
2020-10-20 10:30:18 - Validation loss
2020-10-20 10:30:18 - Total Loss: 0.6641137937947017
2020-10-20 10:30:18 - 	tempo: 0.3702 vel: 0.7348 dev: 0.5327 articul: 0.7794 pedal: 0.6967 trill: 0.0 kld: 1.742 
2020-10-20 10:30:18 - 
2020-10-20 10:30:18 - 
2020-10-20 10:30:18 - Training Epoch 29
2020-10-20 10:30:18 - 
2020-10-20 12:45:34 - Training Loss
2020-10-20 12:45:34 - Total Loss: 0.7242761324199097
2020-10-20 12:45:34 - 	tempo: 0.2056 vel: 0.5267 dev: 1.854 articul: 0.6146 pedal: 0.6583 trill: 0.0 kld: 1.436 
2020-10-20 12:45:34 - 
2020-10-20 12:47:48 - Validation loss
2020-10-20 12:47:48 - Total Loss: 0.667765559401454
2020-10-20 12:47:48 - 	tempo: 0.3269 vel: 0.7782 dev: 0.4884 articul: 0.7732 pedal: 0.7096 trill: 0.0 kld: 1.778 
2020-10-20 12:47:48 - 
2020-10-20 12:47:48 - 
2020-10-20 12:47:48 - Training Epoch 30
2020-10-20 12:47:48 - 
2020-10-20 15:00:09 - Training Loss
2020-10-20 15:00:09 - Total Loss: 0.7006157781859987
2020-10-20 15:00:09 - 	tempo: 0.2 vel: 0.5242 dev: 1.633 articul: 0.6144 pedal: 0.6539 trill: 0.0 kld: 1.437 
2020-10-20 15:00:09 - 
2020-10-20 15:02:16 - Validation loss
2020-10-20 15:02:16 - Total Loss: 0.6725610051213241
2020-10-20 15:02:16 - 	tempo: 0.3902 vel: 0.777 dev: 0.5213 articul: 0.7708 pedal: 0.7039 trill: 0.0 kld: 1.787 
2020-10-20 15:02:16 - 
2020-10-20 15:02:16 - 
2020-10-20 15:02:16 - Training Epoch 31
2020-10-20 15:02:16 - 
2020-10-20 17:14:35 - Training Loss
2020-10-20 17:14:35 - Total Loss: 0.7142370351439661
2020-10-20 17:14:35 - 	tempo: 0.2026 vel: 0.523 dev: 1.766 articul: 0.6138 pedal: 0.6562 trill: 0.0 kld: 1.436 
2020-10-20 17:14:35 - 
2020-10-20 17:16:41 - Validation loss
2020-10-20 17:16:41 - Total Loss: 0.6692984153221293
2020-10-20 17:16:41 - 	tempo: 0.3831 vel: 0.8348 dev: 0.4987 articul: 0.7855 pedal: 0.6921 trill: 0.0 kld: 2.097 
2020-10-20 17:16:41 - 
2020-10-20 17:16:41 - 
2020-10-20 17:16:41 - Training Epoch 32
2020-10-20 17:16:41 - 
2020-10-20 19:28:56 - Training Loss
2020-10-20 19:28:56 - Total Loss: 0.729648236093255
2020-10-20 19:28:56 - 	tempo: 0.2008 vel: 0.5233 dev: 1.95 articul: 0.6112 pedal: 0.6544 trill: 0.0 kld: 1.452 
2020-10-20 19:28:56 - 
2020-10-20 19:31:01 - Validation loss
2020-10-20 19:31:01 - Total Loss: 0.6707133619887072
2020-10-20 19:31:01 - 	tempo: 0.3924 vel: 0.8652 dev: 0.4876 articul: 0.7908 pedal: 0.6901 trill: 0.0 kld: 1.68 
2020-10-20 19:31:01 - 
2020-10-20 19:31:01 - 
2020-10-20 19:31:01 - Training Epoch 33
2020-10-20 19:31:01 - 
2020-10-20 21:42:54 - Training Loss
2020-10-20 21:42:54 - Total Loss: 0.7538604332997897
2020-10-20 21:42:54 - 	tempo: 0.2012 vel: 0.5212 dev: 2.229 articul: 0.6116 pedal: 0.6531 trill: 0.0 kld: 1.436 
2020-10-20 21:42:54 - 
2020-10-20 21:44:58 - Validation loss
2020-10-20 21:44:58 - Total Loss: 0.6717942389773159
2020-10-20 21:44:58 - 	tempo: 0.3919 vel: 0.8343 dev: 0.5285 articul: 0.7976 pedal: 0.6891 trill: 0.0 kld: 1.928 
2020-10-20 21:44:58 - 
2020-10-20 21:44:58 - 
2020-10-20 21:44:58 - Training Epoch 34
2020-10-20 21:44:58 - 
