2020-11-10 09:15:26 - Starting training job for model LSTM Baseline
2020-11-10 09:15:26 - Running uni-directional with full data set
2020-11-10 09:15:27 - LSTM Baseline Hyper Params
2020-11-10 09:15:27 - {
    "input_size": 78,
    "output_size": 11,
    "num_layers": 3,
    "hidden_size": 256,
    "dropout": 0.5
}
2020-11-10 09:15:27 - LSTM Baseline Training Job Params
2020-11-10 09:15:27 - {
    "input_size": 78,
    "output_size": 11,
    "qpm_index": 0,
    "vel_param_idx": 0,
    "dev_param_idx": 2,
    "articul_param_idx": 3,
    "pedal_param_idx": 4,
    "time_steps": 500,
    "num_key_augmentation": 1,
    "batch_size": 1,
    "num_tempo_param": 1,
    "num_input": 78,
    "num_output": 11,
    "num_prime_param": 11,
    "device_num": 1,
    "is_dev": false,
    "learning_rate": 0.1,
    "grad_clip": 0.5
}
2020-11-10 09:15:30 - Reading Full Data
2020-11-10 09:15:30 - Loading the training data
2020-11-10 09:25:49 - number of train performances: 709 number of valid perf: 82
2020-11-10 09:25:49 - training sample example: [-1.962150341422854, -0.06717901528552674, 1.8699356872077189, 0.13782855458600415, 0.5691738323041352, -0.0476638292090852, -0.6179821514476284, -0.7241930870686905, 0.0, 0.0, 0, 0, 0, -0.5, 1, 0, 0, 0, 0, 0, 0, 0, 0, 0, 0, 0, 0.5, 0, 0, 0, 0, -0.7, 0, 0, 0.3, 0, 1, 0, 1, 0, 0, 0, 1, 0, 0, 0, 0, 0, 1, 0, 0, 0, 0, 1, 0, 0, 0, 0, 0, 0, 0, 0, 0, 0, 0, 0, 0, 0, 0, 0, 0, 0, 0, 0, 0, 0, 0.5, 0]
2020-11-10 15:00:55 - STARTING None TRAINING VERSION 0.1 JOB AT 50 EPOCHS FOR  DATA SET
2020-11-10 15:00:56 - Number of model params: 1399563
2020-11-10 15:00:56 - LSTMBaseline(
  (lstm_encoder): LSTM(78, 256, num_layers=3, dropout=0.5)
  (decoder): Linear(in_features=256, out_features=11, bias=True)
)
2020-11-10 15:00:56 - Training Epoch 1
2020-11-10 15:00:56 - 
2020-11-10 15:20:22 - Training Loss
2020-11-10 15:20:22 - Total Loss: 1.3765139344696167
2020-11-10 15:20:22 - 	tempo: 1.142 vel: 1.276 dev: 2.517 articul: 1.339 pedal: 1.267 trill: 0.0 kld: nan 
2020-11-10 15:20:22 - 
2020-11-10 15:20:35 - Validation loss
2020-11-10 15:20:35 - Total Loss: 1.2502906625134957
2020-11-10 15:20:35 - 	tempo: 1.99 vel: 1.759 dev: 0.812 articul: 1.325 pedal: 1.124 trill: 0.0 kld: nan 
2020-11-10 15:20:35 - 
2020-11-10 15:20:35 - 
2020-11-10 15:20:35 - Training Epoch 2
2020-11-10 15:20:35 - 
2020-11-10 15:36:08 - Training Loss
2020-11-10 15:36:08 - Total Loss: 1.326474434979927
2020-11-10 15:36:08 - 	tempo: 1.118 vel: 1.27 dev: 2.251 articul: 1.32 pedal: 1.233 trill: 0.0 kld: nan 
2020-11-10 15:36:08 - 
2020-11-10 15:36:21 - Validation loss
2020-11-10 15:36:21 - Total Loss: 1.190956165889044
2020-11-10 15:36:21 - 	tempo: 1.707 vel: 1.308 dev: 0.8229 articul: 1.066 pedal: 1.171 trill: 0.0 kld: nan 
2020-11-10 15:36:21 - 
2020-11-10 15:36:21 - 
2020-11-10 15:36:21 - Training Epoch 3
2020-11-10 15:36:21 - 
2020-11-10 15:52:26 - Training Loss
2020-11-10 15:52:26 - Total Loss: 1.2686564877678963
2020-11-10 15:52:26 - 	tempo: 1.094 vel: 1.255 dev: 1.648 articul: 1.317 pedal: 1.234 trill: 0.0 kld: nan 
2020-11-10 15:52:26 - 
2020-11-10 15:52:40 - Validation loss
2020-11-10 15:52:40 - Total Loss: 1.261276396519088
2020-11-10 15:52:40 - 	tempo: 1.747 vel: 1.52 dev: 1.076 articul: 1.037 pedal: 1.214 trill: 0.0 kld: nan 
2020-11-10 15:52:40 - 
2020-11-10 15:52:40 - 
2020-11-10 15:52:41 - Training Epoch 4
2020-11-10 15:52:41 - 
2020-11-10 16:09:16 - Training Loss
2020-11-10 16:09:16 - Total Loss: 1.335929011758155
2020-11-10 16:09:16 - 	tempo: 1.102 vel: 1.253 dev: 2.33 articul: 1.299 pedal: 1.244 trill: 0.0 kld: nan 
2020-11-10 16:09:16 - 
2020-11-10 16:09:30 - Validation loss
2020-11-10 16:09:30 - Total Loss: 1.3008678873482438
2020-11-10 16:09:30 - 	tempo: 2.15 vel: 1.685 dev: 0.7866 articul: 1.359 pedal: 1.19 trill: 0.0 kld: nan 
2020-11-10 16:09:30 - 
2020-11-10 16:09:30 - 
2020-11-10 16:09:30 - Training Epoch 5
2020-11-10 16:09:30 - 
2020-11-10 16:26:17 - Training Loss
2020-11-10 16:26:17 - Total Loss: 1.3028039466707904
2020-11-10 16:26:17 - 	tempo: 1.072 vel: 1.231 dev: 2.145 articul: 1.294 pedal: 1.227 trill: 0.0 kld: nan 
2020-11-10 16:26:17 - 
2020-11-10 16:26:31 - Validation loss
2020-11-10 16:26:31 - Total Loss: 1.2055910296251684
2020-11-10 16:26:31 - 	tempo: 1.577 vel: 1.229 dev: 0.7758 articul: 1.059 pedal: 1.232 trill: 0.0 kld: nan 
2020-11-10 16:26:31 - 
2020-11-10 16:26:31 - 
2020-11-10 16:26:32 - Training Epoch 6
2020-11-10 16:26:32 - 
2020-11-10 16:42:58 - Training Loss
2020-11-10 16:42:58 - Total Loss: 1.2861543293743742
2020-11-10 16:42:58 - 	tempo: 1.061 vel: 1.222 dev: 1.988 articul: 1.287 pedal: 1.227 trill: 0.0 kld: nan 
2020-11-10 16:42:58 - 
2020-11-10 16:43:12 - Validation loss
2020-11-10 16:43:12 - Total Loss: 1.2684697205659239
2020-11-10 16:43:12 - 	tempo: 1.796 vel: 1.356 dev: 0.7602 articul: 1.183 pedal: 1.265 trill: 0.0 kld: nan 
2020-11-10 16:43:12 - 
2020-11-10 16:43:12 - 
2020-11-10 16:43:12 - Training Epoch 7
2020-11-10 16:43:12 - 
2020-11-10 16:59:49 - Training Loss
2020-11-10 16:59:49 - Total Loss: 1.2789406694348426
2020-11-10 16:59:49 - 	tempo: 1.063 vel: 1.214 dev: 1.996 articul: 1.278 pedal: 1.217 trill: 0.0 kld: nan 
2020-11-10 16:59:49 - 
2020-11-10 17:00:02 - Validation loss
2020-11-10 17:00:02 - Total Loss: 1.223061087585631
2020-11-10 17:00:02 - 	tempo: 1.623 vel: 1.232 dev: 0.7591 articul: 1.119 pedal: 1.246 trill: 0.0 kld: nan 
2020-11-10 17:00:02 - 
2020-11-10 17:00:02 - 
2020-11-10 17:00:02 - Training Epoch 8
2020-11-10 17:00:02 - 
2020-11-10 17:16:03 - Training Loss
2020-11-10 17:16:03 - Total Loss: 1.2700855087307428
2020-11-10 17:16:03 - 	tempo: 1.058 vel: 1.202 dev: 1.995 articul: 1.267 pedal: 1.207 trill: 0.0 kld: nan 
2020-11-10 17:16:03 - 
2020-11-10 17:16:16 - Validation loss
2020-11-10 17:16:16 - Total Loss: 1.1407177428713322
2020-11-10 17:16:16 - 	tempo: 1.463 vel: 1.16 dev: 0.7899 articul: 1.076 pedal: 1.151 trill: 0.0 kld: nan 
2020-11-10 17:16:16 - 
2020-11-10 17:16:16 - 
2020-11-10 17:16:16 - Training Epoch 9
2020-11-10 17:16:16 - 
2020-11-10 17:32:07 - Training Loss
2020-11-10 17:32:07 - Total Loss: 1.230768577418945
2020-11-10 17:32:07 - 	tempo: 1.054 vel: 1.195 dev: 1.629 articul: 1.261 pedal: 1.2 trill: 0.0 kld: nan 
2020-11-10 17:32:07 - 
2020-11-10 17:32:20 - Validation loss
2020-11-10 17:32:20 - Total Loss: 1.2165561327614736
2020-11-10 17:32:20 - 	tempo: 1.585 vel: 1.216 dev: 0.7706 articul: 1.105 pedal: 1.244 trill: 0.0 kld: nan 
2020-11-10 17:32:20 - 
2020-11-10 17:32:20 - 
2020-11-10 17:32:20 - Training Epoch 10
2020-11-10 17:32:20 - 
2020-11-10 17:48:20 - Training Loss
2020-11-10 17:48:20 - Total Loss: 1.2637408556790979
2020-11-10 17:48:20 - 	tempo: 1.043 vel: 1.191 dev: 2.064 articul: 1.256 pedal: 1.192 trill: 0.0 kld: nan 
2020-11-10 17:48:20 - 
2020-11-10 17:48:33 - Validation loss
2020-11-10 17:48:33 - Total Loss: 1.1412717135194241
2020-11-10 17:48:33 - 	tempo: 1.484 vel: 1.242 dev: 0.7612 articul: 1.159 pedal: 1.13 trill: 0.0 kld: nan 
2020-11-10 17:48:33 - 
2020-11-10 17:48:33 - 
2020-11-10 17:48:33 - Training Epoch 11
2020-11-10 17:48:33 - 
2020-11-10 18:04:29 - Training Loss
2020-11-10 18:04:29 - Total Loss: 1.2585174902232417
2020-11-10 18:04:29 - 	tempo: 1.049 vel: 1.196 dev: 1.95 articul: 1.258 pedal: 1.199 trill: 0.0 kld: nan 
2020-11-10 18:04:29 - 
2020-11-10 18:04:41 - Validation loss
2020-11-10 18:04:41 - Total Loss: 1.2172262502641513
2020-11-10 18:04:41 - 	tempo: 1.592 vel: 1.225 dev: 0.8156 articul: 1.167 pedal: 1.227 trill: 0.0 kld: nan 
2020-11-10 18:04:41 - 
2020-11-10 18:04:41 - 
2020-11-10 18:04:41 - Training Epoch 12
2020-11-10 18:04:41 - 
2020-11-10 18:20:37 - Training Loss
2020-11-10 18:20:37 - Total Loss: 1.2328196003140086
2020-11-10 18:20:37 - 	tempo: 1.05 vel: 1.197 dev: 1.696 articul: 1.261 pedal: 1.194 trill: 0.0 kld: nan 
2020-11-10 18:20:37 - 
2020-11-10 18:20:50 - Validation loss
2020-11-10 18:20:50 - Total Loss: 1.1089619123689485
2020-11-10 18:20:50 - 	tempo: 1.405 vel: 1.442 dev: 0.7828 articul: 1.055 pedal: 1.073 trill: 0.0 kld: nan 
2020-11-10 18:20:50 - 
2020-11-10 18:20:50 - 
2020-11-10 18:20:50 - Training Epoch 13
2020-11-10 18:20:50 - 
2020-11-10 18:36:43 - Training Loss
2020-11-10 18:36:43 - Total Loss: 1.2762697460792976
2020-11-10 18:36:43 - 	tempo: 1.051 vel: 1.199 dev: 2.174 articul: 1.259 pedal: 1.194 trill: 0.0 kld: nan 
2020-11-10 18:36:43 - 
2020-11-10 18:36:55 - Validation loss
2020-11-10 18:36:55 - Total Loss: 1.224124783033397
2020-11-10 18:36:55 - 	tempo: 1.635 vel: 1.249 dev: 0.7653 articul: 1.18 pedal: 1.234 trill: 0.0 kld: nan 
2020-11-10 18:36:55 - 
2020-11-10 18:36:55 - 
2020-11-10 18:36:56 - Training Epoch 14
2020-11-10 18:36:56 - 
2020-11-10 18:52:51 - Training Loss
2020-11-10 18:52:51 - Total Loss: 1.2374800588664656
2020-11-10 18:52:51 - 	tempo: 1.069 vel: 1.207 dev: 1.697 articul: 1.262 pedal: 1.197 trill: 0.0 kld: nan 
2020-11-10 18:52:51 - 
2020-11-10 18:53:04 - Validation loss
2020-11-10 18:53:04 - Total Loss: 1.2061013910220535
2020-11-10 18:53:04 - 	tempo: 1.63 vel: 1.233 dev: 0.8082 articul: 1.205 pedal: 1.199 trill: 0.0 kld: nan 
2020-11-10 18:53:04 - 
2020-11-10 18:53:04 - 
2020-11-10 18:53:04 - Training Epoch 15
2020-11-10 18:53:04 - 
2020-11-10 19:08:59 - Training Loss
2020-11-10 19:08:59 - Total Loss: 1.2364930079043988
2020-11-10 19:08:59 - 	tempo: 1.047 vel: 1.194 dev: 1.727 articul: 1.262 pedal: 1.196 trill: 0.0 kld: nan 
2020-11-10 19:08:59 - 
2020-11-10 19:09:11 - Validation loss
2020-11-10 19:09:11 - Total Loss: 1.217854699734373
2020-11-10 19:09:11 - 	tempo: 1.56 vel: 1.201 dev: 0.767 articul: 1.064 pedal: 1.258 trill: 0.0 kld: nan 
2020-11-10 19:09:11 - 
2020-11-10 19:09:11 - 
2020-11-10 19:09:12 - Training Epoch 16
2020-11-10 19:09:12 - 
2020-11-10 19:25:10 - Training Loss
2020-11-10 19:25:10 - Total Loss: 1.2551443094168695
2020-11-10 19:25:10 - 	tempo: 1.034 vel: 1.185 dev: 1.982 articul: 1.263 pedal: 1.192 trill: 0.0 kld: nan 
2020-11-10 19:25:10 - 
2020-11-10 19:25:23 - Validation loss
2020-11-10 19:25:23 - Total Loss: 1.1788265818275536
2020-11-10 19:25:23 - 	tempo: 1.512 vel: 1.236 dev: 0.767 articul: 1.079 pedal: 1.196 trill: 0.0 kld: nan 
2020-11-10 19:25:23 - 
2020-11-10 19:25:23 - 
2020-11-10 19:25:23 - Training Epoch 17
2020-11-10 19:25:23 - 
2020-11-10 19:41:14 - Training Loss
2020-11-10 19:41:14 - Total Loss: 1.3005386049677077
2020-11-10 19:41:14 - 	tempo: 1.041 vel: 1.189 dev: 2.415 articul: 1.264 pedal: 1.2 trill: 0.0 kld: nan 
2020-11-10 19:41:14 - 
2020-11-10 19:41:27 - Validation loss
2020-11-10 19:41:27 - Total Loss: 1.2082755965904346
2020-11-10 19:41:27 - 	tempo: 1.652 vel: 1.249 dev: 0.7684 articul: 1.172 pedal: 1.207 trill: 0.0 kld: nan 
2020-11-10 19:41:27 - 
2020-11-10 19:41:27 - 
2020-11-10 19:41:27 - Training Epoch 18
2020-11-10 19:41:27 - 
2020-11-10 19:57:25 - Training Loss
2020-11-10 19:57:25 - Total Loss: 1.2800920056413227
2020-11-10 19:57:25 - 	tempo: 1.038 vel: 1.193 dev: 2.164 articul: 1.261 pedal: 1.204 trill: 0.0 kld: nan 
2020-11-10 19:57:25 - 
2020-11-10 19:57:38 - Validation loss
2020-11-10 19:57:38 - Total Loss: 1.22578346525502
2020-11-10 19:57:38 - 	tempo: 1.661 vel: 1.274 dev: 0.7765 articul: 1.155 pedal: 1.231 trill: 0.0 kld: nan 
2020-11-10 19:57:38 - 
2020-11-10 19:57:38 - 
2020-11-10 19:57:38 - Training Epoch 19
2020-11-10 19:57:38 - 
2020-11-10 20:13:33 - Training Loss
2020-11-10 20:13:33 - Total Loss: 1.2502320828471136
2020-11-10 20:13:33 - 	tempo: 1.042 vel: 1.192 dev: 1.867 articul: 1.256 pedal: 1.199 trill: 0.0 kld: nan 
2020-11-10 20:13:33 - 
2020-11-10 20:13:46 - Validation loss
2020-11-10 20:13:46 - Total Loss: 1.145645209404424
2020-11-10 20:13:46 - 	tempo: 1.506 vel: 1.185 dev: 0.803 articul: 1.096 pedal: 1.144 trill: 0.0 kld: nan 
2020-11-10 20:13:46 - 
2020-11-10 20:13:46 - 
2020-11-10 20:13:46 - Training Epoch 20
2020-11-10 20:13:46 - 
2020-11-10 20:29:37 - Training Loss
2020-11-10 20:29:37 - Total Loss: 1.2376141955054185
2020-11-10 20:29:37 - 	tempo: 1.041 vel: 1.189 dev: 1.784 articul: 1.264 pedal: 1.191 trill: 0.0 kld: nan 
2020-11-10 20:29:37 - 
2020-11-10 20:29:49 - Validation loss
2020-11-10 20:29:49 - Total Loss: 1.2179330539846502
2020-11-10 20:29:49 - 	tempo: 1.641 vel: 1.24 dev: 0.76 articul: 1.234 pedal: 1.217 trill: 0.0 kld: nan 
2020-11-10 20:29:49 - 
2020-11-10 20:29:49 - 
2020-11-10 20:29:49 - Training Epoch 21
2020-11-10 20:29:49 - 
2020-11-10 20:45:51 - Training Loss
2020-11-10 20:45:51 - Total Loss: 1.2826886980170915
2020-11-10 20:45:51 - 	tempo: 1.031 vel: 1.186 dev: 2.246 articul: 1.258 pedal: 1.198 trill: 0.0 kld: nan 
2020-11-10 20:45:51 - 
2020-11-10 20:46:04 - Validation loss
2020-11-10 20:46:04 - Total Loss: 1.1576887906926778
2020-11-10 20:46:04 - 	tempo: 1.471 vel: 1.233 dev: 0.795 articul: 1.041 pedal: 1.171 trill: 0.0 kld: nan 
2020-11-10 20:46:04 - 
2020-11-10 20:46:04 - 
2020-11-10 20:46:04 - Training Epoch 22
2020-11-10 20:46:04 - 
2020-11-10 21:01:52 - Training Loss
2020-11-10 21:01:52 - Total Loss: 1.2952328430224258
2020-11-10 21:01:52 - 	tempo: 1.038 vel: 1.194 dev: 2.41 articul: 1.262 pedal: 1.192 trill: 0.0 kld: nan 
2020-11-10 21:01:52 - 
2020-11-10 21:02:04 - Validation loss
2020-11-10 21:02:04 - Total Loss: 1.219196435695701
2020-11-10 21:02:04 - 	tempo: 1.713 vel: 1.314 dev: 0.7651 articul: 1.098 pedal: 1.217 trill: 0.0 kld: nan 
2020-11-10 21:02:04 - 
2020-11-10 21:02:04 - 
2020-11-10 21:02:04 - Training Epoch 23
2020-11-10 21:02:04 - 
2020-11-10 21:17:30 - Training Loss
2020-11-10 21:17:30 - Total Loss: 1.2409942992571594
2020-11-10 21:17:30 - 	tempo: 1.031 vel: 1.187 dev: 1.843 articul: 1.263 pedal: 1.19 trill: 0.0 kld: nan 
2020-11-10 21:17:30 - 
2020-11-10 21:17:41 - Validation loss
2020-11-10 21:17:41 - Total Loss: 1.217827064591574
2020-11-10 21:17:41 - 	tempo: 1.585 vel: 1.219 dev: 0.7641 articul: 1.122 pedal: 1.244 trill: 0.0 kld: nan 
2020-11-10 21:17:41 - 
2020-11-10 21:17:41 - 
2020-11-10 21:17:42 - Training Epoch 24
2020-11-10 21:17:42 - 
2020-11-10 21:39:27 - Training Loss
2020-11-10 21:39:27 - Total Loss: 1.295067730168095
2020-11-10 21:39:27 - 	tempo: 1.037 vel: 1.187 dev: 2.388 articul: 1.261 pedal: 1.196 trill: 0.0 kld: nan 
2020-11-10 21:39:27 - 
2020-11-10 21:39:52 - Validation loss
2020-11-10 21:39:52 - Total Loss: 1.1366852596146135
2020-11-10 21:39:52 - 	tempo: 1.458 vel: 1.158 dev: 0.7983 articul: 1.125 pedal: 1.138 trill: 0.0 kld: nan 
2020-11-10 21:39:52 - 
2020-11-10 21:39:52 - 
2020-11-10 21:39:52 - Training Epoch 25
2020-11-10 21:39:52 - 
2020-11-10 22:01:29 - Training Loss
2020-11-10 22:01:29 - Total Loss: 1.2814198737785243
2020-11-10 22:01:29 - 	tempo: 1.043 vel: 1.192 dev: 2.257 articul: 1.259 pedal: 1.192 trill: 0.0 kld: nan 
2020-11-10 22:01:29 - 
2020-11-10 22:01:41 - Validation loss
2020-11-10 22:01:41 - Total Loss: 1.1675684495868845
2020-11-10 22:01:41 - 	tempo: 1.579 vel: 1.219 dev: 0.7657 articul: 1.202 pedal: 1.154 trill: 0.0 kld: nan 
2020-11-10 22:01:41 - 
2020-11-10 22:01:41 - 
2020-11-10 22:01:42 - Training Epoch 26
2020-11-10 22:01:42 - 
2020-11-10 22:23:15 - Training Loss
2020-11-10 22:23:15 - Total Loss: 1.232259001004137
2020-11-10 22:23:15 - 	tempo: 1.037 vel: 1.193 dev: 1.702 articul: 1.261 pedal: 1.195 trill: 0.0 kld: nan 
2020-11-10 22:23:15 - 
2020-11-10 22:23:41 - Validation loss
2020-11-10 22:23:41 - Total Loss: 1.170792114149888
2020-11-10 22:23:41 - 	tempo: 1.561 vel: 1.251 dev: 0.7743 articul: 1.097 pedal: 1.171 trill: 0.0 kld: nan 
2020-11-10 22:23:41 - 
2020-11-10 22:23:41 - 
2020-11-10 22:23:42 - Training Epoch 27
2020-11-10 22:23:42 - 
2020-11-10 22:50:15 - Training Loss
2020-11-10 22:50:15 - Total Loss: 1.2591534756604057
2020-11-10 22:50:15 - 	tempo: 1.045 vel: 1.193 dev: 1.983 articul: 1.258 pedal: 1.196 trill: 0.0 kld: nan 
2020-11-10 22:50:15 - 
2020-11-10 22:50:42 - Validation loss
2020-11-10 22:50:42 - Total Loss: 1.2333382083287419
2020-11-10 22:50:42 - 	tempo: 1.693 vel: 1.293 dev: 0.7943 articul: 1.173 pedal: 1.23 trill: 0.0 kld: nan 
2020-11-10 22:50:42 - 
2020-11-10 22:50:42 - 
2020-11-10 22:50:42 - Training Epoch 28
2020-11-10 22:50:42 - 
2020-11-10 23:16:40 - Training Loss
2020-11-10 23:16:40 - Total Loss: 1.2775802618570513
2020-11-10 23:16:40 - 	tempo: 1.044 vel: 1.193 dev: 2.183 articul: 1.264 pedal: 1.196 trill: 0.0 kld: nan 
2020-11-10 23:16:40 - 
2020-11-10 23:16:52 - Validation loss
2020-11-10 23:16:52 - Total Loss: 1.1850952508638972
2020-11-10 23:16:52 - 	tempo: 1.563 vel: 1.203 dev: 0.7618 articul: 1.212 pedal: 1.185 trill: 0.0 kld: nan 
2020-11-10 23:16:52 - 
2020-11-10 23:16:52 - 
2020-11-10 23:16:53 - Training Epoch 29
2020-11-10 23:16:53 - 
2020-11-10 23:33:05 - Training Loss
2020-11-10 23:33:05 - Total Loss: 1.2832381438145655
2020-11-10 23:33:05 - 	tempo: 1.051 vel: 1.198 dev: 2.227 articul: 1.26 pedal: 1.197 trill: 0.0 kld: nan 
2020-11-10 23:33:05 - 
2020-11-10 23:33:32 - Validation loss
2020-11-10 23:33:32 - Total Loss: 1.2253199789122617
2020-11-10 23:33:32 - 	tempo: 1.635 vel: 1.244 dev: 0.8227 articul: 1.187 pedal: 1.227 trill: 0.0 kld: nan 
2020-11-10 23:33:32 - 
2020-11-10 23:33:32 - 
2020-11-10 23:33:32 - Training Epoch 30
2020-11-10 23:33:32 - 
2020-11-11 00:00:29 - Training Loss
2020-11-11 00:00:29 - Total Loss: 1.2571967368516477
2020-11-11 00:00:29 - 	tempo: 1.042 vel: 1.188 dev: 1.989 articul: 1.255 pedal: 1.193 trill: 0.0 kld: nan 
2020-11-11 00:00:29 - 
2020-11-11 00:00:57 - Validation loss
2020-11-11 00:00:57 - Total Loss: 1.163480655369112
2020-11-11 00:00:57 - 	tempo: 1.492 vel: 1.205 dev: 0.7569 articul: 1.122 pedal: 1.175 trill: 0.0 kld: nan 
2020-11-11 00:00:57 - 
2020-11-11 00:00:57 - 
2020-11-11 00:00:58 - Training Epoch 31
2020-11-11 00:00:58 - 
2020-11-11 00:28:19 - Training Loss
2020-11-11 00:28:19 - Total Loss: 1.2500804480120973
2020-11-11 00:28:19 - 	tempo: 1.044 vel: 1.193 dev: 1.916 articul: 1.259 pedal: 1.191 trill: 0.0 kld: nan 
2020-11-11 00:28:19 - 
2020-11-11 00:28:47 - Validation loss
2020-11-11 00:28:47 - Total Loss: 1.2054966927084148
2020-11-11 00:28:47 - 	tempo: 1.487 vel: 1.162 dev: 0.7851 articul: 1.061 pedal: 1.252 trill: 0.0 kld: nan 
2020-11-11 00:28:47 - 
2020-11-11 00:28:47 - 
2020-11-11 00:28:47 - Training Epoch 32
2020-11-11 00:28:47 - 
2020-11-11 00:56:05 - Training Loss
2020-11-11 00:56:05 - Total Loss: 1.2842071909050923
2020-11-11 00:56:05 - 	tempo: 1.047 vel: 1.195 dev: 2.238 articul: 1.26 pedal: 1.198 trill: 0.0 kld: nan 
2020-11-11 00:56:05 - 
2020-11-11 00:56:32 - Validation loss
2020-11-11 00:56:32 - Total Loss: 1.1064928875010238
2020-11-11 00:56:32 - 	tempo: 1.569 vel: 1.262 dev: 0.7735 articul: 1.152 pedal: 1.059 trill: 0.0 kld: nan 
2020-11-11 00:56:32 - 
2020-11-11 00:56:32 - 
2020-11-11 00:56:32 - Training Epoch 33
2020-11-11 00:56:32 - 
2020-11-11 01:24:04 - Training Loss
2020-11-11 01:24:04 - Total Loss: 1.2596764823990914
2020-11-11 01:24:04 - 	tempo: 1.056 vel: 1.2 dev: 1.978 articul: 1.265 pedal: 1.194 trill: 0.0 kld: nan 
2020-11-11 01:24:04 - 
2020-11-11 01:24:32 - Validation loss
2020-11-11 01:24:32 - Total Loss: 1.1360849237503254
2020-11-11 01:24:32 - 	tempo: 1.533 vel: 1.225 dev: 0.7602 articul: 1.112 pedal: 1.124 trill: 0.0 kld: nan 
2020-11-11 01:24:32 - 
2020-11-11 01:24:32 - 
2020-11-11 01:24:32 - Training Epoch 34
2020-11-11 01:24:32 - 
2020-11-11 01:48:18 - Training Loss
2020-11-11 01:48:18 - Total Loss: 1.2664282204100739
2020-11-11 01:48:18 - 	tempo: 1.041 vel: 1.193 dev: 2.049 articul: 1.26 pedal: 1.198 trill: 0.0 kld: nan 
2020-11-11 01:48:18 - 
2020-11-11 01:48:46 - Validation loss
2020-11-11 01:48:46 - Total Loss: 1.133778944585902
2020-11-11 01:48:46 - 	tempo: 1.489 vel: 1.271 dev: 0.7685 articul: 1.042 pedal: 1.129 trill: 0.0 kld: nan 
2020-11-11 01:48:46 - 
2020-11-11 01:48:46 - 
2020-11-11 01:48:46 - Training Epoch 35
2020-11-11 01:48:46 - 
2020-11-11 02:15:54 - Training Loss
2020-11-11 02:15:54 - Total Loss: 1.2691975925633328
2020-11-11 02:15:54 - 	tempo: 1.04 vel: 1.186 dev: 2.117 articul: 1.259 pedal: 1.194 trill: 0.0 kld: nan 
2020-11-11 02:15:54 - 
2020-11-11 02:16:22 - Validation loss
2020-11-11 02:16:22 - Total Loss: 1.1840105081257755
2020-11-11 02:16:22 - 	tempo: 1.49 vel: 1.204 dev: 0.7947 articul: 1.046 pedal: 1.213 trill: 0.0 kld: nan 
2020-11-11 02:16:22 - 
2020-11-11 02:16:22 - 
2020-11-11 02:16:22 - Training Epoch 36
2020-11-11 02:16:22 - 
2020-11-11 02:43:45 - Training Loss
2020-11-11 02:43:45 - Total Loss: 1.2776105656564638
2020-11-11 02:43:45 - 	tempo: 1.05 vel: 1.196 dev: 2.207 articul: 1.261 pedal: 1.192 trill: 0.0 kld: nan 
2020-11-11 02:43:45 - 
2020-11-11 02:44:12 - Validation loss
2020-11-11 02:44:12 - Total Loss: 1.1741962933499308
2020-11-11 02:44:12 - 	tempo: 1.482 vel: 1.25 dev: 0.798 articul: 1.043 pedal: 1.192 trill: 0.0 kld: nan 
2020-11-11 02:44:12 - 
2020-11-11 02:44:12 - 
2020-11-11 02:44:12 - Training Epoch 37
2020-11-11 02:44:12 - 
2020-11-11 03:11:39 - Training Loss
2020-11-11 03:11:39 - Total Loss: 1.2374587056995396
2020-11-11 03:11:39 - 	tempo: 1.047 vel: 1.196 dev: 1.75 articul: 1.265 pedal: 1.193 trill: 0.0 kld: nan 
2020-11-11 03:11:39 - 
2020-11-11 03:12:06 - Validation loss
2020-11-11 03:12:06 - Total Loss: 1.1964464539690955
2020-11-11 03:12:06 - 	tempo: 1.527 vel: 1.182 dev: 0.7723 articul: 1.073 pedal: 1.23 trill: 0.0 kld: nan 
2020-11-11 03:12:06 - 
2020-11-11 03:12:06 - 
2020-11-11 03:12:07 - Training Epoch 38
2020-11-11 03:12:07 - 
2020-11-11 03:39:31 - Training Loss
2020-11-11 03:39:31 - Total Loss: 1.2394943899959399
2020-11-11 03:39:31 - 	tempo: 1.043 vel: 1.192 dev: 1.797 articul: 1.259 pedal: 1.192 trill: 0.0 kld: nan 
2020-11-11 03:39:31 - 
2020-11-11 03:39:59 - Validation loss
2020-11-11 03:39:59 - Total Loss: 1.1782303682759276
2020-11-11 03:39:59 - 	tempo: 1.433 vel: 1.179 dev: 0.8029 articul: 1.037 pedal: 1.215 trill: 0.0 kld: nan 
2020-11-11 03:39:59 - 
2020-11-11 03:39:59 - 
2020-11-11 03:39:59 - Training Epoch 39
2020-11-11 03:39:59 - 
2020-11-11 04:07:19 - Training Loss
2020-11-11 04:07:19 - Total Loss: 1.2415016043055507
2020-11-11 04:07:19 - 	tempo: 1.033 vel: 1.186 dev: 1.827 articul: 1.26 pedal: 1.193 trill: 0.0 kld: nan 
2020-11-11 04:07:19 - 
2020-11-11 04:07:47 - Validation loss
2020-11-11 04:07:47 - Total Loss: 1.2479389115631274
2020-11-11 04:07:47 - 	tempo: 1.59 vel: 1.237 dev: 0.7596 articul: 1.117 pedal: 1.289 trill: 0.0 kld: nan 
2020-11-11 04:07:47 - 
2020-11-11 04:07:47 - 
2020-11-11 04:07:47 - Training Epoch 40
2020-11-11 04:07:47 - 
2020-11-11 04:35:08 - Training Loss
2020-11-11 04:35:08 - Total Loss: 1.2666406494689146
2020-11-11 04:35:08 - 	tempo: 1.043 vel: 1.191 dev: 2.089 articul: 1.262 pedal: 1.193 trill: 0.0 kld: nan 
2020-11-11 04:35:08 - 
2020-11-11 04:35:35 - Validation loss
2020-11-11 04:35:35 - Total Loss: 1.0980707681465804
2020-11-11 04:35:35 - 	tempo: 1.434 vel: 1.253 dev: 0.7943 articul: 1.052 pedal: 1.078 trill: 0.0 kld: nan 
2020-11-11 04:35:35 - 
2020-11-11 04:35:35 - 
2020-11-11 04:35:36 - Training Epoch 41
2020-11-11 04:35:36 - 
2020-11-11 05:00:59 - Training Loss
2020-11-11 05:00:59 - Total Loss: 1.229995225813859
2020-11-11 05:00:59 - 	tempo: 1.038 vel: 1.187 dev: 1.711 articul: 1.258 pedal: 1.191 trill: 0.0 kld: nan 
2020-11-11 05:00:59 - 
2020-11-11 05:01:26 - Validation loss
2020-11-11 05:01:26 - Total Loss: 1.1722801661000652
2020-11-11 05:01:26 - 	tempo: 1.486 vel: 1.223 dev: 0.762 articul: 1.037 pedal: 1.198 trill: 0.0 kld: nan 
2020-11-11 05:01:26 - 
2020-11-11 05:01:26 - 
2020-11-11 05:01:27 - Training Epoch 42
2020-11-11 05:01:27 - 
2020-11-11 05:28:40 - Training Loss
2020-11-11 05:28:40 - Total Loss: 1.2567950694086663
2020-11-11 05:28:40 - 	tempo: 1.039 vel: 1.191 dev: 1.982 articul: 1.261 pedal: 1.193 trill: 0.0 kld: nan 
2020-11-11 05:28:40 - 
2020-11-11 05:29:08 - Validation loss
2020-11-11 05:29:08 - Total Loss: 1.1974967711501652
2020-11-11 05:29:08 - 	tempo: 1.463 vel: 1.152 dev: 0.7832 articul: 1.041 pedal: 1.248 trill: 0.0 kld: nan 
2020-11-11 05:29:08 - 
2020-11-11 05:29:08 - 
2020-11-11 05:29:08 - Training Epoch 43
2020-11-11 05:29:08 - 
2020-11-11 05:56:26 - Training Loss
2020-11-11 05:56:26 - Total Loss: 1.3280042850900842
2020-11-11 05:56:26 - 	tempo: 1.053 vel: 1.195 dev: 2.731 articul: 1.259 pedal: 1.196 trill: 0.0 kld: nan 
2020-11-11 05:56:26 - 
2020-11-11 05:56:53 - Validation loss
2020-11-11 05:56:53 - Total Loss: 1.2216767868087794
2020-11-11 05:56:53 - 	tempo: 1.663 vel: 1.269 dev: 0.8655 articul: 1.258 pedal: 1.198 trill: 0.0 kld: nan 
2020-11-11 05:56:53 - 
2020-11-11 05:56:53 - 
2020-11-11 05:56:53 - Training Epoch 44
2020-11-11 05:56:53 - 
2020-11-11 06:24:17 - Training Loss
2020-11-11 06:24:17 - Total Loss: 1.2544719983881545
2020-11-11 06:24:17 - 	tempo: 1.035 vel: 1.187 dev: 1.966 articul: 1.254 pedal: 1.194 trill: 0.0 kld: nan 
2020-11-11 06:24:17 - 
2020-11-11 06:24:44 - Validation loss
2020-11-11 06:24:44 - Total Loss: 1.2231412730179727
2020-11-11 06:24:44 - 	tempo: 1.572 vel: 1.231 dev: 0.7662 articul: 1.073 pedal: 1.259 trill: 0.0 kld: nan 
2020-11-11 06:24:44 - 
2020-11-11 06:24:44 - 
2020-11-11 06:24:44 - Training Epoch 45
2020-11-11 06:24:44 - 
2020-11-11 06:52:09 - Training Loss
2020-11-11 06:52:09 - Total Loss: 1.2678876701901902
2020-11-11 06:52:09 - 	tempo: 1.054 vel: 1.199 dev: 2.052 articul: 1.258 pedal: 1.198 trill: 0.0 kld: nan 
2020-11-11 06:52:09 - 
2020-11-11 06:52:37 - Validation loss
2020-11-11 06:52:37 - Total Loss: 1.2116464792760377
2020-11-11 06:52:37 - 	tempo: 1.585 vel: 1.228 dev: 0.7645 articul: 1.067 pedal: 1.24 trill: 0.0 kld: nan 
2020-11-11 06:52:37 - 
2020-11-11 06:52:37 - 
2020-11-11 06:52:37 - Training Epoch 46
2020-11-11 06:52:37 - 
2020-11-11 07:19:51 - Training Loss
2020-11-11 07:19:51 - Total Loss: 1.2885911288490084
2020-11-11 07:19:51 - 	tempo: 1.033 vel: 1.185 dev: 2.291 articul: 1.262 pedal: 1.2 trill: 0.0 kld: nan 
2020-11-11 07:19:51 - 
2020-11-11 07:20:18 - Validation loss
2020-11-11 07:20:18 - Total Loss: 1.2138123872379463
2020-11-11 07:20:18 - 	tempo: 1.669 vel: 1.254 dev: 0.7654 articul: 1.227 pedal: 1.205 trill: 0.0 kld: nan 
2020-11-11 07:20:18 - 
2020-11-11 07:20:18 - 
2020-11-11 07:20:19 - Training Epoch 47
2020-11-11 07:20:19 - 
2020-11-11 07:47:39 - Training Loss
2020-11-11 07:47:39 - Total Loss: 1.2600453635655706
2020-11-11 07:47:39 - 	tempo: 1.034 vel: 1.187 dev: 1.956 articul: 1.269 pedal: 1.202 trill: 0.0 kld: nan 
2020-11-11 07:47:39 - 
2020-11-11 07:48:07 - Validation loss
2020-11-11 07:48:07 - Total Loss: 1.2005897947676378
2020-11-11 07:48:07 - 	tempo: 1.495 vel: 1.168 dev: 0.7874 articul: 1.04 pedal: 1.245 trill: 0.0 kld: nan 
2020-11-11 07:48:07 - 
2020-11-11 07:48:07 - 
2020-11-11 07:48:07 - Training Epoch 48
2020-11-11 07:48:07 - 
2020-11-11 08:13:15 - Training Loss
2020-11-11 08:13:15 - Total Loss: 1.2973163437116124
2020-11-11 08:13:15 - 	tempo: 1.043 vel: 1.192 dev: 2.419 articul: 1.263 pedal: 1.193 trill: 0.0 kld: nan 
2020-11-11 08:13:15 - 
2020-11-11 08:13:43 - Validation loss
2020-11-11 08:13:43 - Total Loss: 1.1828327797302582
2020-11-11 08:13:43 - 	tempo: 1.46 vel: 1.237 dev: 0.7998 articul: 1.039 pedal: 1.211 trill: 0.0 kld: nan 
2020-11-11 08:13:43 - 
2020-11-11 08:13:43 - 
2020-11-11 08:13:43 - Training Epoch 49
2020-11-11 08:13:43 - 
2020-11-11 08:41:14 - Training Loss
2020-11-11 08:41:14 - Total Loss: 1.2784372270361741
2020-11-11 08:41:14 - 	tempo: 1.034 vel: 1.188 dev: 2.235 articul: 1.258 pedal: 1.193 trill: 0.0 kld: nan 
2020-11-11 08:41:14 - 
2020-11-11 08:41:42 - Validation loss
2020-11-11 08:41:42 - Total Loss: 1.1744355587192061
2020-11-11 08:41:42 - 	tempo: 1.558 vel: 1.216 dev: 0.7607 articul: 1.165 pedal: 1.174 trill: 0.0 kld: nan 
2020-11-11 08:41:42 - 
2020-11-11 08:41:42 - 
2020-11-11 08:41:42 - Training Epoch 50
2020-11-11 08:41:42 - 
2020-11-11 09:08:31 - Training Loss
2020-11-11 09:08:31 - Total Loss: 1.2313591523300909
2020-11-11 09:08:31 - 	tempo: 1.048 vel: 1.197 dev: 1.664 articul: 1.255 pedal: 1.197 trill: 0.0 kld: nan 
2020-11-11 09:08:31 - 
2020-11-11 09:08:59 - Validation loss
2020-11-11 09:08:59 - Total Loss: 1.2079415384037742
2020-11-11 09:08:59 - 	tempo: 1.53 vel: 1.185 dev: 0.7764 articul: 1.062 pedal: 1.248 trill: 0.0 kld: nan 
2020-11-11 09:08:59 - 
2020-11-11 09:08:59 - 
2020-11-11 09:09:00 - FINISHED None VERSION 0.1 TRAINING JOB AT 50 EPOCHS FOR  DATA SET
