2020-10-16 23:01:26 - Loading the training data
2020-10-16 23:10:58 - number of train performances: 709 number of valid perf: 82
2020-10-16 23:10:58 - training sample example: [0.6979665018697635, -0.06717901528552674, -0.24900381647255815, -0.18282409397938054, -0.28513258251543067, -0.0476638292090852, -0.6054306213640016, -0.722166594420889, 0.16666666666666666, 0.0011402508551881414, 0, 0, 0, 0.25, 0, 0, 0, 1, 0, 0, 0, 0, 0, 0, 0, 0, 0.3, 0, 0, 0, 0, -0.4, 0, 0, 0, 0, 1, 0, 0, 1, 0, 0, 0, 1, 0, 0, 0, 0, 1, 0, 1, 0, 0, 0, 0, 0, 0, 0, 0, 1, 0, 0, 0, 0, 0, 0, 0, 0, 0, 0, 0, 0, 0, 0, 0, 0, 0.3, 0]
2020-10-16 23:11:02 - STARTING TRAINING JOB AT 100 EPOCHS FOR FULL DATA SET
2020-10-16 23:11:05 - Starting training job at 10/16/20 11:11:05
2020-10-16 23:11:05 - Training Epoch 1
2020-10-16 23:11:05 - 
2020-10-17 01:54:58 - Training Loss
2020-10-17 01:54:58 - Total Loss: 1.093562564133036
2020-10-17 01:54:58 - 	tempo: 0.9279 vel: 1.006 dev: 1.897 articul: 1.069 pedal: 1.019 trill: 0.0 kld: 118.4 
2020-10-17 01:54:58 - 
2020-10-17 01:57:04 - Validation loss
2020-10-17 01:57:04 - Total Loss: 1.0360083354682457
2020-10-17 01:57:04 - 	tempo: 1.695 vel: 0.8741 dev: 0.4884 articul: 1.096 pedal: 1.035 trill: 0.0 kld: 27.97 
2020-10-17 01:57:04 - 
2020-10-17 01:57:04 - 
2020-10-17 01:57:04 - Training Epoch 2
2020-10-17 01:57:04 - 
2020-10-17 04:09:56 - Training Loss
2020-10-17 04:09:56 - Total Loss: 1.0975176785581866
2020-10-17 04:09:56 - 	tempo: 0.9692 vel: 1.012 dev: 1.879 articul: 1.072 pedal: 1.02 trill: 0.0 kld: 140.0 
2020-10-17 04:09:56 - 
2020-10-17 04:12:01 - Validation loss
2020-10-17 04:12:01 - Total Loss: 1.0175242155063442
2020-10-17 04:12:01 - 	tempo: 1.73 vel: 0.8653 dev: 0.4884 articul: 1.041 pedal: 1.01 trill: 0.0 kld: 74.15 
2020-10-17 04:12:01 - 
2020-10-17 04:12:01 - 
2020-10-17 04:12:01 - Training Epoch 3
2020-10-17 04:12:01 - 
2020-10-17 06:25:45 - Training Loss
2020-10-17 06:25:45 - Total Loss: 1.0704918796471867
2020-10-17 06:25:45 - 	tempo: 0.9769 vel: 1.013 dev: 1.563 articul: 1.072 pedal: 1.021 trill: 0.0 kld: 86.78 
2020-10-17 06:25:45 - 
2020-10-17 06:27:52 - Validation loss
2020-10-17 06:27:52 - Total Loss: 0.9910506453455948
2020-10-17 06:27:52 - 	tempo: 1.603 vel: 0.8621 dev: 0.4912 articul: 0.9939 pedal: 0.993 trill: 0.0 kld: 114.3 
2020-10-17 06:27:52 - 
2020-10-17 06:27:52 - 
2020-10-17 06:27:52 - Training Epoch 4
2020-10-17 06:27:52 - 
2020-10-17 08:43:12 - Training Loss
2020-10-17 08:43:12 - Total Loss: 1.085907033644016
2020-10-17 08:43:12 - 	tempo: 0.9787 vel: 1.011 dev: 1.721 articul: 1.07 pedal: 1.023 trill: 0.0 kld: 58.21 
2020-10-17 08:43:12 - 
2020-10-17 08:45:50 - Validation loss
2020-10-17 08:45:50 - Total Loss: 0.9931584262266392
2020-10-17 08:45:50 - 	tempo: 1.617 vel: 0.8627 dev: 0.4914 articul: 0.9952 pedal: 0.994 trill: 0.0 kld: 8.458 
2020-10-17 08:45:50 - 
2020-10-17 08:45:50 - 
2020-10-17 08:45:50 - Training Epoch 5
2020-10-17 08:45:50 - 
2020-10-17 11:37:19 - Training Loss
2020-10-17 11:37:19 - Total Loss: 1.1088410447756256
2020-10-17 11:37:19 - 	tempo: 0.9751 vel: 1.015 dev: 2.002 articul: 1.07 pedal: 1.019 trill: 0.0 kld: 55.45 
2020-10-17 11:37:19 - 
2020-10-17 11:39:56 - Validation loss
2020-10-17 11:39:56 - Total Loss: 1.0142553819388878
2020-10-17 11:39:56 - 	tempo: 1.666 vel: 0.8643 dev: 0.4885 articul: 1.031 pedal: 1.015 trill: 0.0 kld: 18.04 
2020-10-17 11:39:56 - 
2020-10-17 11:39:56 - 
2020-10-17 11:39:56 - Training Epoch 6
2020-10-17 11:39:56 - 
2020-10-17 14:10:08 - Training Loss
2020-10-17 14:10:08 - Total Loss: 1.0759212509536362
2020-10-17 14:10:08 - 	tempo: 0.9806 vel: 1.011 dev: 1.63 articul: 1.069 pedal: 1.019 trill: 0.0 kld: 62.21 
2020-10-17 14:10:08 - 
2020-10-17 14:12:48 - Validation loss
2020-10-17 14:12:48 - Total Loss: 1.009545607537758
2020-10-17 14:12:48 - 	tempo: 1.667 vel: 0.8626 dev: 0.4891 articul: 1.03 pedal: 1.008 trill: 0.0 kld: 71.89 
2020-10-17 14:12:48 - 
2020-10-17 14:12:48 - 
2020-10-17 14:12:48 - Training Epoch 7
2020-10-17 14:12:48 - 
